"../../../EscapeGame/Content/Blueprints/Cocogoose-Compressed-Bold-trial.uasset" 0
"../../../EscapeGame/Content/Blueprints/fontHUD.uasset" 1
"../../../EscapeGame/Content/Geometry/Meshes/CubeMaterial.uasset" 2
"../../../EscapeGame/Content/Geometry/Meshes/1M_Cube_Chamfer.uasset" 3
"../../../EscapeGame/Content/Geometry/Meshes/TemplateFloor.uasset" 4
"../../../EscapeGame/Content/StarterContent/Materials/M_Basic_Wall.uasset" 5
"../../../EscapeGame/Content/StarterContent/Architecture/Wall_400x400.uasset" 6
"../../../EscapeGame/Content/StarterContent/Architecture/Wall_500x500.uasset" 7
"../../../EscapeGame/Content/StarterContent/Architecture/Wall_Door_400x400.uasset" 8
"../../../EscapeGame/Content/StarterContent/Architecture/Wall_Window_400x400.uasset" 9
"../../../EscapeGame/Content/StarterContent/Audio/Light01_Cue.uasset" 10
"../../../EscapeGame/Content/StarterContent/Audio/Light02_Cue.uasset" 11
"../../../EscapeGame/Content/StarterContent/Audio/test/Oiseau-Merle.uasset" 12
"../../../EscapeGame/Content/StarterContent/Audio/test/Ruisseau.uasset" 13
"../../../EscapeGame/Content/StarterContent/Audio/Explosion_Cue.uasset" 14
"../../../EscapeGame/Content/StarterContent/Textures/T_Burst_M.uasset" 15
"../../../EscapeGame/Content/StarterContent/Particles/Materials/M_Burst.uasset" 16
"../../../EscapeGame/Content/StarterContent/Textures/T_Explosion_SubUV.uasset" 17
"../../../EscapeGame/Content/StarterContent/Particles/Materials/M_explosion_subUV.uasset" 18
"../../../EscapeGame/Content/StarterContent/Particles/Materials/m_flare_01.uasset" 19
"../../../Engine/Content/Functions/Engine_MaterialFunctions01/Gradient/RadialGradient.uasset" 20
"../../../EscapeGame/Content/StarterContent/Particles/Materials/M_radial_ramp.uasset" 21
"../../../EscapeGame/Content/StarterContent/Textures/T_Smoke_SubUV.uasset" 22
"../../../EscapeGame/Content/StarterContent/Textures/T_Smoke_Tiled_D.uasset" 23
"../../../EscapeGame/Content/StarterContent/Particles/Materials/M_smoke_subUV.uasset" 24
"../../../EscapeGame/Content/StarterContent/Particles/P_Explosion.uasset" 25
"../../../EscapeGame/Content/StarterContent/Blueprints/Blueprint_Effect_Explosion.uasset" 26
"../../../Engine/Content/EditorMeshes/ColorCalibrator/T_ColorGrid.uasset" 27
"../../../EscapeGame/Content/StarterContent/Materials/M_ColorGrid_LowSpec.uasset" 28
"../../../EscapeGame/Content/StarterContent/Textures/T_Chair_M.uasset" 29
"../../../EscapeGame/Content/StarterContent/Textures/T_Chair_N.uasset" 30
"../../../EscapeGame/Content/StarterContent/Props/Materials/M_Chair.uasset" 31
"../../../EscapeGame/Content/StarterContent/Props/SM_Couch.uasset" 32
"../../../EscapeGame/Content/StarterContent/Props/Materials/M_MaterialSphere.uasset" 33
"../../../EscapeGame/Content/StarterContent/Props/Materials/M_MaterialSphere_Plain.uasset" 34
"../../../EscapeGame/Content/StarterContent/Props/SM_MatPreviewMesh_02.uasset" 35
"../../../EscapeGame/Content/StarterContent/Materials/M_Basic_Floor.uasset" 36
"../../../EscapeGame/Content/StarterContent/Props/SM_Stairs.uasset" 37
"../../../EscapeGame/Content/StarterContent/Shapes/Shape_Cone.uasset" 38
"../../../EscapeGame/Content/StarterContent/Shapes/Shape_NarrowCapsule.uasset" 39
"../../../EscapeGame/Content/StarterContent/Shapes/Shape_Pipe.uasset" 40
"../../../EscapeGame/Content/StarterContent/Shapes/Shape_Pipe_180.uasset" 41
"../../../EscapeGame/Content/StarterContent/Shapes/Shape_Pipe_90.uasset" 42
"../../../EscapeGame/Content/StarterContent/Shapes/Shape_TriPyramid.uasset" 43
"../../../EscapeGame/Content/StarterContent/Shapes/Shape_Trim.uasset" 44
"../../../EscapeGame/Content/StarterContent/Shapes/Shape_Trim_90_In.uasset" 45
"../../../EscapeGame/Content/StarterContent/Shapes/Shape_Trim_90_Out.uasset" 46
"../../../EscapeGame/Content/StarterContent/Shapes/Shape_Tube.uasset" 47
"../../../EscapeGame/Content/StarterContent/Shapes/Shape_Wedge_A.uasset" 48
"../../../EscapeGame/Content/StarterContent/Shapes/Shape_Wedge_B.uasset" 49
"../../../EscapeGame/Content/StarterContent/Shapes/Shape_WideCapsule.uasset" 50
"../../../EscapeGame/Content/StarterContent/Textures/T_Wood_Floor_Walnut_M.uasset" 51
"../../../EscapeGame/Content/StarterContent/Textures/T_Wood_Floor_Walnut_M_Mat.uasset" 52
"../../../EscapeGame/Content/StarterContent/Textures/T_Fire_Tiled_D.uasset" 53
"../../../EscapeGame/Content/StarterContent/Textures/T_Fire_Tiled_Mat.uasset" 54
"../../../EscapeGame/Content/StarterContent/Textures/T_Brick_Clay_Beveled_D.uasset" 55
"../../../EscapeGame/Content/StarterContent/Textures/T_Brick_Clay_Beveled_N.uasset" 56
"../../../EscapeGame/Content/StarterContent/Textures/T_Brick_Clay_Old_N.uasset" 57
"../../../EscapeGame/Content/StarterContent/Textures/T_Brick_Clay_Beveled_Mat.uasset" 58
"../../../Engine/Content/Functions/Engine_MaterialFunctions02/Utility/BreakOutFloat2Components.uasset" 59
"../../../Engine/Content/Functions/Engine_MaterialFunctions01/Texturing/ScaleUVsByCenter.uasset" 60
"../../../Engine/Content/Functions/Engine_MaterialFunctions02/ScreenResolution.uasset" 61
"../../../Engine/Content/Functions/Engine_MaterialFunctions02/Texturing/ScreenAlignedUVs.uasset" 62
"../../../Engine/Content/Functions/Engine_MaterialFunctions02/Utility/CameraDirectionVector.uasset" 63
"../../../Engine/Content/Functions/Engine_MaterialFunctions02/Utility/DepthFromWorldPosition.uasset" 64
"../../../EscapeGame/Content/VirtualReality/Materials/MF_OccludedPixels.uasset" 65
"../../../EscapeGame/Content/VirtualReality/Materials/TeleportMCP.uasset" 66
"../../../Engine/Content/EngineMaterials/Good64x64TilingNoiseHighFreq.uasset" 67
"../../../EscapeGame/Content/VirtualReality/Materials/M_ArcEndpoint2.uasset" 68
"../../../EscapeGame/Content/VirtualReality/Materials/GenericHMDMaterial.uasset" 69
"../../../EscapeGame/Content/VirtualReality/Meshes/GenericHMD.uasset" 70
"../../../EscapeGame/Content/VirtualRealityBP/Blueprints/TextCamera.uasset" 71
"../../../EscapeGame/Content/VirtualReality/Materials/M_ArcEndpoint.uasset" 72
"../../../EscapeGame/Content/VirtualReality/Materials/M_TeleportPreviews.uasset" 73
"../../../EscapeGame/Content/VirtualReality/Materials/MI_TeleportCylinderPreview.uasset" 74
"../../../Engine/Content/Functions/Engine_MaterialFunctions01/Opacity/CameraDepthFade.uasset" 75
"../../../Engine/Content/EngineMaterials/T_Default_Material_Grid_M.uasset" 76
"../../../Engine/Content/EngineMaterials/T_Default_Material_Grid_N.uasset" 77
"../../../Engine/Content/EngineMaterials/DefaultMaterial.uasset" 78
"../../../Engine/Content/BasicShapes/Cylinder.uasset" 79
"../../../Engine/Content/EngineMaterials/WorldGridMaterial.uasset" 80
"../../../EscapeGame/Content/VirtualReality/Meshes/BeaconDirection.uasset" 81
"../../../EscapeGame/Content/VirtualReality/Meshes/SM_FatCylinder.uasset" 82
"../../../EscapeGame/Content/VirtualRealityBP/Blueprints/HMDLocomotionPawn.uasset" 83
"../../../EscapeGame/Content/VirtualRealityBP/Blueprints/Menu/Laser.uasset" 84
"../../../EscapeGame/Content/VirtualRealityBP/Blueprints/Models/oak-european_d_01.uasset" 85
"../../../EscapeGame/Content/VirtualRealityBP/Blueprints/Models/OldLantern/Old_Lantern_Model_Plane.uasset" 86
"../../../EscapeGame/Content/VirtualRealityBP/Blueprints/Models/OldLantern/Old_Lantern_Model_Sphere.uasset" 87
"../../../EscapeGame/Content/VirtualRealityBP/Blueprints/Models/statue/T_BaseColor_2K_Thai_Female_Sandstone.uasset" 88
"../../../EscapeGame/Content/VirtualRealityBP/Blueprints/Models/statue/T_BaseColor_4K_Thai_Female_Sandstone.uasset" 89
"../../../EscapeGame/Content/VirtualRealityBP/Blueprints/Models/statue/T_Normal_2K_Thai_Female_Sandstone_v2.uasset" 90
"../../../EscapeGame/Content/VirtualRealityBP/Blueprints/Models/statue/T_Normal_8K_Thai_Female_Sandstone_v2.uasset" 91
"../../../EscapeGame/Content/VirtualRealityBP/Blueprints/PickupActorInterface.uasset" 92
"../../../EscapeGame/Content/VirtualRealityBP/Blueprints/bibli/BOOKS_SPECULAR.uasset" 93
"../../../EscapeGame/Content/VirtualRealityBP/Blueprints/bibli/BOOKS_TEXTURE.uasset" 94
"../../../EscapeGame/Content/VirtualRealityBP/Blueprints/bibli/BOOKS.uasset" 95
"../../../EscapeGame/Content/VirtualRealityBP/Blueprints/bibli/BOOKS_FBX.uasset" 96
"../../../EscapeGame/Content/VirtualRealityBP/Blueprints/bibli/books2.uasset" 97
"../../../EscapeGame/Content/Bibli_content/11-tour_bouffay.uasset" 98
"../../../EscapeGame/Content/Bibli_content/fonts/Kristi.uasset" 99
"../../../EscapeGame/Content/Bibli_content/fonts/Kristi_Font.uasset" 100
"../../../EscapeGame/Content/Bibli_content/fonts/Kristi_Font1.uasset" 101
"../../../EscapeGame/Content/Bibli_content/fonts/KristiMaterial.uasset" 102
"../../../EscapeGame/Content/Bibli_content/fonts/BRUSHSCI.uasset" 103
"../../../EscapeGame/Content/Bibli_content/fonts/BRUSHSCI_Font.uasset" 104
"../../../EscapeGame/Content/Bibli_content/fonts/Kristi_Font2.uasset" 105
"../../../Engine/Content/BasicShapes/Cone.uasset" 106
"../../../Engine/Content/EditorLandscapeResources/DataLayer.uasset" 107
"../../../Engine/Content/EditorMaterials/GizmoMaterial.uasset" 108
"../../../Engine/Content/EditorMaterials/MAT_Groups_Toggle.uasset" 109
"../../../Engine/Content/EditorMaterials/MAT_Groups_Visibility.uasset" 110
"../../../Engine/Content/EditorMaterials/PreviewShadowIndicator.uasset" 111
"../../../Engine/Content/EditorMaterials/PreviewShadowIndicatorMaterial.uasset" 112
"../../../Engine/Content/EditorMaterials/AssetViewer/EpicQuadPanorama_CC+EV1.uasset" 113
"../../../Engine/Content/EditorMaterials/MatineeGroups/MAT_ColorTrack.uasset" 114
"../../../Engine/Content/EditorMaterials/MatineeGroups/MAT_Groups_Anim.uasset" 115
"../../../Engine/Content/EditorMaterials/MatineeGroups/MAT_Groups_AudioMaster.uasset" 116
"../../../Engine/Content/EditorMaterials/MatineeGroups/MAT_Groups_Director.uasset" 117
"../../../Engine/Content/EditorMaterials/MatineeGroups/MAT_Groups_Event.uasset" 118
"../../../Engine/Content/EditorMaterials/MatineeGroups/MAT_Groups_Fade.uasset" 119
"../../../Engine/Content/EditorMaterials/MatineeGroups/MAT_Groups_Float.uasset" 120
"../../../Engine/Content/EditorMaterials/MatineeGroups/MAT_Groups_Move.uasset" 121
"../../../Engine/Content/EditorMaterials/MatineeGroups/MAT_Groups_Slomo.uasset" 122
"../../../Engine/Content/EditorMaterials/MatineeGroups/MAT_Groups_Sound.uasset" 123
"../../../Engine/Content/EditorMaterials/MatineeGroups/MAT_Groups_Vector.uasset" 124
"../../../Engine/Content/EditorMaterials/ParticleSystems/PSysThumbnail_NoImage.uasset" 125
"../../../Engine/Content/EditorMaterials/ParticleSystems/PSysThumbnail_OOD.uasset" 126
"../../../Engine/Content/EditorMaterials/Camera/CineMat.uasset" 127
"../../../Engine/Content/EditorMaterials/Camera/MI_CineMat_Rig.uasset" 128
"../../../Engine/Content/EditorMeshes/Camera/SM_CraneRig_Arm.uasset" 129
"../../../Engine/Content/EditorMeshes/Camera/SM_CraneRig_Base.uasset" 130
"../../../Engine/Content/EditorMeshes/Camera/SM_CraneRig_Body.uasset" 131
"../../../Engine/Content/EditorMeshes/Camera/SM_CraneRig_Mount.uasset" 132
"../../../Engine/Content/EditorMeshes/Camera/SM_RailRig_Mount.uasset" 133
"../../../Engine/Content/EditorMeshes/Camera/SM_RailRig_Track.uasset" 134
"../../../Engine/Content/EditorResources/BSPVertex.uasset" 135
"../../../Engine/Content/EditorResources/EmptyActor.uasset" 136
"../../../Engine/Content/EditorResources/S_Actor.uasset" 137
"../../../Engine/Content/EditorResources/S_Trigger.uasset" 138
"../../../Engine/Content/EditorResources/AudioIcons/S_AudioComponent.uasset" 139
"../../../Engine/Content/EditorResources/AudioIcons/S_AudioComponent_AutoActivate.uasset" 140
"../../../Engine/Content/EditorResources/LightIcons/S_LightError.uasset" 141
"../../../Engine/Content/EditorResources/SequenceRecorder/Countdown.uasset" 142
"../../../Engine/Content/EditorResources/SequenceRecorder/RecordingIndicator.uasset" 143
"../../../Engine/Content/EditorSounds/Notifications/CompileFailed.uasset" 144
"../../../Engine/Content/EditorSounds/Notifications/CompileFailed_Cue.uasset" 145
"../../../Engine/Content/EditorSounds/Notifications/CompileSuccess.uasset" 146
"../../../Engine/Content/EditorSounds/Notifications/CompileStart_Cue.uasset" 147
"../../../Engine/Content/EditorSounds/Notifications/CompileSuccess_Cue.uasset" 148
"../../../Engine/Content/EngineDamageTypes/DmgTypeBP_Environmental.uasset" 149
"../../../Engine/Content/EngineDebugMaterials/HeatmapGradient.uasset" 150
"../../../Engine/Content/EngineDebugMaterials/BoneWeightMaterial.uasset" 151
"../../../Engine/Content/EngineDebugMaterials/ClothMaterial.uasset" 152
"../../../Engine/Content/EngineDebugMaterials/ClothMaterial_WF.uasset" 153
"../../../Engine/Content/EngineDebugMaterials/DebugEditorMaterial.uasset" 154
"../../../Engine/Content/EngineDebugMaterials/DebugMeshMaterial.uasset" 155
"../../../Engine/Content/EngineDebugMaterials/GeomMaterial.uasset" 156
"../../../Engine/Content/EngineFonts/Faces/RobotoBold.uasset" 157
"../../../Engine/Content/EngineFonts/Faces/RobotoBoldItalic.uasset" 158
"../../../Engine/Content/EngineFonts/Faces/RobotoItalic.uasset" 159
"../../../Engine/Content/EngineFonts/Faces/RobotoLight.uasset" 160
"../../../Engine/Content/EngineFonts/Faces/RobotoRegular.uasset" 161
"../../../Engine/Content/EngineFonts/Roboto.uasset" 162
"../../../Engine/Content/EngineFonts/Faces/RobotoTiny.uasset" 163
"../../../Engine/Content/EngineFonts/RobotoTiny.uasset" 164
"../../../Engine/Content/EngineMaterials/DefaultBloomKernel.uasset" 165
"../../../Engine/Content/EngineMaterials/DefaultBokeh.uasset" 166
"../../../Engine/Content/EngineMaterials/DefaultDiffuse.uasset" 167
"../../../Engine/Content/EngineMaterials/DefaultDeferredDecalMaterial.uasset" 168
"../../../Engine/Content/EngineMaterials/DefaultLightFunctionMaterial.uasset" 169
"../../../Engine/Content/EngineMaterials/DefaultPhysicalMaterial.uasset" 170
"../../../Engine/Content/EngineMaterials/DefaultPostProcessMaterial.uasset" 171
"../../../Engine/Content/EngineFonts/RobotoDistanceField.uasset" 172
"../../../Engine/Content/EngineMaterials/DefaultTextMaterialOpaque.uasset" 173
"../../../Engine/Content/EngineMaterials/DefaultWhiteGrid.uasset" 174
"../../../Engine/Content/EngineMaterials/EditorBrushMaterial.uasset" 175
"../../../Engine/Content/EngineMaterials/MiniFont.uasset" 176
"../../../Engine/Content/EngineMaterials/InvalidLightmapSettings.uasset" 177
"../../../Engine/Content/EngineMaterials/M_InvalidLightmapSettings.uasset" 178
"../../../Engine/Content/EngineMaterials/PhAT_JointLimitMaterial.uasset" 179
"../../../Engine/Content/EngineMaterials/PreintegratedSkinBRDF.uasset" 180
"../../../Engine/Content/EngineMaterials/RemoveSurfaceMaterial.uasset" 181
"../../../Engine/Content/EngineMaterials/WeightMapPlaceholderTexture.uasset" 182
"../../../Engine/Content/EngineResources/WhiteSquareTexture.uasset" 183
"../../../Engine/Content/EngineMaterials/Widget3DPassThrough.uasset" 184
"../../../Engine/Content/EngineMaterials/Widget3DPassThrough_Masked.uasset" 185
"../../../Engine/Content/EngineMaterials/Widget3DPassThrough_Opaque.uasset" 186
"../../../Engine/Content/EngineMaterials/Widget3DPassThrough_Masked_OneSided.uasset" 187
"../../../Engine/Content/EngineMaterials/Widget3DPassThrough_Opaque_OneSided.uasset" 188
"../../../Engine/Content/EngineMaterials/Widget3DPassThrough_Translucent.uasset" 189
"../../../Engine/Content/EngineMaterials/Widget3DPassThrough_Translucent_OneSided.uasset" 190
"../../../Engine/Content/EngineMeshes/Cube.uasset" 191
"../../../Engine/Content/EngineMeshes/Cylinder.uasset" 192
"../../../Engine/Content/EngineMeshes/Sphere.uasset" 193
"../../../Engine/Content/EngineResources/Black.uasset" 194
"../../../Engine/Content/EngineResources/DefaultTexture.uasset" 195
"../../../Engine/Content/EngineResources/DefaultTextureCube.uasset" 196
"../../../Engine/Content/EngineResources/GradientTexture0.uasset" 197
"../../../Engine/Content/EngineSounds/Master.uasset" 198
"../../../Engine/Content/Functions/Engine_MaterialFunctions01/Shading/ConvertFromDiffSpec.uasset" 199
"../../../Engine/Content/Functions/Engine_MaterialFunctions01/Shading/PowerToRoughness.uasset" 200
"../../../Engine/Content/Maps/Templates/Thumbnails/Default.uasset" 201
"../../../Engine/Content/Maps/Templates/Thumbnails/VR-Basic.uasset" 202
"../../../Engine/Content/MobileResources/T_MobileControls_texture.uasset" 203
"../../../Engine/Content/MobileResources/T_MobileMenu2.uasset" 204
"../../../Engine/Content/MobileResources/HUD/AnalogHat.uasset" 205
"../../../Engine/Content/MobileResources/HUD/VirtualJoystick_Background.uasset" 206
"../../../Engine/Content/MobileResources/HUD/VirtualJoystick_Thumb.uasset" 207
"../../../Engine/Content/MobileResources/HUD/DefaultVirtualJoysticks.uasset" 208
"../../../Engine/Content/MobileResources/HUD/LeftVirtualJoystickOnly.uasset" 209
"../../../Engine/Content/MobileResources/HUD/MobileHUDButton1_off.uasset" 210
"../../../Engine/Content/MobileResources/HUD/MobileHUDButton1_on.uasset" 211
"../../../Engine/Content/MobileResources/HUD/MobileHUDButton2_off.uasset" 212
"../../../Engine/Content/MobileResources/HUD/MobileHUDButton2_on.uasset" 213
"../../../Engine/Content/MobileResources/HUD/MobileHUDButton3.uasset" 214
"../../../Engine/Content/MobileResources/HUD/MobileHUDButtonFire.uasset" 215
"../../../Engine/Content/MobileResources/HUD/MobileHUDDirectionPad.uasset" 216
"../../../Engine/Content/MobileResources/HUD/MobileHUDDirectionPad2.uasset" 217
"../../../Engine/Content/MobileResources/HUD/MobileHUDDirectionPad3.uasset" 218
"../../../Engine/Content/MobileResources/HUD/MobileHUDDirectionStick.uasset" 219
"../../../Engine/Content/MobileResources/HUD/T_Castle_ThumbstickInner.uasset" 220
"../../../Engine/Content/MobileResources/HUD/T_Castle_ThumbstickOutter.uasset" 221
"../../../Engine/Content/Tutorial/ContentIntroCurve.uasset" 222
"../../../Engine/Content/Tutorial/Basics/TutorialAssets/icon_tab_Levels_40x.uasset" 223
"../../../Engine/Content/Tutorial/BlueprintTutorials/TutorialAssets/BlueprintInterface_64x.uasset" 224
"../../../Engine/Content/Tutorial/BlueprintTutorials/TutorialAssets/BlueprintMacroLibrary_64x.uasset" 225
"../../../Engine/Content/Tutorial/BlueprintTutorials/TutorialAssets/Blueprint_64x.uasset" 226
"../../../Engine/Content/Tutorial/BlueprintTutorials/TutorialAssets/Tutorial_BP_Interface.uasset" 227
"../../../Engine/Content/Tutorial/Foliage/TutorialAssets/Foliage.uasset" 228
"../../../Engine/Content/Tutorial/Landscape/TutorialAssets/Landscape.uasset" 229
"../../../Engine/Content/Tutorial/Paper2D/TutorialAssets/Paper2DFlipbook_TutorialIcon.uasset" 230
"../../../Engine/Content/Tutorial/Paper2D/TutorialAssets/Paper2DSprite_TutorialIcon.uasset" 231
"../../../Engine/Content/Tutorial/SubEditors/TutorialAssets/icon_Editor_Preferences_General_40x.uasset" 232
"../../../Engine/Content/Tutorial/SubEditors/TutorialAssets/icon_ShowSkeletalMeshes_40x.uasset" 233
"../../../Engine/Content/Tutorial/SubEditors/TutorialAssets/TutorialMaterial.uasset" 234
"../../../Engine/Content/Tutorial/SubEditors/TutorialAssets/T_SmokeSubUV_8X8.uasset" 235
"../../../Engine/Content/Tutorial/SubEditors/TutorialAssets/T_soft_smoke.uasset" 236
"../../../Engine/Content/Tutorial/SubEditors/TutorialAssets/M_smoke_subUV_blackbody.uasset" 237
"../../../Engine/Content/Tutorial/SubEditors/TutorialAssets/TutorialParticleSystem.uasset" 238
"../../../Engine/Content/EditorMeshes/EditorCube.uasset" 239
"../../../Engine/Content/Tutorial/SubEditors/TutorialAssets/Tutorial_DM.uasset" 240
"../../../Engine/Content/VREditor/Devices/Generic/GenericHMDMaterial.uasset" 241
"../../../Engine/Content/VREditor/Devices/Generic/GenericHMD.uasset" 242
"../../../Engine/Content/VREditor/FloatingText/LineMaterial.uasset" 243
"../../../Engine/Content/VREditor/FloatingText/JointSphere.uasset" 244
"../../../Engine/Content/VREditor/FloatingText/LineSegmentCylinder.uasset" 245
"../../../Engine/Content/VREditor/Fonts/VRText_RobotoLarge.uasset" 246
"../../../Engine/Content/VREditor/Fonts/VRTextMaterial.uasset" 247
"../../../Engine/Content/VREditor/Fonts/TranslucentVRTextMaterial.uasset" 248
"../../../Engine/Content/VREditor/LaserPointer/CursorPointer.uasset" 249
"../../../Engine/Content/VREditor/LaserPointer/VR_LaserPower_01.uasset" 250
"../../../Engine/Content/VREditor/TransformGizmo/TransformGizmoMaterial.uasset" 251
"../../../Engine/Content/VREditor/LaserPointer/HoverMaterial.uasset" 252
"../../../Engine/Content/VREditor/TransformGizmo/TranslucentTransformGizmoMaterial.uasset" 253
"../../../Engine/Content/VREditor/LaserPointer/TranslucentHoverMaterial.uasset" 254
"../../../Engine/Content/VREditor/LaserPointer/HoverMesh.uasset" 255
"../../../Engine/Content/VREditor/LaserPointer/LaserPointerMaterial.uasset" 256
"../../../Engine/Content/VREditor/LaserPointer/LaserPointerMaterialInst.uasset" 257
"../../../Engine/Content/VREditor/LaserPointer/TranslucentLaserPointerMaterialInst.uasset" 258
"../../../Engine/Content/VREditor/LaserPointer/LaserPointerMesh.uasset" 259
"../../../Engine/Content/VREditor/LaserPointer/LaserPointerMesh_End.uasset" 260
"../../../Engine/Content/VREditor/LaserPointer/LaserPointerMesh_Start.uasset" 261
"../../../Engine/Content/Functions/Engine_MaterialFunctions02/Utility/BreakOutFloat3Components.uasset" 262
"../../../Engine/Content/Functions/Engine_MaterialFunctions02/Math/Transform3x3Matrix.uasset" 263
"../../../Engine/Content/Functions/Engine_MaterialFunctions02/SplitComponents.uasset" 264
"../../../Engine/Content/Functions/Engine_MaterialFunctions02/Utility/MakeFloat3.uasset" 265
"../../../Engine/Content/VREditor/SnapGrid/SnapGridMaterial.uasset" 266
"../../../Engine/Content/VREditor/SnapGrid/SnapGridPlaneMesh.uasset" 267
"../../../Engine/Content/VREditor/Sounds/VR_teleport.uasset" 268
"../../../Engine/Content/VREditor/Sounds/UI/Click_on_Button_Cue.uasset" 269
"../../../Engine/Content/VREditor/Sounds/UI/Dockable_Window_Close.uasset" 270
"../../../Engine/Content/VREditor/Sounds/UI/Dockable_Window_Drop.uasset" 271
"../../../Engine/Content/VREditor/Sounds/UI/Dockable_Window_Open.uasset" 272
"../../../Engine/Content/VREditor/Sounds/UI/Dockable_Window_Pick_Up.uasset" 273
"../../../Engine/Content/VREditor/Sounds/UI/Drop_Item_From_ContentBrowser.uasset" 274
"../../../Engine/Content/VREditor/Sounds/UI/Floating_UI_Open-001.uasset" 275
"../../../Engine/Content/VREditor/Sounds/UI/Gizmo_Handle_Clicked.uasset" 276
"../../../Engine/Content/VREditor/Sounds/UI/Object_PickUp.uasset" 277
"../../../Engine/Content/VREditor/Sounds/UI/Object_Snaps_To_Another_Actor.uasset" 278
"../../../Engine/Content/VREditor/Sounds/UI/Object_Snaps_To_Grid.uasset" 279
"../../../Engine/Content/VREditor/Sounds/UI/Radial_Menu_FadeOut.uasset" 280
"../../../Engine/Content/VREditor/Sounds/UI/Scaling_Down.uasset" 281
"../../../Engine/Content/VREditor/Sounds/UI/Scaling_Up.uasset" 282
"../../../Engine/Content/VREditor/Sounds/UI/Selection_Changes.uasset" 283
"../../../Engine/Content/VREditor/Sounds/UI/Teleport_Mode_Entered.uasset" 284
"../../../Engine/Content/VREditor/Teleport/TeleportDirectionMaterial.uasset" 285
"../../../Engine/Content/VREditor/Teleport/TeleportDirectionMaterial_Inst.uasset" 286
"../../../Engine/Content/VREditor/Teleport/TeleportDirectionMesh.uasset" 287
"../../../Engine/Content/VREditor/TransformGizmo/BoundingBoxCorner.uasset" 288
"../../../Engine/Content/VREditor/TransformGizmo/BoundingBoxEdge.uasset" 289
"../../../Engine/Content/VREditor/TransformGizmo/PlaneTranslationHandle.uasset" 290
"../../../Engine/Content/VREditor/TransformGizmo/RotationHandleFull.uasset" 291
"../../../Engine/Content/VREditor/TransformGizmo/RotationHandleIndicator.uasset" 292
"../../../Engine/Content/VREditor/TransformGizmo/RotationHandleQuarter.uasset" 293
"../../../Engine/Content/VREditor/TransformGizmo/Main.uasset" 294
"../../../Engine/Content/VREditor/TransformGizmo/Xray.uasset" 295
"../../../Engine/Content/VREditor/TransformGizmo/SM_Dialog_Close.uasset" 296
"../../../Engine/Content/VREditor/TransformGizmo/SM_Dialog_Move.uasset" 297
"../../../Engine/Content/VREditor/TransformGizmo/SM_Sequencer_Key.uasset" 298
"../../../Engine/Content/VREditor/TransformGizmo/StartRotationHandleIndicator.uasset" 299
"../../../Engine/Content/VREditor/TransformGizmo/TranslucentTransformGizmoMaterial_Inst.uasset" 300
"../../../Engine/Content/VREditor/TransformGizmo/TransformGizmoFreeRotation.uasset" 301
"../../../Engine/Content/VREditor/TransformGizmo/TransformGizmoMaterial_Inst.uasset" 302
"../../../Engine/Content/VREditor/TransformGizmo/TranslateArrowHandle.uasset" 303
"../../../Engine/Content/VREditor/TransformGizmo/UniformScaleHandle.uasset" 304
"../../../Engine/Content/VREditor/UI/KeyDiskMaterial.uasset" 305
"../../../Engine/Content/VREditor/UI/DiscMaterial.uasset" 306
"../../../Engine/Content/VREditor/UI/SM_Radial_Disk.uasset" 307
"../../../Engine/Content/VREditor/WorldMovementGrid/SimpleGrid.uasset" 308
"../../../Engine/Content/VREditor/WorldMovementGrid/GridMaterial.uasset" 309
"../../../Engine/Content/Functions/Engine_MaterialFunctions01/Density/ExponentialDensity.uasset" 310
"../../../Engine/Content/VREditor/WorldMovementGrid/GridPostProcess.uasset" 311
"../../../Engine/Content/EditorLandscapeResources/FlattenHeightMat.uasset" 312
"../../../Engine/Content/VREditor/WorldMovementGrid/PlaneMesh.uasset" 313
"../../../Engine/Plugins/2D/Paper2D/Content/PlaceholderTextures/DummySpriteTexture.uasset" 314
"../../../Engine/Plugins/2D/Paper2D/Content/DummySprite.uasset" 315
"../../../Engine/Plugins/2D/Paper2D/Content/DefaultPaperTerrainMaterial.uasset" 316
"../../../Engine/Plugins/2D/Paper2D/Content/DefaultSpriteMaterial.uasset" 317
"../../../Engine/Plugins/2D/Paper2D/Content/MaskedUnlitSpriteMaterial.uasset" 318
"../../../Engine/Plugins/2D/Paper2D/Content/OpaqueUnlitSpriteMaterial.uasset" 319
"../../../Engine/Plugins/Runtime/Oculus/OculusVR/Content/Textures/GearVRController_AO.uasset" 320
"../../../Engine/Plugins/Runtime/Oculus/OculusVR/Content/Textures/GearVRController_Color.uasset" 321
"../../../Engine/Plugins/Runtime/Oculus/OculusVR/Content/Textures/GearVRController_Normal.uasset" 322
"../../../Engine/Plugins/Runtime/Oculus/OculusVR/Content/Materials/GearVRControllerMaterial.uasset" 323
"../../../Engine/Plugins/Runtime/Oculus/OculusVR/Content/Meshes/GearVrController.uasset" 324
"../../../EscapeGame/Content/StarterContent/Blueprints/Assets/FogBrightnessLUT.uasset" 325
"../../../EscapeGame/Content/StarterContent/Blueprints/Assets/SunlightColorLUT.uasset" 326
"../../../EscapeGame/Content/StarterContent/Blueprints/Assets/M_LightStage_Arrows.uasset" 327
"../../../Engine/Content/MapTemplates/Sky/DaylightAmbientCubemap.uasset" 328
"../../../EscapeGame/Content/StarterContent/Blueprints/Assets/M_LightStage_Skybox_Master.uasset" 329
"../../../EscapeGame/Content/StarterContent/Blueprints/Assets/M_LightStage_Skybox_Black.uasset" 330
"../../../EscapeGame/Content/StarterContent/Blueprints/Assets/M_LightStage_Skybox_HDRI.uasset" 331
"../../../Engine/Content/EditorMaterials/Thumbnails/SkySphereMaterial.uasset" 332
"../../../EscapeGame/Content/StarterContent/Blueprints/Assets/Skybox.uasset" 333
"../../../EscapeGame/Content/StarterContent/Blueprints/Assets/SM_Arrows.uasset" 334
"../../../EscapeGame/Content/StarterContent/HDRI/HDRI_Epic_Courtyard_Daylight.uasset" 335
"../../../EscapeGame/Content/StarterContent/Blueprints/BP_LightStudio.uasset" 336
"../../../EscapeGame/Content/StarterContent/Maps/Advanced_Lighting_BuiltData.uasset" 337
"../../../EscapeGame/Content/StarterContent/Materials/M_AssetPlatform.uasset" 338
"../../../Engine/Content/EditorMeshes/ColorCalibrator/M_ChromeBall.uasset" 339
"../../../Engine/Content/EditorMeshes/ColorCalibrator/M_ClearCoat.uasset" 340
"../../../Engine/Content/EditorMeshes/ColorCalibrator/M_ClearCoatBlack.uasset" 341
"../../../Engine/Content/EditorMeshes/ColorCalibrator/M_ColorGrid.uasset" 342
"../../../Engine/Content/EditorMeshes/ColorCalibrator/M_GreyBall.uasset" 343
"../../../Engine/Content/EditorMeshes/ColorCalibrator/SM_ColorCalibrator.uasset" 344
"../../../EscapeGame/Content/StarterContent/Architecture/SM_AssetPlatform.uasset" 345
"../../../EscapeGame/Content/StarterContent/Maps/Advanced_Lighting.umap" 346
"../../../Engine/Content/EditorBlueprintResources/StandardMacros.uasset" 347
"../../../Engine/Content/EngineSky/C_Sky_Cloud_Color.uasset" 348
"../../../Engine/Content/EngineSky/C_Sky_Horizon_Color.uasset" 349
"../../../Engine/Content/EngineSky/C_Sky_Zenith_Color.uasset" 350
"../../../Engine/Content/EngineSky/T_Sky_Blue.uasset" 351
"../../../Engine/Content/EngineSky/T_Sky_Clouds_M.uasset" 352
"../../../Engine/Content/EngineSky/T_Sky_Stars.uasset" 353
"../../../Engine/Content/EngineSky/M_Sky_Panning_Clouds2.uasset" 354
"../../../Engine/Content/EngineSky/SM_SkySphere.uasset" 355
"../../../Engine/Content/EngineSky/BP_Sky_Sphere.uasset" 356
"../../../EscapeGame/Content/StarterContent/Maps/Minimal_Default_BuiltData.uasset" 357
"../../../EscapeGame/Content/StarterContent/Textures/T_MacroVariation.uasset" 358
"../../../EscapeGame/Content/StarterContent/Materials/M_Metal_Brushed_Nickel.uasset" 359
"../../../EscapeGame/Content/StarterContent/Textures/T_Metal_Aluminum_D.uasset" 360
"../../../EscapeGame/Content/StarterContent/Textures/T_Metal_Gold_N.uasset" 361
"../../../EscapeGame/Content/StarterContent/Materials/M_Metal_Burnished_Steel.uasset" 362
"../../../EscapeGame/Content/StarterContent/Textures/T_Metal_Copper_D.uasset" 363
"../../../EscapeGame/Content/StarterContent/Materials/M_Metal_Copper.uasset" 364
"../../../EscapeGame/Content/StarterContent/Textures/T_Statue_M.uasset" 365
"../../../EscapeGame/Content/StarterContent/Textures/T_Statue_N.uasset" 366
"../../../EscapeGame/Content/StarterContent/Props/Materials/M_StatueGlass.uasset" 367
"../../../EscapeGame/Content/StarterContent/Architecture/Floor_400x400.uasset" 368
"../../../EscapeGame/Content/StarterContent/Audio/Starter_Background_Cue.uasset" 369
"../../../EscapeGame/Content/StarterContent/Props/SM_Chair.uasset" 370
"../../../EscapeGame/Content/StarterContent/Props/Materials/M_Statue.uasset" 371
"../../../EscapeGame/Content/StarterContent/Props/SM_Statue.uasset" 372
"../../../EscapeGame/Content/StarterContent/Textures/T_TableRound_M.uasset" 373
"../../../EscapeGame/Content/StarterContent/Textures/T_TableRound_N.uasset" 374
"../../../EscapeGame/Content/StarterContent/Props/Materials/M_TableRound.uasset" 375
"../../../EscapeGame/Content/StarterContent/Props/SM_TableRound.uasset" 376
"../../../EscapeGame/Content/StarterContent/Maps/Minimal_Default.umap" 377
"../../../EscapeGame/Content/StarterContent/Audio/Fire01_Cue.uasset" 378
"../../../EscapeGame/Content/StarterContent/Textures/T_Fire_SubUV.uasset" 379
"../../../EscapeGame/Content/StarterContent/Particles/Materials/M_Fire_SubUV.uasset" 380
"../../../EscapeGame/Content/StarterContent/Textures/T_Water_N.uasset" 381
"../../../EscapeGame/Content/StarterContent/Particles/Materials/M_Heat_Distortion.uasset" 382
"../../../EscapeGame/Content/StarterContent/Particles/Materials/M_Radial_Gradient.uasset" 383
"../../../EscapeGame/Content/StarterContent/Particles/P_Fire.uasset" 384
"../../../EscapeGame/Content/StarterContent/Blueprints/Blueprint_Effect_Fire.uasset" 385
"../../../EscapeGame/Content/StarterContent/Audio/Smoke01_Cue.uasset" 386
"../../../EscapeGame/Content/StarterContent/Particles/P_Smoke.uasset" 387
"../../../EscapeGame/Content/StarterContent/Blueprints/Blueprint_Effect_Smoke.uasset" 388
"../../../EscapeGame/Content/StarterContent/Audio/Fire_Sparks01_Cue.uasset" 389
"../../../EscapeGame/Content/StarterContent/Textures/T_Spark_Core.uasset" 390
"../../../EscapeGame/Content/StarterContent/Particles/Materials/M_Spark.uasset" 391
"../../../EscapeGame/Content/StarterContent/Particles/P_Sparks.uasset" 392
"../../../EscapeGame/Content/StarterContent/Blueprints/Blueprint_Effect_Sparks.uasset" 393
"../../../EscapeGame/Content/StarterContent/Audio/Steam01_Cue.uasset" 394
"../../../EscapeGame/Content/StarterContent/Particles/P_Steam_Lit.uasset" 395
"../../../EscapeGame/Content/StarterContent/Blueprints/Blueprint_Effect_Steam.uasset" 396
"../../../EscapeGame/Content/StarterContent/Textures/T_Lamp_M.uasset" 397
"../../../EscapeGame/Content/StarterContent/Textures/T_Lamp_N.uasset" 398
"../../../EscapeGame/Content/StarterContent/Props/Materials/M_Lamp.uasset" 399
"../../../EscapeGame/Content/StarterContent/Props/SM_Lamp_Ceiling.uasset" 400
"../../../EscapeGame/Content/StarterContent/Blueprints/Blueprint_CeilingLight.uasset" 401
"../../../EscapeGame/Content/StarterContent/Props/SM_Lamp_Wall.uasset" 402
"../../../EscapeGame/Content/StarterContent/Blueprints/Blueprint_WallSconce.uasset" 403
"../../../EscapeGame/Content/StarterContent/Maps/StarterMap_BuiltData.uasset" 404
"../../../Engine/Content/Functions/Engine_MaterialFunctions03/Procedurals/ComputeFilterWidth.uasset" 405
"../../../Engine/Content/EngineMaterials/AntiAliasedTextMaterialTranslucent.uasset" 406
"../../../EscapeGame/Content/StarterContent/Textures/T_Brick_Clay_Beveled_M.uasset" 407
"../../../EscapeGame/Content/StarterContent/Materials/M_Brick_Clay_Beveled.uasset" 408
"../../../EscapeGame/Content/StarterContent/Textures/T_Brick_Clay_New_D.uasset" 409
"../../../EscapeGame/Content/StarterContent/Textures/T_Brick_Clay_New_M.uasset" 410
"../../../EscapeGame/Content/StarterContent/Textures/T_Brick_Clay_New_N.uasset" 411
"../../../EscapeGame/Content/StarterContent/Textures/T_Detail_Rocky_N.uasset" 412
"../../../EscapeGame/Content/StarterContent/Materials/M_Brick_Clay_New.uasset" 413
"../../../EscapeGame/Content/StarterContent/Textures/T_Brick_Clay_Old_D.uasset" 414
"../../../EscapeGame/Content/StarterContent/Textures/T_Perlin_Noise_M.uasset" 415
"../../../EscapeGame/Content/StarterContent/Materials/M_Brick_Clay_Old.uasset" 416
"../../../EscapeGame/Content/StarterContent/Textures/T_Brick_Cut_Stone_D.uasset" 417
"../../../EscapeGame/Content/StarterContent/Textures/T_Brick_Cut_Stone_N.uasset" 418
"../../../EscapeGame/Content/StarterContent/Materials/M_Brick_Cut_Stone.uasset" 419
"../../../EscapeGame/Content/StarterContent/Textures/T_Brick_Hewn_Stone_D.uasset" 420
"../../../EscapeGame/Content/StarterContent/Textures/T_Brick_Hewn_Stone_M.uasset" 421
"../../../EscapeGame/Content/StarterContent/Textures/T_Brick_Hewn_Stone_N.uasset" 422
"../../../EscapeGame/Content/StarterContent/Materials/M_Brick_Hewn_Stone.uasset" 423
"../../../EscapeGame/Content/StarterContent/Textures/T_Ceramic_Tile_M.uasset" 424
"../../../EscapeGame/Content/StarterContent/Textures/T_Ceramic_Tile_N.uasset" 425
"../../../EscapeGame/Content/StarterContent/Textures/T_Rock_Marble_Polished_D.uasset" 426
"../../../EscapeGame/Content/StarterContent/Materials/M_Ceramic_Tile_Checker.uasset" 427
"../../../EscapeGame/Content/StarterContent/Textures/T_CobbleStone_Pebble_D.uasset" 428
"../../../EscapeGame/Content/StarterContent/Textures/T_CobbleStone_Pebble_M.uasset" 429
"../../../EscapeGame/Content/StarterContent/Textures/T_CobbleStone_Pebble_N.uasset" 430
"../../../EscapeGame/Content/StarterContent/Materials/M_CobbleStone_Pebble.uasset" 431
"../../../EscapeGame/Content/StarterContent/Textures/T_CobbleStone_Rough_D.uasset" 432
"../../../EscapeGame/Content/StarterContent/Textures/T_CobbleStone_Rough_N.uasset" 433
"../../../EscapeGame/Content/StarterContent/Textures/T_Gradinet_01.uasset" 434
"../../../EscapeGame/Content/StarterContent/Textures/T_Rock_Smooth_Granite_D.uasset" 435
"../../../EscapeGame/Content/StarterContent/Materials/M_CobbleStone_Rough.uasset" 436
"../../../EscapeGame/Content/StarterContent/Textures/T_CobbleStone_Smooth_D.uasset" 437
"../../../EscapeGame/Content/StarterContent/Textures/T_CobbleStone_Smooth_M.uasset" 438
"../../../EscapeGame/Content/StarterContent/Textures/T_CobbleStone_Smooth_N.uasset" 439
"../../../EscapeGame/Content/StarterContent/Materials/M_CobbleStone_Smooth.uasset" 440
"../../../EscapeGame/Content/StarterContent/Textures/T_Concrete_Grime_D.uasset" 441
"../../../EscapeGame/Content/StarterContent/Textures/T_Metal_Rust_N.uasset" 442
"../../../EscapeGame/Content/StarterContent/Materials/M_Concrete_Grime.uasset" 443
"../../../EscapeGame/Content/StarterContent/Textures/T_Concrete_Panels_D.uasset" 444
"../../../EscapeGame/Content/StarterContent/Textures/T_Concrete_Panels_N.uasset" 445
"../../../EscapeGame/Content/StarterContent/Materials/M_Concrete_Panels.uasset" 446
"../../../EscapeGame/Content/StarterContent/Textures/T_Concrete_Poured_D.uasset" 447
"../../../EscapeGame/Content/StarterContent/Textures/T_Concrete_Poured_N.uasset" 448
"../../../EscapeGame/Content/StarterContent/Materials/M_Concrete_Poured.uasset" 449
"../../../EscapeGame/Content/StarterContent/Textures/T_Concrete_Tiles_D.uasset" 450
"../../../EscapeGame/Content/StarterContent/Textures/T_Concrete_Tiles_M.uasset" 451
"../../../EscapeGame/Content/StarterContent/Textures/T_Concrete_Tiles_N.uasset" 452
"../../../EscapeGame/Content/StarterContent/Textures/T_Concrete_Tiles_Variation_M.uasset" 453
"../../../EscapeGame/Content/StarterContent/Materials/M_Concrete_Tiles.uasset" 454
"../../../EscapeGame/Content/StarterContent/Textures/T_Ground_Grass_D.uasset" 455
"../../../EscapeGame/Content/StarterContent/Textures/T_Ground_Grass_N.uasset" 456
"../../../EscapeGame/Content/StarterContent/Materials/M_Ground_Grass.uasset" 457
"../../../EscapeGame/Content/StarterContent/Textures/T_Ground_Gravel_D.uasset" 458
"../../../EscapeGame/Content/StarterContent/Textures/T_Ground_Gravel_N.uasset" 459
"../../../EscapeGame/Content/StarterContent/Materials/M_Ground_Gravel.uasset" 460
"../../../EscapeGame/Content/StarterContent/Textures/T_ground_Moss_D.uasset" 461
"../../../EscapeGame/Content/StarterContent/Textures/T_Ground_Moss_N.uasset" 462
"../../../EscapeGame/Content/StarterContent/Materials/M_Ground_Moss.uasset" 463
"../../../EscapeGame/Content/StarterContent/Materials/M_Metal_Chrome.uasset" 464
"../../../EscapeGame/Content/StarterContent/Textures/T_Metal_Gold_D.uasset" 465
"../../../EscapeGame/Content/StarterContent/Materials/M_Metal_Gold.uasset" 466
"../../../Engine/Content/Functions/Engine_MaterialFunctions02/Utility/BlendAngleCorrectedNormals.uasset" 467
"../../../EscapeGame/Content/StarterContent/Textures/T_Metal_Rust_D.uasset" 468
"../../../EscapeGame/Content/StarterContent/Materials/M_Metal_Rust.uasset" 469
"../../../EscapeGame/Content/StarterContent/Textures/T_Metal_Steel_D.uasset" 470
"../../../EscapeGame/Content/StarterContent/Textures/T_Metal_Steel_N.uasset" 471
"../../../EscapeGame/Content/StarterContent/Materials/M_Metal_Steel.uasset" 472
"../../../EscapeGame/Content/StarterContent/Textures/T_Rock_Basalt_D.uasset" 473
"../../../EscapeGame/Content/StarterContent/Textures/T_Rock_Basalt_N.uasset" 474
"../../../EscapeGame/Content/StarterContent/Materials/M_Rock_Basalt.uasset" 475
"../../../EscapeGame/Content/StarterContent/Materials/M_Rock_Marble_Polished.uasset" 476
"../../../EscapeGame/Content/StarterContent/Textures/T_Rock_Sandstone_D.uasset" 477
"../../../EscapeGame/Content/StarterContent/Textures/T_Rock_Sandstone_N.uasset" 478
"../../../EscapeGame/Content/StarterContent/Materials/M_Rock_Sandstone.uasset" 479
"../../../EscapeGame/Content/StarterContent/Textures/T_Rock_Slate_D.uasset" 480
"../../../EscapeGame/Content/StarterContent/Textures/T_Rock_Slate_N.uasset" 481
"../../../EscapeGame/Content/StarterContent/Materials/M_Rock_Slate.uasset" 482
"../../../EscapeGame/Content/StarterContent/Textures/T_Checker_Noise_M.uasset" 483
"../../../EscapeGame/Content/StarterContent/Textures/T_Single_Tile_N.uasset" 484
"../../../EscapeGame/Content/StarterContent/Textures/T_Tech_Dot_M.uasset" 485
"../../../EscapeGame/Content/StarterContent/Textures/T_Tech_Dot_N.uasset" 486
"../../../EscapeGame/Content/StarterContent/Materials/M_Tech_Checker_Dot.uasset" 487
"../../../EscapeGame/Content/StarterContent/Textures/T_Tech_Hex_Tile_M.uasset" 488
"../../../EscapeGame/Content/StarterContent/Textures/T_Tech_Hex_Tile_N.uasset" 489
"../../../EscapeGame/Content/StarterContent/Materials/M_Tech_Hex_Tile.uasset" 490
"../../../EscapeGame/Content/StarterContent/Materials/M_Tech_Hex_Tile_Pulse.uasset" 491
"../../../EscapeGame/Content/StarterContent/Textures/T_Tech_Panel_M.uasset" 492
"../../../EscapeGame/Content/StarterContent/Textures/T_Tech_Panel_N.uasset" 493
"../../../EscapeGame/Content/StarterContent/Materials/M_Tech_Panel.uasset" 494
"../../../EscapeGame/Content/StarterContent/Materials/M_Water_Lake.uasset" 495
"../../../EscapeGame/Content/StarterContent/Textures/T_Water_M.uasset" 496
"../../../EscapeGame/Content/StarterContent/Materials/M_Water_Ocean.uasset" 497
"../../../EscapeGame/Content/StarterContent/Textures/T_Wood_Floor_Walnut_D.uasset" 498
"../../../EscapeGame/Content/StarterContent/Textures/T_Wood_Floor_Walnut_N.uasset" 499
"../../../EscapeGame/Content/StarterContent/Materials/M_Wood_Floor_Walnut_Polished.uasset" 500
"../../../Engine/Content/Functions/Engine_MaterialFunctions01/Opacity/AlphaOffset.uasset" 501
"../../../EscapeGame/Content/StarterContent/Materials/M_Wood_Floor_Walnut_Worn.uasset" 502
"../../../EscapeGame/Content/StarterContent/Textures/T_Wood_Oak_D.uasset" 503
"../../../EscapeGame/Content/StarterContent/Textures/T_Wood_Oak_N.uasset" 504
"../../../EscapeGame/Content/StarterContent/Materials/M_Wood_Oak.uasset" 505
"../../../EscapeGame/Content/StarterContent/Textures/T_Wood_Pine_D.uasset" 506
"../../../EscapeGame/Content/StarterContent/Textures/T_Wood_Pine_N.uasset" 507
"../../../EscapeGame/Content/StarterContent/Materials/M_Wood_Pine.uasset" 508
"../../../EscapeGame/Content/StarterContent/Textures/T_Wood_Walnut_D.uasset" 509
"../../../EscapeGame/Content/StarterContent/Textures/T_Wood_Walnut_N.uasset" 510
"../../../EscapeGame/Content/StarterContent/Materials/M_Wood_Walnut.uasset" 511
"../../../EscapeGame/Content/StarterContent/Architecture/Wall_400x200.uasset" 512
"../../../EscapeGame/Content/StarterContent/Architecture/Wall_Door_400x300.uasset" 513
"../../../EscapeGame/Content/StarterContent/Architecture/Wall_Window_400x300.uasset" 514
"../../../EscapeGame/Content/StarterContent/Audio/Collapse_Cue.uasset" 515
"../../../EscapeGame/Content/StarterContent/Audio/Starter_Music01.uasset" 516
"../../../EscapeGame/Content/StarterContent/Audio/Starter_Music_Cue.uasset" 517
"../../../EscapeGame/Content/StarterContent/Textures/T_Dust_Particle_D.uasset" 518
"../../../EscapeGame/Content/StarterContent/Particles/Materials/M_Dust_Particle.uasset" 519
"../../../EscapeGame/Content/StarterContent/Particles/P_Ambient_Dust.uasset" 520
"../../../EscapeGame/Content/StarterContent/Props/MaterialSphere.uasset" 521
"../../../EscapeGame/Content/StarterContent/Textures/T_Frame_M.uasset" 522
"../../../EscapeGame/Content/StarterContent/Textures/T_Frame_N.uasset" 523
"../../../EscapeGame/Content/StarterContent/Props/Materials/M_Frame.uasset" 524
"../../../EscapeGame/Content/StarterContent/Props/SM_CornerFrame.uasset" 525
"../../../EscapeGame/Content/StarterContent/Props/SM_DoorFrame.uasset" 526
"../../../EscapeGame/Content/StarterContent/Materials/M_Glass.uasset" 527
"../../../EscapeGame/Content/StarterContent/Props/SM_GlassWindow.uasset" 528
"../../../EscapeGame/Content/StarterContent/Props/SM_PillarFrame.uasset" 529
"../../../EscapeGame/Content/StarterContent/Props/SM_PillarFrame300.uasset" 530
"../../../EscapeGame/Content/StarterContent/Props/SM_WindowFrame.uasset" 531
"../../../EscapeGame/Content/StarterContent/Shapes/Shape_Cube.uasset" 532
"../../../EscapeGame/Content/StarterContent/Shapes/Shape_QuadPyramid.uasset" 533
"../../../EscapeGame/Content/StarterContent/Shapes/Shape_Sphere.uasset" 534
"../../../EscapeGame/Content/StarterContent/Maps/StarterMap.umap" 535
"../../../EscapeGame/Content/VirtualRealityBP/Blueprints/bouncing_ball/bouncing.uasset" 536
"../../../EscapeGame/Content/VirtualRealityBP/Blueprints/bouncing_ball/Ball.uasset" 537
"../../../EscapeGame/Content/Geometry/Meshes/1M_Cube.uasset" 538
"../../../EscapeGame/Content/VirtualRealityBP/Blueprints/actor_test_box.uasset" 539
"../../../EscapeGame/Content/VirtualReality/Materials/M_BaseMaterial.uasset" 540
"../../../EscapeGame/Content/VirtualReality/Materials/MI_SmallCubes.uasset" 541
"../../../EscapeGame/Content/VirtualRealityBP/Blueprints/BP_PickupCube.uasset" 542
"../../../Engine/Content/BasicShapes/BasicShapeMaterial.uasset" 543
"../../../EscapeGame/Content/VirtualReality/Materials/MI_BaseMaterial3.uasset" 544
"../../../Engine/Content/BasicShapes/Plane.uasset" 545
"../../../EscapeGame/Content/VirtualRealityBP/Blueprints/frame/z_0020.uasset" 546
"../../../EscapeGame/Content/VirtualRealityBP/Blueprints/Models/OldLantern/Old_Lantern_Model_Circle_005.uasset" 547
"../../../EscapeGame/Content/VirtualRealityBP/Blueprints/frame/pickuframe.uasset" 548
"../../../EscapeGame/Content/Bibli_content/points_frame.uasset" 549
"../../../EscapeGame/Content/Bibli_content/materials/points_frame.uasset" 550
"../../../EscapeGame/Content/VirtualRealityBP/Blueprints/frame/hitbox/box.uasset" 551
"../../../EscapeGame/Content/VirtualRealityBP/Blueprints/Models/OldLantern/LanternFire.uasset" 552
"../../../EscapeGame/Content/VirtualRealityBP/Blueprints/Goal.uasset" 553
"../../../Engine/Content/BasicShapes/Cube.uasset" 554
"../../../EscapeGame/Content/VirtualRealityBP/Blueprints/TimerClock.uasset" 555
"../../../EscapeGame/Content/StarterContent/Textures/T_Door_M.uasset" 556
"../../../EscapeGame/Content/StarterContent/Textures/T_Door_N.uasset" 557
"../../../EscapeGame/Content/StarterContent/Props/Materials/M_Door.uasset" 558
"../../../EscapeGame/Content/StarterContent/Props/SM_Door.uasset" 559
"../../../EscapeGame/Content/VirtualRealityBP/Blueprints/Enigme/AnimatedDoor.uasset" 560
"../../../EscapeGame/Content/StarterContent/Shapes/Shape_Torus.uasset" 561
"../../../EscapeGame/Content/VirtualRealityBP/Blueprints/Enigme/receptacle.uasset" 562
"../../../EscapeGame/Content/VirtualRealityBP/Blueprints/Models/statue/sandstone_grey_Roughness.uasset" 563
"../../../EscapeGame/Content/VirtualRealityBP/Blueprints/Models/statue/T_BaseColor_8K_Thai_Female_Sandstone.uasset" 564
"../../../EscapeGame/Content/VirtualRealityBP/Blueprints/Models/statue/T_Normal_4K_Thai_Female_Sandstone_v2.uasset" 565
"../../../EscapeGame/Content/VirtualRealityBP/Blueprints/Models/statue/Thai_Female_Sandstone_v3.uasset" 566
"../../../EscapeGame/Content/VirtualRealityBP/Blueprints/Models/statue/Thai_Female_Sandstone_V2_2.uasset" 567
"../../../EscapeGame/Content/VirtualRealityBP/Blueprints/Enigme/statue.uasset" 568
"../../../EscapeGame/Content/VirtualRealityBP/Blueprints/light_trigger/Blueprint_CeilingLight.uasset" 569
"../../../EscapeGame/Content/VirtualRealityBP/Blueprints/Models/OldLantern/Old_Lantern_Model_Circle_001.uasset" 570
"../../../EscapeGame/Content/VirtualRealityBP/Blueprints/Models/OldLantern/Old_Lantern_Model_Circle_002.uasset" 571
"../../../EscapeGame/Content/VirtualRealityBP/Blueprints/Models/OldLantern/Old_Lantern_Model_Circle_003.uasset" 572
"../../../EscapeGame/Content/VirtualRealityBP/Blueprints/Models/OldLantern/Old_Lantern_Model_Circle_004.uasset" 573
"../../../EscapeGame/Content/VirtualRealityBP/Blueprints/Models/OldLantern/Old_Lantern_Model_Circle_006.uasset" 574
"../../../EscapeGame/Content/VirtualRealityBP/Blueprints/Models/OldLantern/Old_Lantern_Model_Circle_007.uasset" 575
"../../../EscapeGame/Content/VirtualRealityBP/Blueprints/Models/OldLantern/Old_Lantern_Model_Circle_008.uasset" 576
"../../../EscapeGame/Content/VirtualRealityBP/Blueprints/Models/OldLantern/Old_Lantern_Model_Circle_009.uasset" 577
"../../../EscapeGame/Content/VirtualRealityBP/Blueprints/Models/OldLantern/Old_Lantern.uasset" 578
"../../../EscapeGame/Content/VirtualRealityBP/Blueprints/Models/Linda_Coffee_Table_glass.uasset" 579
"../../../EscapeGame/Content/VirtualRealityBP/Blueprints/Models/Linda_Coffee_Table_table_leg.uasset" 580
"../../../EscapeGame/Content/VirtualRealityBP/Blueprints/Models/table.uasset" 581
"../../../EscapeGame/Content/VirtualReality/Mannequin/Character/Mesh/MannequinHand_Right_Skeleton.uasset" 582
"../../../EscapeGame/Content/VirtualReality/Mannequin/Animations/MannequinHand_Right_CanGrab.uasset" 583
"../../../EscapeGame/Content/VirtualReality/Mannequin/Animations/MannequinHand_Right_Grab.uasset" 584
"../../../EscapeGame/Content/VirtualReality/Mannequin/Animations/MannequinHand_Right_Open.uasset" 585
"../../../EscapeGame/Content/VirtualReality/Mannequin/Animations/RightGrip_BS.uasset" 586
"../../../EscapeGame/Content/VirtualRealityBP/Blueprints/GripEnum.uasset" 587
"../../../EscapeGame/Content/VirtualReality/Mannequin/Animations/RightHand_AnimBP.uasset" 588
"../../../EscapeGame/Content/VirtualRealityBP/Blueprints/MotionControllerHaptics.uasset" 589
"../../../EscapeGame/Content/VirtualReality/Materials/M_SplineArcMat.uasset" 590
"../../../EscapeGame/Content/VirtualReality/Materials/MI_ChaperoneOutline.uasset" 591
"../../../Engine/Content/BasicShapes/Sphere.uasset" 592
"../../../EscapeGame/Content/VirtualReality/Mannequin/Character/Textures/UE4_Mannequin__normals.uasset" 593
"../../../EscapeGame/Content/VirtualReality/Mannequin/Character/Textures/UE4_Mannequin_MAT_MASKA.uasset" 594
"../../../EscapeGame/Content/VirtualReality/Mannequin/Character/Materials/M_HandMat.uasset" 595
"../../../EscapeGame/Content/VirtualReality/Mannequin/Character/Mesh/MannequinHand_Right_PhysicsAsset.uasset" 596
"../../../EscapeGame/Content/VirtualReality/Mannequin/Character/Mesh/MannequinHand_Right.uasset" 597
"../../../EscapeGame/Content/VirtualReality/Meshes/1x1_cube.uasset" 598
"../../../EscapeGame/Content/VirtualReality/Meshes/BeamMesh.uasset" 599
"../../../EscapeGame/Content/VirtualRealityBP/Blueprints/BP_MotionController.uasset" 600
"../../../EscapeGame/Content/VirtualRealityBP/Blueprints/MotionControllerPawn.uasset" 601
"../../../EscapeGame/Content/Bibli_content/fonts/BRUSHSCI_Font1.uasset" 602
"../../../EscapeGame/Content/Bibli_content/fonts/Brushci_material.uasset" 603
"../../../EscapeGame/Content/VirtualRealityBP/Blueprints/Notes/blinn3.uasset" 604
"../../../EscapeGame/Content/VirtualRealityBP/Blueprints/Notes/blinn4.uasset" 605
"../../../EscapeGame/Content/VirtualRealityBP/Blueprints/Notes/paper.uasset" 606
"../../../EscapeGame/Content/VirtualRealityBP/Blueprints/Notes/lambert2.uasset" 607
"../../../EscapeGame/Content/VirtualRealityBP/Blueprints/Notes/FbxClipboard.uasset" 608
"../../../EscapeGame/Content/VirtualRealityBP/Blueprints/Notes/Note.uasset" 609
"../../../EscapeGame/Content/VirtualRealityBP/Maps/MotionControllerMap_BuiltData.uasset" 610
"../../../EscapeGame/Content/VirtualRealityBP/plan_indications.uasset" 611
"../../../EscapeGame/Content/VirtualRealityBP/map_biblio_Mat.uasset" 612
"../../../EscapeGame/Content/VirtualReality/Materials/MI_BaseMaterial2.uasset" 613
"../../../EscapeGame/Content/StarterContent/Architecture/Pillar_50x500.uasset" 614
"../../../EscapeGame/Content/StarterContent/Architecture/Wall_400x300.uasset" 615
"../../../EscapeGame/Content/VirtualRealityBP/Maps/MotionControllerMap.umap" 616
"../../../EscapeGame/Content/VirtualRealityBP/Blueprints/book/book-texture.uasset" 617
"../../../EscapeGame/Content/VirtualRealityBP/Blueprints/book/book.uasset" 618
"../../../EscapeGame/Content/VirtualRealityBP/Blueprints/book/Material__2.uasset" 619
"../../../EscapeGame/Content/VirtualRealityBP/Blueprints/book/oldbook.uasset" 620
"../../../EscapeGame/Content/VirtualRealityBP/Blueprints/book/BP_PickupCube_2.uasset" 621
"../../../EscapeGame/Content/VirtualRealityBP/Blueprints/frame_lighting/frame_lighting.uasset" 622
"../../../EscapeGame/Content/VirtualRealityBP/Blueprints/frame_lighting/Lighting.uasset" 623
"../../../EscapeGame/Content/VirtualRealityBP/Blueprints/text_test/textRenderCamera.uasset" 624
"../../../EscapeGame/Content/Bibli_content/1-chateau.uasset" 625
"../../../EscapeGame/Content/Bibli_content/materials/1-chateau_material.uasset" 626
"../../../EscapeGame/Content/Bibli_content/10-bisserie_cambronne.uasset" 627
"../../../EscapeGame/Content/Bibli_content/materials/10-bisserie_material.uasset" 628
"../../../EscapeGame/Content/Bibli_content/2-lefevre-utile.uasset" 629
"../../../EscapeGame/Content/Bibli_content/materials/2-lefevre.uasset" 630
"../../../EscapeGame/Content/Bibli_content/3-theatre_graslin.uasset" 631
"../../../EscapeGame/Content/Bibli_content/materials/3-theatre.uasset" 632
"../../../EscapeGame/Content/Bibli_content/4-jules_verne.uasset" 633
"../../../EscapeGame/Content/Bibli_content/materials/4-Jules.uasset" 634
"../../../EscapeGame/Content/Bibli_content/5-lycee_clemenceau.uasset" 635
"../../../EscapeGame/Content/Bibli_content/materials/5-lycee.uasset" 636
"../../../EscapeGame/Content/Bibli_content/6-passage_pommeraye.uasset" 637
"../../../EscapeGame/Content/Bibli_content/materials/6-pommeraye.uasset" 638
"../../../EscapeGame/Content/Bibli_content/7-pont_pirmil.uasset" 639
"../../../EscapeGame/Content/Bibli_content/materials/7-pont_primil_material.uasset" 640
"../../../EscapeGame/Content/Bibli_content/8-monselet.uasset" 641
"../../../EscapeGame/Content/Bibli_content/materials/8-monselet_material.uasset" 642
"../../../EscapeGame/Content/Bibli_content/9-erdre_place_cirque.uasset" 643
"../../../EscapeGame/Content/Bibli_content/materials/9-erdre_material.uasset" 644
"../../../Engine/Content/Functions/Engine_MaterialFunctions01/Shading/MetallicShading.uasset" 645
"../../../EscapeGame/Content/Bibli_content/materials/frame_blue.uasset" 646
"../../../EscapeGame/Content/Bibli_content/materials/frame_red.uasset" 647
"../../../EscapeGame/Content/Bibli_content/types_paints.uasset" 648
"../../../EscapeGame/Content/Bibli_content/materials/legende_paints.uasset" 649
"../../../EscapeGame/Content/StarterContent/Textures/T_Brick_Clay_Old_Mat.uasset" 650
"../../../EscapeGame/Content/StarterContent/Textures/T_Ground_Grass_Mat.uasset" 651
"../../../EscapeGame/Content/StarterContent/Textures/T_Wood_Floor_Walnut_Mat.uasset" 652
"../../../EscapeGame/Content/StarterContent/Audio/test/open_trailer_door_with_squeak.uasset" 653
"../../../EscapeGame/Content/StarterContent/Audio/test/Door.uasset" 654
"../../../EscapeGame/Content/StarterContent/Textures/T_Bush_D.uasset" 655
"../../../EscapeGame/Content/StarterContent/Textures/T_Bush_N.uasset" 656
"../../../EscapeGame/Content/StarterContent/Props/Materials/M_Bush.uasset" 657
"../../../EscapeGame/Content/StarterContent/Props/SM_Bush.uasset" 658
"../../../EscapeGame/Content/StarterContent/Textures/T_RockMesh_M.uasset" 659
"../../../EscapeGame/Content/StarterContent/Textures/T_RockMesh_N.uasset" 660
"../../../EscapeGame/Content/StarterContent/Props/Materials/M_Rock.uasset" 661
"../../../EscapeGame/Content/StarterContent/Props/SM_Rock.uasset" 662
"../../../EscapeGame/Content/VirtualRealityBP/Blueprints/bibli/SHELF_NORMAL.uasset" 663
"../../../EscapeGame/Content/VirtualRealityBP/Blueprints/bibli/SHELF_SPECULAR.uasset" 664
"../../../EscapeGame/Content/VirtualRealityBP/Blueprints/bibli/SHELF_TEXTURE.uasset" 665
"../../../EscapeGame/Content/VirtualRealityBP/Blueprints/bibli/SHELF.uasset" 666
"../../../EscapeGame/Content/VirtualRealityBP/Blueprints/bibli/SHELF_FBX.uasset" 667
"../../../EscapeGame/Content/VirtualRealityBP/Blueprints/tree/Lowpoly_tree_sample_PhysicsAsset.uasset" 668
"../../../EscapeGame/Content/VirtualRealityBP/Blueprints/tree/Lowpoly_tree_sample_Skeleton.uasset" 669
"../../../EscapeGame/Content/VirtualRealityBP/Blueprints/tree/Lowpoly_tree_sample.uasset" 670
"../../../EscapeGame/Content/VirtualRealityBP/Maps/room.umap" 671
"../../../EscapeGame/Content/VirtualReality/Materials/M_arc_Endpoint3.uasset" 672
"../../../EscapeGame/Content/StarterContent/Shapes/Shape_Cylinder.uasset" 673
"../../../EscapeGame/Content/VirtualRealityBP/Blueprints/Menu/BP_MotionController1MENU.uasset" 674
"../../../EscapeGame/Content/VirtualRealityBP/Blueprints/Menu/MotionControllerPawnMenu.uasset" 675
"../../../EscapeGame/Content/VirtualRealityBP/Blueprints/Menu/materials_buttons/4T967BqXc.uasset" 676
"../../../EscapeGame/Content/VirtualRealityBP/Blueprints/Menu/materials_buttons/Play.uasset" 677
"../../../EscapeGame/Content/VirtualRealityBP/Blueprints/Menu/materials_buttons/Play_Overlap.uasset" 678
"../../../EscapeGame/Content/StarterContent/Shapes/Shape_Plane.uasset" 679
"../../../EscapeGame/Content/VirtualRealityBP/Blueprints/Menu/ButtonPlay.uasset" 680
"../../../EscapeGame/Content/VirtualRealityBP/Blueprints/Menu/materials_buttons/th4FQ4EB2S.uasset" 681
"../../../EscapeGame/Content/VirtualRealityBP/Blueprints/Menu/materials_buttons/Quit.uasset" 682
"../../../EscapeGame/Content/VirtualRealityBP/Blueprints/Menu/materials_buttons/Quit_Overlap.uasset" 683
"../../../EscapeGame/Content/VirtualRealityBP/Blueprints/Menu/ButtonQuit.uasset" 684
"../../../EscapeGame/Content/VirtualRealityBP/Maps/Menu_BuiltData.uasset" 685
"../../../EscapeGame/Content/Bibli_content/htcvivecontroller_image.uasset" 686
"../../../EscapeGame/Content/Bibli_content/materials/Remote1.uasset" 687
"../../../EscapeGame/Content/Bibli_content/RemoteModeEmploi1.uasset" 688
"../../../EscapeGame/Content/Bibli_content/materials/remote2.uasset" 689
"../../../EscapeGame/Content/StarterContent/Textures/T_ground_Moss_Mat.uasset" 690
"../../../EscapeGame/Content/StarterContent/Textures/T_Shelf_M.uasset" 691
"../../../EscapeGame/Content/StarterContent/Textures/T_Shelf_N.uasset" 692
"../../../EscapeGame/Content/StarterContent/Props/Materials/M_Shelf.uasset" 693
"../../../EscapeGame/Content/StarterContent/Props/SM_Shelf.uasset" 694
"../../../EscapeGame/Content/VirtualRealityBP/Maps/Menu.umap" 695
"../../../Engine/Content/Maps/Entry.umap" 696
