Log file open, 06/04/18 10:32:38
LogWindows: Failed to load 'aqProf.dll' (GetLastError=126)
LogWindows: File 'aqProf.dll' does not exist
LogWindows: Failed to load 'VtuneApi.dll' (GetLastError=126)
LogWindows: File 'VtuneApi.dll' does not exist
LogWindows: Failed to load 'VtuneApi32e.dll' (GetLastError=126)
LogWindows: File 'VtuneApi32e.dll' does not exist
LogInit: Display: Running engine for game: EscapeGame
LogPlatformFile: Not using cached read wrapper
LogInit: Display: RandInit(101349100) SRandInit(101349100).
LogTaskGraph: Started task graph with 5 named threads and 14 total threads with 3 sets of task threads.
LogStats: Stats thread started at 0.215261
LogD3D11RHI: Aftermath initialized
LogPluginManager: Mounting plugin Paper2D
LogPluginManager: Mounting plugin LightPropagationVolume
LogPluginManager: Mounting plugin CodeLiteSourceCodeAccess
LogPluginManager: Mounting plugin GitSourceControl
LogPluginManager: Mounting plugin KDevelopSourceCodeAccess
LogPluginManager: Mounting plugin NullSourceCodeAccess
LogPluginManager: Mounting plugin PerforceSourceControl
LogPluginManager: Mounting plugin SubversionSourceControl
LogPluginManager: Mounting plugin UObjectPlugin
LogPluginManager: Mounting plugin VisualStudioSourceCodeAccess
LogPluginManager: Mounting plugin XCodeSourceCodeAccess
LogPluginManager: Mounting plugin AssetManagerEditor
LogPluginManager: Mounting plugin AudioCapture
LogPluginManager: Mounting plugin FacialAnimation
LogPluginManager: Mounting plugin GameplayTagsEditor
LogPluginManager: Mounting plugin MobileLauncherProfileWizard
LogPluginManager: Mounting plugin PluginBrowser
LogPluginManager: Mounting plugin SpeedTreeImporter
LogPluginManager: Mounting plugin AlembicImporter
LogPluginManager: Mounting plugin CharacterAI
LogPluginManager: Mounting plugin HTML5Networking
LogPluginManager: Mounting plugin AndroidMedia
LogPluginManager: Mounting plugin AvfMedia
LogPluginManager: Mounting plugin MediaPlayerEditor
LogPluginManager: Mounting plugin WmfMedia
LogPluginManager: Mounting plugin TcpMessaging
LogPluginManager: Mounting plugin UdpMessaging
LogPluginManager: Mounting plugin LevelSequenceEditor
LogPluginManager: Mounting plugin MatineeToLevelSequence
LogPluginManager: Mounting plugin OnlineSubsystemGooglePlay
LogPluginManager: Mounting plugin OnlineSubsystemIOS
LogPluginManager: Mounting plugin OnlineSubsystem
LogPluginManager: Mounting plugin OnlineSubsystemNull
LogPluginManager: Mounting plugin OnlineSubsystemUtils
LogPluginManager: Mounting plugin AndroidDeviceProfileSelector
LogPluginManager: Mounting plugin AndroidMoviePlayer
LogPluginManager: Mounting plugin AndroidPermission
LogPluginManager: Mounting plugin AppleMoviePlayer
LogPluginManager: Mounting plugin ArchVisCharacter
LogPluginManager: Mounting plugin CableComponent
LogPluginManager: Mounting plugin CustomMeshComponent
LogPluginManager: Mounting plugin ExampleDeviceProfileSelector
LogPluginManager: Mounting plugin GoogleCloudMessaging
LogPluginManager: Mounting plugin ImmediatePhysics
LogPluginManager: Mounting plugin IOSDeviceProfileSelector
LogPluginManager: Mounting plugin LinuxDeviceProfileSelector
LogPluginManager: Mounting plugin LocationServicesBPLibrary
LogPluginManager: Mounting plugin MobilePatchingUtils
LogPluginManager: Mounting plugin OculusVR
LogPluginManager: Mounting plugin PhysXVehicles
LogPluginManager: Mounting plugin ProceduralMeshComponent
LogPluginManager: Mounting plugin RuntimePhysXCooking
LogPluginManager: Mounting plugin SteamVR
LogPluginManager: Mounting plugin WindowsMoviePlayer
LogInit: Using libcurl 7.47.1
LogInit:  - built for x86_64-pc-win32
LogInit:  - supports SSL with OpenSSL/1.0.2g
LogInit:  - supports HTTP deflate (compression) using libz 1.2.8
LogInit:  - other features:
LogInit:      CURL_VERSION_SSL
LogInit:      CURL_VERSION_LIBZ
LogInit:      CURL_VERSION_IPV6
LogInit:      CURL_VERSION_ASYNCHDNS
LogInit:      CURL_VERSION_LARGEFILE
LogInit:      CURL_VERSION_IDN
LogInit:  CurlRequestOptions (configurable via config and command line):
LogInit:  - bVerifyPeer = false  - Libcurl will NOT verify peer certificate
LogInit:  - bUseHttpProxy = false  - Libcurl will NOT use HTTP proxy
LogInit:  - bDontReuseConnections = false  - Libcurl will reuse connections
LogInit:  - CertBundlePath = nullptr  - Libcurl will use whatever was configured at build time.
LogInit: Build: ++UE4+Release-4.17-CL-3658906
LogInit: Engine Version: 4.17.2-3658906+++UE4+Release-4.17
LogInit: Compatible Engine Version: 4.17.0-3573198+++UE4+Release-4.17
LogInit: Net CL: 3573198
LogDevObjectVersion: Number of dev versions registered: 16
LogDevObjectVersion:   Dev-Blueprints (B0D832E4-1F89-4F0D-ACCF-7EB736FD4AA2): 10
LogDevObjectVersion:   Dev-Build (E1C64328-A22C-4D53-A36C-8E866417BD8C): 0
LogDevObjectVersion:   Dev-Core (375EC13C-06E4-48FB-B500-84F0262A717E): 2
LogDevObjectVersion:   Dev-Editor (E4B068ED-F494-42E9-A231-DA0B2E46BB41): 20
LogDevObjectVersion:   Dev-Framework (CFFC743F-43B0-4480-9391-14DF171D2073): 28
LogDevObjectVersion:   Dev-Mobile (B02B49B5-BB20-44E9-A304-32B752E40360): 0
LogDevObjectVersion:   Dev-Networking (A4E4105C-59A1-49B5-A7C5-40C4547EDFEE): 0
LogDevObjectVersion:   Dev-Online (39C831C9-5AE6-47DC-9A44-9C173E1C8E7C): 0
LogDevObjectVersion:   Dev-Physics (78F01B33-EBEA-4F98-B9B4-84EACCB95AA2): 0
LogDevObjectVersion:   Dev-Platform (6631380F-2D4D-43E0-8009-CF276956A95A): 0
LogDevObjectVersion:   Dev-Rendering (12F88B9F-8875-4AFC-A67C-D90C383ABD29): 19
LogDevObjectVersion:   Dev-Sequencer (7B5AE74C-D270-4C10-A958-57980B212A5A): 4
LogDevObjectVersion:   Dev-VR (D7296918-1DD6-4BDD-9DE2-64A83CC13884): 0
LogDevObjectVersion:   Dev-LoadTimes (C2A15278-BFE7-4AFE-6C17-90FF531DF755): 1
LogDevObjectVersion:   Private-Geometry (6EACA3D4-40EC-4CC1-B786-8BED09428FC5): 1
LogDevObjectVersion:   Dev-AnimPhys (29E575DD-E0A3-4627-9D10-D276232CDCEA): 7
LogInit: Compiled (64-bit): Sep 22 2017 13:47:16
LogInit: Compiled with Visual C++: 19.00.24215.01
LogInit: Build Configuration: Development
LogInit: Branch Name: ++UE4+Release-4.17
LogInit: Command line:  
LogInit: Base directory: C:/Program Files (x86)/Epic Games/UE_4.17/Engine/Binaries/Win64/
LogInit: Installed Engine Build: 1
LogInit: Presizing for max 8388607 objects, including 0 objects not considered by GC, pre-allocating 0 bytes for permanent pool.
LogInit: Object subsystem initialized
[2018.06.04-08.32.39:582][  0]LogInit: Selected Device Profile: [Windows]
[2018.06.04-08.32.39:582][  0]LogInit: Applying CVar settings loaded from the selected device profile: [Windows]
[2018.06.04-08.32.39:608][  0]LogInit: Computer: DESKTOP-9FALVM1
[2018.06.04-08.32.39:608][  0]LogInit: User: 40U000PABBLBND0K5G
[2018.06.04-08.32.39:608][  0]LogInit: CPU Page size=4096, Cores=4
[2018.06.04-08.32.39:608][  0]LogInit: High frequency timer resolution =3.914059 MHz
[2018.06.04-08.32.39:609][  0]LogMemory: Memory total: Physical=15.9GB (16GB approx)
[2018.06.04-08.32.39:609][  0]LogMemory: Platform Memory Stats for Windows
[2018.06.04-08.32.39:609][  0]LogMemory: Process Physical Memory: 278.75 MB used, 278.75 MB peak
[2018.06.04-08.32.39:609][  0]LogMemory: Process Virtual Memory: 274.48 MB used, 274.48 MB peak
[2018.06.04-08.32.39:609][  0]LogMemory: Physical Memory: 3338.16 MB used,  12966.15 MB free, 16304.32 MB total
[2018.06.04-08.32.39:609][  0]LogMemory: Virtual Memory: 702.84 MB used,  12966.15 MB free, 134217728.00 MB total
[2018.06.04-08.32.40:004][  0]LogInit: Using OS detected language (fr-FR).
[2018.06.04-08.32.40:004][  0]LogInit: Using OS detected locale (fr-FR).
[2018.06.04-08.32.40:041][  0]LogTextLocalizationManager: No localization for 'fr-FR' exists, so 'en' will be used for the language.
[2018.06.04-08.32.40:041][  0]LogTextLocalizationManager: No localization for 'fr-FR' exists, so 'en' will be used for the locale.
[2018.06.04-08.32.42:346][  0]LogD3D11RHI: D3D11 adapters:
[2018.06.04-08.32.42:376][  0]LogD3D11RHI:    0. 'NVIDIA GeForce GTX 1070' (Feature Level 11_0)
[2018.06.04-08.32.42:376][  0]LogD3D11RHI:       8096/0/8152 MB DedicatedVideo/DedicatedSystem/SharedSystem, Outputs:1, VendorId:0x10de
[2018.06.04-08.32.42:378][  0]LogD3D11RHI:    1. 'Microsoft Basic Render Driver' (Feature Level 11_0)
[2018.06.04-08.32.42:378][  0]LogD3D11RHI:       0/0/8152 MB DedicatedVideo/DedicatedSystem/SharedSystem, Outputs:0, VendorId:0x1414
[2018.06.04-08.32.42:378][  0]LogD3D11RHI: Chosen D3D11 Adapter: 0
[2018.06.04-08.32.42:384][  0]LogD3D11RHI: Creating new Direct3DDevice
[2018.06.04-08.32.42:384][  0]LogD3D11RHI:     GPU DeviceId: 0x1b81 (for the marketing name, search the web for "GPU Device Id")
[2018.06.04-08.32.42:384][  0]LogWindows: EnumDisplayDevices:
[2018.06.04-08.32.42:385][  0]LogWindows:    0. 'NVIDIA GeForce GTX 1070' (P:1 D:1)
[2018.06.04-08.32.42:385][  0]LogWindows:    1. 'NVIDIA GeForce GTX 1070' (P:0 D:0)
[2018.06.04-08.32.42:385][  0]LogWindows:    2. 'NVIDIA GeForce GTX 1070' (P:0 D:0)
[2018.06.04-08.32.42:385][  0]LogWindows:    3. 'NVIDIA GeForce GTX 1070' (P:0 D:0)
[2018.06.04-08.32.42:385][  0]LogWindows: DebugString: GetVideoDriverDetailsInvalid PrimaryIsNotTheChoosenAdapter GetVideoDriverDetailsInvalid PrimaryIsNotTheChoosenAdapter GetVideoDriverDetailsInvalid PrimaryIsNotTheChoosenAdapter GetVideoDriverDetailsInvalid PrimaryIsNotTheChoosenAdapter FoundDriverCount:0 
[2018.06.04-08.32.42:385][  0]LogD3D11RHI:     Adapter Name: NVIDIA GeForce GTX 1070
[2018.06.04-08.32.42:385][  0]LogD3D11RHI:   Driver Version: Unknown (internal:Unknown, unified:Unknown)
[2018.06.04-08.32.42:385][  0]LogD3D11RHI:      Driver Date: Unknown
[2018.06.04-08.32.42:385][  0]LogRHI: Texture pool is 1361 MB (70% of 1945 MB)
[2018.06.04-08.32.42:404][  0]LogD3D11RHI: Async texture creation enabled
[2018.06.04-08.32.42:448][  0]LogD3D11RHI: GPU Timing Frequency: 1000.000000 (Debug: 2 1)
[2018.06.04-08.32.42:508][  0]LogShaderCompilers: Guid format shader working directory is 9 characters bigger than the processId version (E:/Unreal Projects/Bibli_VR/EscapeGameVR/EscapeGame/Intermediate/Shaders/WorkingDirectory/11816/).
[2018.06.04-08.32.42:509][  0]LogShaderCompilers: Cleaned the shader compiler working directory 'C:/Users/$40U000-PABBLBND0K5G/AppData/Local/Temp/UnrealShaderWorkingDir/48001FD8437E005FC10E0EB540937FC5/'.
[2018.06.04-08.32.42:510][  0]LogShaderCompilers: Display: Using Local Shader Compiler.
[2018.06.04-08.32.44:124][  0]LogTemp: Display: Loaded TP AllDesktopTargetPlatform
[2018.06.04-08.32.44:166][  0]LogTemp: Display: Loaded TP MacClientTargetPlatform
[2018.06.04-08.32.44:208][  0]LogTemp: Display: Loaded TP MacNoEditorTargetPlatform
[2018.06.04-08.32.44:249][  0]LogTemp: Display: Loaded TP MacServerTargetPlatform
[2018.06.04-08.32.44:293][  0]LogTemp: Display: Loaded TP MacTargetPlatform
[2018.06.04-08.32.44:336][  0]LogTemp: Display: Loaded TP WindowsClientTargetPlatform
[2018.06.04-08.32.44:378][  0]LogTemp: Display: Loaded TP WindowsNoEditorTargetPlatform
[2018.06.04-08.32.44:419][  0]LogTemp: Display: Loaded TP WindowsServerTargetPlatform
[2018.06.04-08.32.44:456][  0]LogTemp: Display: Loaded TP WindowsTargetPlatform
[2018.06.04-08.32.44:498][  0]LogTemp: Display: Loaded TP AndroidTargetPlatform
[2018.06.04-08.32.44:540][  0]LogTemp: Display: Loaded TP Android_ASTCTargetPlatform
[2018.06.04-08.32.44:582][  0]LogTemp: Display: Loaded TP Android_ATCTargetPlatform
[2018.06.04-08.32.44:623][  0]LogTemp: Display: Loaded TP Android_DXTTargetPlatform
[2018.06.04-08.32.44:664][  0]LogTemp: Display: Loaded TP Android_ETC1TargetPlatform
[2018.06.04-08.32.44:705][  0]LogTemp: Display: Loaded TP Android_ETC2TargetPlatform
[2018.06.04-08.32.44:788][  0]LogTemp: Display: Loaded TP Android_MultiTargetPlatform
[2018.06.04-08.32.44:788][  0]LogTemp: Display: Loaded TP Android_PVRTCTargetPlatform
[2018.06.04-08.32.44:821][  0]LogTemp: Display: Loaded TP HTML5TargetPlatform
[2018.06.04-08.32.44:908][  0]LogTemp: Display: Loaded TP IOSTargetPlatform
[2018.06.04-08.32.44:932][  0]LogTemp: Display: Loaded TP TVOSTargetPlatform
[2018.06.04-08.32.44:972][  0]LogTemp: Display: Loaded TP LinuxClientTargetPlatform
[2018.06.04-08.32.45:013][  0]LogTemp: Display: Loaded TP LinuxNoEditorTargetPlatform
[2018.06.04-08.32.45:054][  0]LogTemp: Display: Loaded TP LinuxServerTargetPlatform
[2018.06.04-08.32.45:104][  0]LogTemp: Display: Loaded TP LinuxTargetPlatform
[2018.06.04-08.32.45:104][  0]LogTargetPlatformManager: Display: Building Assets For Windows
[2018.06.04-08.32.45:603][  0]LogDerivedDataCache: Display: Max Cache Size: 512 MB
[2018.06.04-08.32.46:002][  0]LogDerivedDataCache: Loaded boot cache 0.40s 93MB C:/Users/$40U000-PABBLBND0K5G/AppData/Local/UnrealEngine/4.17/DerivedDataCache/Boot.ddc.
[2018.06.04-08.32.46:002][  0]LogDerivedDataCache: Display: Loaded Boot cache: C:/Users/$40U000-PABBLBND0K5G/AppData/Local/UnrealEngine/4.17/DerivedDataCache/Boot.ddc
[2018.06.04-08.32.46:002][  0]LogDerivedDataCache: FDerivedDataBackendGraph:  Pak pak cache file E:/Unreal Projects/Bibli_VR/EscapeGameVR/EscapeGame/DerivedDataCache/DDC.ddp not found, will not use a pak cache.
[2018.06.04-08.32.46:002][  0]LogDerivedDataCache: Unable to find inner node Pak for hierarchical cache Hierarchy.
[2018.06.04-08.32.46:002][  0]LogDerivedDataCache: FDerivedDataBackendGraph:  CompressedPak pak cache file E:/Unreal Projects/Bibli_VR/EscapeGameVR/EscapeGame/DerivedDataCache/Compressed.ddp not found, will not use a pak cache.
[2018.06.04-08.32.46:002][  0]LogDerivedDataCache: Unable to find inner node CompressedPak for hierarchical cache Hierarchy.
[2018.06.04-08.32.46:028][  0]LogDerivedDataCache: Display: Pak cache opened for reading ../../../Engine/DerivedDataCache/Compressed.ddp.
[2018.06.04-08.32.46:040][  0]LogDerivedDataCache: Using Local data cache path C:/Users/$40U000-PABBLBND0K5G/AppData/Local/UnrealEngine/Common/DerivedDataCache: Writable
[2018.06.04-08.32.46:053][  0]LogMaterial: Verifying Global Shaders for PCD3D_SM5
[2018.06.04-08.32.46:064][  0]LogSlate: Using Freetype 2.6.0
[2018.06.04-08.32.46:074][  0]LogSlate: SlateFontCache - WITH_FREETYPE: 1, WITH_HARFBUZZ: 1
[2018.06.04-08.32.46:075][  0]LogSlate: SlateFontCache - WITH_FREETYPE: 1, WITH_HARFBUZZ: 1
[2018.06.04-08.32.47:129][  0]LogAssetRegistry: FAssetRegistry took 0.0315 seconds to start up
[2018.06.04-08.32.47:275][  0]LogInit: Selected Device Profile: [Windows]
[2018.06.04-08.32.47:727][  0]LogContentStreaming: Texture pool size is 0.00 MB
[2018.06.04-08.32.48:081][  0]LogSimplygon: Simplygon DLL not present - disabling.
[2018.06.04-08.32.48:120][  0]LogMeshReduction: Using SimplygonSwarm for distributed automatic mesh merging
[2018.06.04-08.32.48:121][  0]LogMeshReduction: Using QuadricMeshReduction for automatic static mesh reduction
[2018.06.04-08.32.48:121][  0]LogMeshReduction: No automatic skeletal mesh reduction module available
[2018.06.04-08.32.48:121][  0]LogMeshReduction: No automatic mesh merging module available
[2018.06.04-08.32.48:121][  0]LogMeshMerging: No automatic mesh merging module available
[2018.06.04-08.32.48:978][  0]LogNetVersion: EscapeGame , NetCL: 3573198, EngineNetVer: 2, GameNetVer: 0 (Checksum: 66696808)
[2018.06.04-08.32.49:460][  0]LogPackageLocalizationCache: Processed 5 localized package path(s) for 1 prioritized culture(s) in 0.023460 seconds
[2018.06.04-08.32.49:466][  0]LogUObjectArray: 35825 objects as part of root set at end of initial load.
[2018.06.04-08.32.49:466][  0]LogUObjectAllocator: 7529112 out of 0 bytes used by permanent object pool.
[2018.06.04-08.32.49:466][  0]LogUObjectArray: CloseDisregardForGC: 0/0 objects in disregard for GC pool
[2018.06.04-08.32.49:516][  0]LogInit: WinSock: version 1.1 (2.2), MaxSocks=32767, MaxUdp=65467
[2018.06.04-08.32.54:398][  0]LogTcpMessaging: Initializing TcpMessaging bridge
[2018.06.04-08.32.54:433][  0]LogUdpMessaging: Initializing bridge on interface 0.0.0.0:0 to multicast group 230.0.0.1:6666.
[2018.06.04-08.32.55:161][  0]LogMaterial: Uniform references updated for custom material expression Custom.
[2018.06.04-08.32.55:610][  0]SourceControl: Source control is disabled
[2018.06.04-08.32.55:610][  0]SourceControl: Source control is disabled
[2018.06.04-08.32.55:660][  0]SourceControl: Source control is disabled
[2018.06.04-08.32.55:703][  0]SourceControl: Source control is disabled
[2018.06.04-08.32.56:271][  0]LogAndroidPermission: UAndroidPermissionCallbackProxy::GetInstance
[2018.06.04-08.32.56:472][  0]LogOcInput: OculusInput pre-init called
[2018.06.04-08.32.56:740][  0]LogEngine: Initializing Engine...
[2018.06.04-08.32.58:731][  0]LogHMD: SteamVR initialized.  Driver: lighthouse  Display: LHR-ED43580E
[2018.06.04-08.32.59:142][  0]LogStats: UGameplayTagsManager::ConstructGameplayTagTree: Construct from data asset -  0.000 s
[2018.06.04-08.32.59:143][  0]LogStats: UGameplayTagsManager::ConstructGameplayTagTree: GameplayTagTreeChangedEvent.Broadcast -  0.000 s
[2018.06.04-08.32.59:292][  0]LogAIModule: Creating AISystem for world Untitled
[2018.06.04-08.32.59:318][  0]LogInit: XAudio2 using 'Haut-parleurs (3- USB Audio Device)' : 2 channels at 48 kHz using 16 bits per sample (channel mask 0x3)
[2018.06.04-08.32.59:344][  0]LogInit: FAudioDevice initialized.
[2018.06.04-08.32.59:420][  0]LogDerivedDataCache: Saved boot cache 0.08s 93MB C:/Users/$40U000-PABBLBND0K5G/AppData/Local/UnrealEngine/4.17/DerivedDataCache/Boot.ddc.
[2018.06.04-08.32.59:437][  0]LogInit: Texture streaming: Enabled
[2018.06.04-08.32.59:545][  0]LogEngineSessionManager: EngineSessionManager initialized
[2018.06.04-08.32.59:793][  0]LogInit: Transaction tracking system initialized
[2018.06.04-08.33.00:095][  0]BlueprintLog: New page: Editor Load
[2018.06.04-08.33.01:011][  0]LocalizationService: Localization service is disabled
[2018.06.04-08.33.01:707][  0]LogConsoleResponse: Display: 
[2018.06.04-08.33.02:197][  0]LogCook: Display: Max memory allowance for cook 16384mb min free memory 0mb
[2018.06.04-08.33.02:197][  0]LogCook: Display: Mobile HDR setting 1
[2018.06.04-08.33.02:199][  0]LogFileCache: Scanning file cache for directory 'E:/Unreal Projects/Bibli_VR/EscapeGameVR/EscapeGame/Content/' took 0.02s
[2018.06.04-08.33.02:199][  0]LogGameplayTags: Display: UGameplayTagsManager::DoneAddingNativeTags. DelegateIsBound: 0
[2018.06.04-08.33.03:254][  0]SourceControl: Source control is disabled
[2018.06.04-08.33.03:257][  0]Cmd: MAP LOAD FILE="E:/Unreal Projects/Bibli_VR/EscapeGameVR/EscapeGame/Content/VirtualRealityBP/Maps/StartupMap.umap" TEMPLATE=0 SHOWPROGRESS=1 FEATURELEVEL=3
[2018.06.04-08.33.03:257][  0]LogEditorServer: Warning: Can't find file 'E:/Unreal Projects/Bibli_VR/EscapeGameVR/EscapeGame/Content/VirtualRealityBP/Maps/StartupMap.umap'
[2018.06.04-08.33.03:258][  0]Cmd: MAP CHECKDEP NOCLEARLOG
[2018.06.04-08.33.03:294][  0]MapCheck: Map check complete: 0 Error(s), 0 Warning(s), took 35.708ms to complete.
[2018.06.04-08.33.03:294][  0]LogFileHelpers: Loading map 'StartupMap' took 0.038
[2018.06.04-08.33.03:526][  0]LogCollectionManager: Loaded 0 collections in 0.004265 seconds
[2018.06.04-08.33.03:625][  0]LogFileCache: Scanning file cache for directory 'E:/Unreal Projects/Bibli_VR/EscapeGameVR/EscapeGame/Saved/Collections/' took 0.01s
[2018.06.04-08.33.03:625][  0]LogFileCache: Scanning file cache for directory 'E:/Unreal Projects/Bibli_VR/EscapeGameVR/EscapeGame/Content/Developers/40U000PABBLBND0K5G/Collections/' took 0.01s
[2018.06.04-08.33.03:625][  0]LogFileCache: Scanning file cache for directory 'E:/Unreal Projects/Bibli_VR/EscapeGameVR/EscapeGame/Content/Collections/' took 0.01s
[2018.06.04-08.33.03:625][  0]LogCollectionManager: Rebuilt the GUID cache for 0 collections in 0.000000 seconds
[2018.06.04-08.33.03:634][  0]LogContentBrowser: Native class hierarchy populated in 0.0073 seconds. Added 2386 classes and 500 folders.
[2018.06.04-08.33.03:692][  0]LogContentBrowser: Native class hierarchy updated for 'WidgetCarousel' in 0.0009 seconds. Added 0 classes and 0 folders.
[2018.06.04-08.33.04:060][  0]LogContentBrowser: Native class hierarchy updated for 'AddContentDialog' in 0.0006 seconds. Added 0 classes and 0 folders.
[2018.06.04-08.33.04:111][  0]LogContentBrowser: Native class hierarchy updated for 'SceneOutliner' in 0.0006 seconds. Added 1 classes and 2 folders.
[2018.06.04-08.33.04:284][  0]LogSlate: Took 0.005461 seconds to synchronously load lazily loaded font '../../../Engine/Content/Slate/Fonts/Roboto-Regular.ttf' (155K)
[2018.06.04-08.33.04:292][  0]LogSlate: Took 0.005287 seconds to synchronously load lazily loaded font '../../../Engine/Content/Slate/Fonts/Roboto-Bold.ttf' (160K)
[2018.06.04-08.33.04:302][  0]LogSlate: Took 0.004303 seconds to synchronously load lazily loaded font '../../../Engine/Content/Editor/Slate/Fonts/FontAwesome.ttf' (139K)
[2018.06.04-08.33.04:447][  0]LogRenderer: Reallocating scene render targets to support 940x576 Format 26 NumSamples 1 (Frame:1).
[2018.06.04-08.33.04:600][  0]LogContentBrowser: Native class hierarchy updated for 'HierarchicalLODOutliner' in 0.0006 seconds. Added 1 classes and 2 folders.
[2018.06.04-08.33.04:600][  0]LogLoad: (Engine Initialization) Total time: 27.28 seconds
[2018.06.04-08.33.04:601][  0]LogLoad: (Engine Initialization) Total Blueprint compile time: 0.00 seconds
[2018.06.04-08.33.04:601][  0]LogExternalProfiler: Found external profiler: VSPerf
[2018.06.04-08.33.04:601][  0]LogExternalProfiler: Using external profiler: VSPerf
[2018.06.04-08.33.04:959][  0]LogAssetRegistry: Asset discovery search completed in 17.8537 seconds
[2018.06.04-08.33.04:961][  0]LogCollectionManager: Rebuilt the object cache for 0 collections in 0.000000 seconds (found 0 objects)
[2018.06.04-08.33.04:961][  0]LogCollectionManager: Fixed up redirectors for 0 collections in 0.000052 seconds (updated 0 objects)
[2018.06.04-08.33.04:967][  0]LogContentStreaming: Texture pool size now 1000 MB
[2018.06.04-08.33.05:013][  0]LogSlate: Took 0.005271 seconds to synchronously load lazily loaded font '../../../Engine/Content/Slate/Fonts/Roboto-Light.ttf' (159K)
[2018.06.04-08.33.18:033][438]LogSlate: Took 0.000124 seconds to synchronously load lazily loaded font '../../../Engine/Content/Slate/Fonts/Roboto-Light.ttf' (159K)
[2018.06.04-08.33.19:100][438]LogAIModule: Creating AISystem for world MotionControllerMap
[2018.06.04-08.33.19:136][438]Cmd: MAP LOAD FILE="E:/Unreal Projects/Bibli_VR/EscapeGameVR/EscapeGame/Content/VirtualRealityBP/Maps/MotionControllerMap.umap" TEMPLATE=0 SHOWPROGRESS=1 FEATURELEVEL=3
[2018.06.04-08.33.19:136][438]LightingResults: New page: Lighting Build
[2018.06.04-08.33.19:171][438]LogContentBrowser: Native class hierarchy updated for 'StatsViewer' in 0.0005 seconds. Added 5 classes and 0 folders.
[2018.06.04-08.33.19:173][438]LoadErrors: New page: Loading map: MotionControllerMap.umap
[2018.06.04-08.33.19:174][438]MapCheck: New page: Map Check
[2018.06.04-08.33.19:174][438]LightingResults: New page: Lighting Build
[2018.06.04-08.33.19:243][438]LogEditorServer: Finished looking for orphan Actors (0.000 secs)
[2018.06.04-08.33.19:274][438]Cmd: MAP CHECKDEP NOCLEARLOG
[2018.06.04-08.33.19:318][438]MapCheck: Map check complete: 0 Error(s), 0 Warning(s), took 43.542ms to complete.
[2018.06.04-08.33.19:318][438]LogFileHelpers: Loading map 'MotionControllerMap' took 0.183
[2018.06.04-08.34.04:641][871]LogHttp: Warning: 000001A8F7418100: request failed, libcurl error: 6 (Couldn't resolve host name)
[2018.06.04-08.34.04:641][871]LogHttp: Warning: 000001A8F7418100: libcurl info message cache 0 (Could not resolve host: datarouter.ol.epicgames.com)
[2018.06.04-08.34.04:641][871]LogHttp: Warning: 000001A8F7418100: libcurl info message cache 1 (Closing connection 0)
[2018.06.04-08.45.02:237][161]LogFactory: FactoryCreateFile: StaticMesh with FbxFactory (0 0 ../../../../../../Users/$40U000-PABBLBND0K5G/Downloads/Linda Coffee Table.FBX)
[2018.06.04-08.45.02:274][161]LogFbx: ItemName: GlobalSettings, ItemCount : 1
[2018.06.04-08.45.02:274][161]LogFbx: ItemName: AnimationStack, ItemCount : 1
[2018.06.04-08.45.02:274][161]LogFbx: ItemName: AnimationLayer, ItemCount : 1
[2018.06.04-08.45.02:274][161]LogFbx: ItemName: Model, ItemCount : 3
[2018.06.04-08.45.02:274][161]LogFbx: ItemName: NodeAttribute, ItemCount : 1
[2018.06.04-08.45.02:274][161]LogFbx: ItemName: Geometry, ItemCount : 2
[2018.06.04-08.45.02:274][161]LogFbx: ItemName: Material, ItemCount : 4
[2018.06.04-08.45.02:274][161]LogFbx: ItemName: Texture, ItemCount : 7
[2018.06.04-08.45.02:274][161]LogFbx: ItemName: Video, ItemCount : 4
[2018.06.04-08.45.02:283][161]LogFbx: Loading FBX Scene from ../../../../../../Users/$40U000-PABBLBND0K5G/Downloads/Linda Coffee Table.FBX
[2018.06.04-08.45.02:317][161]LogFbx: FBX Scene Loaded Succesfully
[2018.06.04-08.45.06:758][161]LogFbx: Loading FBX Scene from ../../../../../../Users/$40U000-PABBLBND0K5G/Downloads/Linda Coffee Table.FBX
[2018.06.04-08.45.06:785][161]LogFbx: FBX Scene Loaded Succesfully
[2018.06.04-08.45.06:791][161]LogLinker: Can't find file '/Game/VirtualRealityBP/Blueprints/Wood_leg'
[2018.06.04-08.45.06:791][161]LogLinker: Can't find file '/Game/VirtualRealityBP/Blueprints/Wood_leg'
[2018.06.04-08.45.06:800][161]LogMaterial: Missing cached shader map for material Wood_leg, compiling. 
[2018.06.04-08.45.06:828][161]LogLinker: Can't find file '/Game/VirtualRealityBP/Blueprints/plast_clear'
[2018.06.04-08.45.06:828][161]LogLinker: Can't find file '/Game/VirtualRealityBP/Blueprints/plast_clear'
[2018.06.04-08.45.06:832][161]LogMaterial: Missing cached shader map for material plast_clear, compiling. 
[2018.06.04-08.45.06:844][161]LogLinker: Can't find file '/Game/VirtualRealityBP/Blueprints/Alu'
[2018.06.04-08.45.06:844][161]LogLinker: Can't find file '/Game/VirtualRealityBP/Blueprints/Alu'
[2018.06.04-08.45.06:848][161]LogMaterial: Missing cached shader map for material Alu, compiling. 
[2018.06.04-08.45.06:861][161]LogLinker: Can't find file '/Game/VirtualRealityBP/Blueprints/Glass'
[2018.06.04-08.45.06:861][161]LogLinker: Can't find file '/Game/VirtualRealityBP/Blueprints/Glass'
[2018.06.04-08.45.06:865][161]LogMaterial: Missing cached shader map for material Glass, compiling. 
[2018.06.04-08.45.06:934][161]LogStaticMesh: Building static mesh Linda_Coffee_Table_glass...
[2018.06.04-08.45.07:174][161]LogStaticMesh: Built static mesh [0.24s] /Game/VirtualRealityBP/Blueprints/Linda_Coffee_Table_glass.Linda_Coffee_Table_glass
[2018.06.04-08.45.07:240][161]LogStaticMesh: Warning: Linda_Coffee_Table_glass has degenerate tangent bases which will result in incorrect shading.  MikkTSpace relies on tangent bases and may result in mesh corruption, consider disabling this option.
[2018.06.04-08.45.07:265][161]LogStaticMesh: Building static mesh Linda_Coffee_Table_table_leg...
[2018.06.04-08.45.07:394][161]LogStaticMesh: Built static mesh [0.13s] /Game/VirtualRealityBP/Blueprints/Linda_Coffee_Table_table_leg.Linda_Coffee_Table_table_leg
[2018.06.04-08.45.07:432][161]LogSlate: Took 0.000144 seconds to synchronously load lazily loaded font '../../../Engine/Content/Slate/Fonts/Roboto-Regular.ttf' (155K)
[2018.06.04-08.45.07:434][161]FBXImport: Warning: No smoothing group information was found in this FBX scene.  Please make sure to enable the 'Export Smoothing Groups' option in the FBX Exporter plug-in before exporting the file.  Even for tools that don't support smoothing groups, the FBX Exporter will generate appropriate smoothing data at export-time so that correct vertex normals can be inferred while importing. 
[2018.06.04-08.45.07:434][161]FBXImport: Warning: Linda_Coffee_Table_glass has degenerate tangent bases which will result in incorrect shading.  MikkTSpace relies on tangent bases and may result in mesh corruption, consider disabling this option. 
[2018.06.04-08.45.13:605][838]LogActorFactory: Actor Factory created Linda_Coffee_Table_glass
[2018.06.04-08.45.17:533][309]LogActorFactory: Actor Factory created Linda_Coffee_Table_glass
[2018.06.04-08.45.18:529][428]LogActorFactory: Actor Factory created Linda_Coffee_Table_glass
[2018.06.04-08.45.26:075][321]LogEditorViewport: Clicking on Actor (LMB): StaticMeshActor (Linda_Coffee_Table_glass)
[2018.06.04-08.45.27:059][438]Cmd: DELETE
[2018.06.04-08.45.27:059][438]Cmd: ACTOR DELETE
[2018.06.04-08.45.27:062][438]LogEditorActor: Deleted Actor: StaticMeshActor
[2018.06.04-08.45.27:070][438]LogEditorActor: Deleted 1 Actors (0.009 secs)
[2018.06.04-08.45.36:837][414]LogContentBrowser: Native class hierarchy updated for 'BlueprintGraph' in 0.0008 seconds. Added 113 classes and 0 folders.
[2018.06.04-08.45.37:578][414]LogRenderer: Reallocating scene render targets to support 1144x712 Format 26 NumSamples 1 (Frame:1).
[2018.06.04-08.45.39:109][580]LogSlate: Took 0.005591 seconds to synchronously load lazily loaded font '../../../Engine/Content/Editor/Slate/Fonts/Roboto-Italic.ttf' (157K)
[2018.06.04-08.45.46:695][419]LogSlate: Took 0.000152 seconds to synchronously load lazily loaded font '../../../Engine/Content/Slate/Fonts/Roboto-Light.ttf' (159K)
[2018.06.04-08.46.25:204][430]BlueprintLog: New page: Compile table
[2018.06.04-08.46.40:064][854]LogFactory: FactoryCreateFile: Texture with ReimportTextureFactory (0 0 ../../../../../../Users/$40U000-PABBLBND0K5G/Downloads/oak-european_d_01.jpg)
[2018.06.04-08.46.40:076][854]LogTexture: Display: Building textures: oak-european_d_01 (BGRA8, 2500X206)
[2018.06.04-08.46.43:263][212]LogSavePackage: Save=69.32ms
[2018.06.04-08.46.43:263][212]LogSavePackage: Moving 'E:/Unreal Projects/Bibli_VR/EscapeGameVR/EscapeGame/Saved/MotionControllerMap_Auto17888D4A641781FDCDA61E49D1E6A6DF0.tmp' to 'E:/Unreal Projects/Bibli_VR/EscapeGameVR/EscapeGame/Saved/Autosaves/Game/VirtualRealityBP/Maps/MotionControllerMap_Auto1.umap'
[2018.06.04-08.46.43:264][212]LogSavePackage: Display: Finished SavePackage E:/Unreal Projects/Bibli_VR/EscapeGameVR/EscapeGame/Saved/Autosaves/Game/VirtualRealityBP/Maps/MotionControllerMap_Auto1.umap
[2018.06.04-08.46.43:265][212]LogFileHelpers: Editor autosave (incl. sublevels) for '/Game/VirtualRealityBP/Maps/MotionControllerMap' took 0.091
[2018.06.04-08.46.43:265][212]LogFileHelpers: Editor autosave (incl. sublevels) for all levels took 0.091
[2018.06.04-08.46.43:266][212]OBJ SavePackage: Generating thumbnails for [1] asset(s) in package [/Game/VirtualRealityBP/Blueprints/Linda_Coffee_Table_glass] ([1] browsable assets)...
[2018.06.04-08.46.43:275][212]OBJ SavePackage:     Rendered thumbnail for [StaticMesh /Game/VirtualRealityBP/Blueprints/Linda_Coffee_Table_glass.Linda_Coffee_Table_glass]
[2018.06.04-08.46.43:275][212]OBJ SavePackage: Finished generating thumbnails for package [/Game/VirtualRealityBP/Blueprints/Linda_Coffee_Table_glass]
[2018.06.04-08.46.43:290][212]LogSavePackage: Save=13.38ms
[2018.06.04-08.46.43:290][212]LogSavePackage: Moving 'E:/Unreal Projects/Bibli_VR/EscapeGameVR/EscapeGame/Saved/Linda_Coffee_Table_glass_Auto1A4E5B09941527DAB4AB7168D09B7A2AA.tmp' to 'E:/Unreal Projects/Bibli_VR/EscapeGameVR/EscapeGame/Saved/Autosaves/Game/VirtualRealityBP/Blueprints/Linda_Coffee_Table_glass_Auto1.uasset'
[2018.06.04-08.46.43:290][212]LogSavePackage: Display: Finished SavePackage E:/Unreal Projects/Bibli_VR/EscapeGameVR/EscapeGame/Saved/Autosaves/Game/VirtualRealityBP/Blueprints/Linda_Coffee_Table_glass_Auto1.uasset
[2018.06.04-08.46.43:290][212]OBJ SavePackage: Generating thumbnails for [1] asset(s) in package [/Game/VirtualRealityBP/Blueprints/table] ([1] browsable assets)...
[2018.06.04-08.46.43:298][212]OBJ SavePackage:     Rendered thumbnail for [Blueprint /Game/VirtualRealityBP/Blueprints/table.table]
[2018.06.04-08.46.43:299][212]OBJ SavePackage: Finished generating thumbnails for package [/Game/VirtualRealityBP/Blueprints/table]
[2018.06.04-08.46.43:319][212]LogSavePackage: Save=18.86ms
[2018.06.04-08.46.43:319][212]LogSavePackage: Moving 'E:/Unreal Projects/Bibli_VR/EscapeGameVR/EscapeGame/Saved/table_Auto180BE0D24444DDFC9C611F09EFE600A86.tmp' to 'E:/Unreal Projects/Bibli_VR/EscapeGameVR/EscapeGame/Saved/Autosaves/Game/VirtualRealityBP/Blueprints/table_Auto1.uasset'
[2018.06.04-08.46.43:319][212]LogSavePackage: Display: Finished SavePackage E:/Unreal Projects/Bibli_VR/EscapeGameVR/EscapeGame/Saved/Autosaves/Game/VirtualRealityBP/Blueprints/table_Auto1.uasset
[2018.06.04-08.46.43:319][212]OBJ SavePackage: Generating thumbnails for [1] asset(s) in package [/Game/VirtualRealityBP/Blueprints/Wood_leg] ([1] browsable assets)...
[2018.06.04-08.46.43:328][212]OBJ SavePackage:     Rendered thumbnail for [Material /Game/VirtualRealityBP/Blueprints/Wood_leg.Wood_leg]
[2018.06.04-08.46.43:328][212]OBJ SavePackage: Finished generating thumbnails for package [/Game/VirtualRealityBP/Blueprints/Wood_leg]
[2018.06.04-08.46.43:341][212]LogSavePackage: Save=12.27ms
[2018.06.04-08.46.43:341][212]LogSavePackage: Moving 'E:/Unreal Projects/Bibli_VR/EscapeGameVR/EscapeGame/Saved/Wood_leg_Auto17FEBF0DA4F6FF5FB7023CCA99750F821.tmp' to 'E:/Unreal Projects/Bibli_VR/EscapeGameVR/EscapeGame/Saved/Autosaves/Game/VirtualRealityBP/Blueprints/Wood_leg_Auto1.uasset'
[2018.06.04-08.46.43:342][212]LogSavePackage: Display: Finished SavePackage E:/Unreal Projects/Bibli_VR/EscapeGameVR/EscapeGame/Saved/Autosaves/Game/VirtualRealityBP/Blueprints/Wood_leg_Auto1.uasset
[2018.06.04-08.46.43:342][212]OBJ SavePackage: Generating thumbnails for [1] asset(s) in package [/Game/VirtualRealityBP/Blueprints/plast_clear] ([1] browsable assets)...
[2018.06.04-08.46.43:350][212]OBJ SavePackage:     Rendered thumbnail for [Material /Game/VirtualRealityBP/Blueprints/plast_clear.plast_clear]
[2018.06.04-08.46.43:350][212]OBJ SavePackage: Finished generating thumbnails for package [/Game/VirtualRealityBP/Blueprints/plast_clear]
[2018.06.04-08.46.43:363][212]LogSavePackage: Save=11.46ms
[2018.06.04-08.46.43:363][212]LogSavePackage: Moving 'E:/Unreal Projects/Bibli_VR/EscapeGameVR/EscapeGame/Saved/plast_clear_Auto1DC596F5D4A7F32CC42294FB233F1F0B9.tmp' to 'E:/Unreal Projects/Bibli_VR/EscapeGameVR/EscapeGame/Saved/Autosaves/Game/VirtualRealityBP/Blueprints/plast_clear_Auto1.uasset'
[2018.06.04-08.46.43:364][212]LogSavePackage: Display: Finished SavePackage E:/Unreal Projects/Bibli_VR/EscapeGameVR/EscapeGame/Saved/Autosaves/Game/VirtualRealityBP/Blueprints/plast_clear_Auto1.uasset
[2018.06.04-08.46.43:364][212]OBJ SavePackage: Generating thumbnails for [1] asset(s) in package [/Game/VirtualRealityBP/Blueprints/Alu] ([1] browsable assets)...
[2018.06.04-08.46.43:372][212]OBJ SavePackage:     Rendered thumbnail for [Material /Game/VirtualRealityBP/Blueprints/Alu.Alu]
[2018.06.04-08.46.43:372][212]OBJ SavePackage: Finished generating thumbnails for package [/Game/VirtualRealityBP/Blueprints/Alu]
[2018.06.04-08.46.43:386][212]LogSavePackage: Save=11.64ms
[2018.06.04-08.46.43:386][212]LogSavePackage: Moving 'E:/Unreal Projects/Bibli_VR/EscapeGameVR/EscapeGame/Saved/Alu_Auto1D13FCBBC40466E5885514ABF87B4DFA1.tmp' to 'E:/Unreal Projects/Bibli_VR/EscapeGameVR/EscapeGame/Saved/Autosaves/Game/VirtualRealityBP/Blueprints/Alu_Auto1.uasset'
[2018.06.04-08.46.43:386][212]LogSavePackage: Display: Finished SavePackage E:/Unreal Projects/Bibli_VR/EscapeGameVR/EscapeGame/Saved/Autosaves/Game/VirtualRealityBP/Blueprints/Alu_Auto1.uasset
[2018.06.04-08.46.43:386][212]OBJ SavePackage: Generating thumbnails for [1] asset(s) in package [/Game/VirtualRealityBP/Blueprints/Glass] ([1] browsable assets)...
[2018.06.04-08.46.43:394][212]OBJ SavePackage:     Rendered thumbnail for [Material /Game/VirtualRealityBP/Blueprints/Glass.Glass]
[2018.06.04-08.46.43:394][212]OBJ SavePackage: Finished generating thumbnails for package [/Game/VirtualRealityBP/Blueprints/Glass]
[2018.06.04-08.46.43:407][212]LogSavePackage: Save=11.73ms
[2018.06.04-08.46.43:407][212]LogSavePackage: Moving 'E:/Unreal Projects/Bibli_VR/EscapeGameVR/EscapeGame/Saved/Glass_Auto168D2C02445BE40138ACA148B891BA927.tmp' to 'E:/Unreal Projects/Bibli_VR/EscapeGameVR/EscapeGame/Saved/Autosaves/Game/VirtualRealityBP/Blueprints/Glass_Auto1.uasset'
[2018.06.04-08.46.43:408][212]LogSavePackage: Display: Finished SavePackage E:/Unreal Projects/Bibli_VR/EscapeGameVR/EscapeGame/Saved/Autosaves/Game/VirtualRealityBP/Blueprints/Glass_Auto1.uasset
[2018.06.04-08.46.43:408][212]OBJ SavePackage: Generating thumbnails for [1] asset(s) in package [/Game/VirtualRealityBP/Blueprints/Linda_Coffee_Table_table_leg] ([1] browsable assets)...
[2018.06.04-08.46.43:417][212]OBJ SavePackage:     Rendered thumbnail for [StaticMesh /Game/VirtualRealityBP/Blueprints/Linda_Coffee_Table_table_leg.Linda_Coffee_Table_table_leg]
[2018.06.04-08.46.43:417][212]OBJ SavePackage: Finished generating thumbnails for package [/Game/VirtualRealityBP/Blueprints/Linda_Coffee_Table_table_leg]
[2018.06.04-08.46.43:431][212]LogSavePackage: Save=12.78ms
[2018.06.04-08.46.43:431][212]LogSavePackage: Moving 'E:/Unreal Projects/Bibli_VR/EscapeGameVR/EscapeGame/Saved/Linda_Coffee_Table_table_leg_Auto1A224B48348982F844F43F39847E35BC0.tmp' to 'E:/Unreal Projects/Bibli_VR/EscapeGameVR/EscapeGame/Saved/Autosaves/Game/VirtualRealityBP/Blueprints/Linda_Coffee_Table_table_leg_Auto1.uasset'
[2018.06.04-08.46.43:432][212]LogSavePackage: Display: Finished SavePackage E:/Unreal Projects/Bibli_VR/EscapeGameVR/EscapeGame/Saved/Autosaves/Game/VirtualRealityBP/Blueprints/Linda_Coffee_Table_table_leg_Auto1.uasset
[2018.06.04-08.46.43:432][212]OBJ SavePackage: Generating thumbnails for [1] asset(s) in package [/Game/VirtualRealityBP/Blueprints/oak-european_d_01] ([1] browsable assets)...
[2018.06.04-08.46.43:433][212]OBJ SavePackage:     Rendered thumbnail for [Texture2D /Game/VirtualRealityBP/Blueprints/oak-european_d_01.oak-european_d_01]
[2018.06.04-08.46.43:433][212]OBJ SavePackage: Finished generating thumbnails for package [/Game/VirtualRealityBP/Blueprints/oak-european_d_01]
[2018.06.04-08.46.43:440][212]LogSavePackage: Save=5.14ms
[2018.06.04-08.46.43:440][212]LogSavePackage: Moving 'E:/Unreal Projects/Bibli_VR/EscapeGameVR/EscapeGame/Saved/oak-european_d_01_Auto10F4FC172466DC293337015A7E400A20D.tmp' to 'E:/Unreal Projects/Bibli_VR/EscapeGameVR/EscapeGame/Saved/Autosaves/Game/VirtualRealityBP/Blueprints/oak-european_d_01_Auto1.uasset'
[2018.06.04-08.46.43:440][212]LogSavePackage: Display: Finished SavePackage E:/Unreal Projects/Bibli_VR/EscapeGameVR/EscapeGame/Saved/Autosaves/Game/VirtualRealityBP/Blueprints/oak-european_d_01_Auto1.uasset
[2018.06.04-08.46.43:440][212]LogFileHelpers: Auto-saving content packages took 0.174
[2018.06.04-08.46.48:183][775]LogContentBrowser: Native class hierarchy updated for 'MaterialEditor' in 0.0006 seconds. Added 1 classes and 0 folders.
[2018.06.04-08.46.48:188][775]LogMaterial: Missing cached shader map for material plast_clear, compiling. 
[2018.06.04-08.46.48:271][775]LogMaterial: Missing cached shader map for material plast_clear, compiling. 
[2018.06.04-08.46.48:305][775]LogMaterial: Missing cached shader map for material FMatExpressionPreview MaterialExpressionVectorParameter_0, compiling. 
[2018.06.04-08.46.48:322][775]LogSlate: Took 0.006159 seconds to synchronously load lazily loaded font '../../../Engine/Content/Editor/Slate/Fonts/Roboto-BoldCondensed.ttf' (158K)
[2018.06.04-08.46.49:403][849]MaterialEditorStats: Base pass shader: 126 instructions
[2018.06.04-08.46.49:403][849]MaterialEditorStats: Vertex shader: 85 instructions
[2018.06.04-08.46.49:403][849]MaterialEditorStats: Texture samplers: 1/16
[2018.06.04-08.47.00:207][586]LogMaterial: Missing cached shader map for material Wood_leg, compiling. 
[2018.06.04-08.47.00:273][586]LogMaterial: Missing cached shader map for material Wood_leg, compiling. 
[2018.06.04-08.47.00:284][586]LogMaterial: Missing cached shader map for material Wood_leg, compiling. 
[2018.06.04-08.47.00:319][586]LogMaterial: Missing cached shader map for material FMatExpressionPreview MaterialExpressionVectorParameter_0, compiling. 
[2018.06.04-08.47.01:141][637]MaterialEditorStats: Base pass shader: 126 instructions
[2018.06.04-08.47.01:142][637]MaterialEditorStats: Vertex shader: 85 instructions
[2018.06.04-08.47.01:142][637]MaterialEditorStats: Texture samplers: 1/16
[2018.06.04-08.47.45:753][341]LogMaterial: Missing cached shader map for material Wood_leg, compiling. 
[2018.06.04-08.47.45:784][341]LogMaterial: Missing cached shader map for material Wood_leg, compiling. 
[2018.06.04-08.47.45:803][341]LogMaterial: Missing cached shader map for material Wood_leg, compiling. 
[2018.06.04-08.47.45:844][341]LogMaterial: Missing cached shader map for material FDebugViewModeMaterialProxy Wood_leg, compiling. 
[2018.06.04-08.47.46:630][341]TextureStreamingBuild: Display: Compiling optional shaders took 0.792 seconds.
[2018.06.04-08.48.32:008][988]BlueprintLog: New page: Compile table
[2018.06.04-08.48.45:247][497]Cmd: TRANSACTION UNDO
[2018.06.04-08.48.45:247][497]LogEditorTransaction: Undo Create Actors
[2018.06.04-08.50.50:724][300]BlueprintLog: New page: Compile table
[2018.06.04-08.51.09:347][135]BlueprintLog: New page: Compile table
[2018.06.04-08.51.17:530][960]LogEditorTransaction: Undo Modify Component(s)
[2018.06.04-08.51.30:917][349]BlueprintLog: New page: Compile table
[2018.06.04-08.52.08:526][768]LogMetaData: Removing '/Game/VirtualRealityBP/Blueprints/bouncing_ball/table.table:UserConstructionScript.K2Node_FunctionEntry_0' ref from Metadata '/Game/VirtualRealityBP/Blueprints/table.PackageMetaData'
[2018.06.04-08.52.08:526][768]LogMetaData: Removing '/Game/VirtualRealityBP/Blueprints/bouncing_ball/table.SKEL_table_C' ref from Metadata '/Game/VirtualRealityBP/Blueprints/table.PackageMetaData'
[2018.06.04-08.52.08:526][768]LogMetaData: Removing '/Game/VirtualRealityBP/Blueprints/bouncing_ball/table.table_C' ref from Metadata '/Game/VirtualRealityBP/Blueprints/table.PackageMetaData'
[2018.06.04-08.52.08:526][768]LogMetaData: Removing '/Game/VirtualRealityBP/Blueprints/bouncing_ball/table.table:EventGraph.K2Node_Event_0' ref from Metadata '/Game/VirtualRealityBP/Blueprints/table.PackageMetaData'
[2018.06.04-08.52.08:526][768]LogMetaData: Removing '/Game/VirtualRealityBP/Blueprints/bouncing_ball/table.table:EventGraph.K2Node_Event_1' ref from Metadata '/Game/VirtualRealityBP/Blueprints/table.PackageMetaData'
[2018.06.04-08.52.08:526][768]LogMetaData: Removing '/Game/VirtualRealityBP/Blueprints/bouncing_ball/table.table:EventGraph.K2Node_Event_2' ref from Metadata '/Game/VirtualRealityBP/Blueprints/table.PackageMetaData'
[2018.06.04-08.52.08:526][768]LogMetaData: Removing '/Game/VirtualRealityBP/Blueprints/bouncing_ball/table.SKEL_table_C:ReceiveBeginPlay' ref from Metadata '/Game/VirtualRealityBP/Blueprints/table.PackageMetaData'
[2018.06.04-08.52.08:526][768]LogMetaData: Removing '/Game/VirtualRealityBP/Blueprints/bouncing_ball/table.SKEL_table_C:ReceiveActorBeginOverlap' ref from Metadata '/Game/VirtualRealityBP/Blueprints/table.PackageMetaData'
[2018.06.04-08.52.08:526][768]LogMetaData: Removing '/Game/VirtualRealityBP/Blueprints/bouncing_ball/table.SKEL_table_C:ReceiveTick' ref from Metadata '/Game/VirtualRealityBP/Blueprints/table.PackageMetaData'
[2018.06.04-08.52.08:526][768]LogMetaData: Removing '/Game/VirtualRealityBP/Blueprints/bouncing_ball/table.SKEL_table_C:DefaultSceneRoot' ref from Metadata '/Game/VirtualRealityBP/Blueprints/table.PackageMetaData'
[2018.06.04-08.52.08:526][768]LogMetaData: Removing '/Game/VirtualRealityBP/Blueprints/bouncing_ball/table.SKEL_table_C:StaticMesh' ref from Metadata '/Game/VirtualRealityBP/Blueprints/table.PackageMetaData'
[2018.06.04-08.52.08:526][768]LogMetaData: Removing '/Game/VirtualRealityBP/Blueprints/bouncing_ball/table.SKEL_table_C:pieds' ref from Metadata '/Game/VirtualRealityBP/Blueprints/table.PackageMetaData'
[2018.06.04-08.52.08:526][768]LogMetaData: Removing '/Game/VirtualRealityBP/Blueprints/bouncing_ball/table.SKEL_table_C:UserConstructionScript' ref from Metadata '/Game/VirtualRealityBP/Blueprints/table.PackageMetaData'
[2018.06.04-08.52.08:526][768]LogMetaData: Removing '/Game/VirtualRealityBP/Blueprints/bouncing_ball/table.table_C:DefaultSceneRoot' ref from Metadata '/Game/VirtualRealityBP/Blueprints/table.PackageMetaData'
[2018.06.04-08.52.08:526][768]LogMetaData: Removing '/Game/VirtualRealityBP/Blueprints/bouncing_ball/table.table_C:StaticMesh' ref from Metadata '/Game/VirtualRealityBP/Blueprints/table.PackageMetaData'
[2018.06.04-08.52.08:527][768]LogMetaData: Removing '/Game/VirtualRealityBP/Blueprints/bouncing_ball/table.table_C:pieds' ref from Metadata '/Game/VirtualRealityBP/Blueprints/table.PackageMetaData'
[2018.06.04-08.52.08:527][768]LogMetaData: Removing '/Game/VirtualRealityBP/Blueprints/bouncing_ball/table.table_C:UserConstructionScript' ref from Metadata '/Game/VirtualRealityBP/Blueprints/table.PackageMetaData'
[2018.06.04-08.52.08:573][768]LogSavePackage: Save=19.37ms
[2018.06.04-08.52.08:573][768]LogSavePackage: Moving 'E:/Unreal Projects/Bibli_VR/EscapeGameVR/EscapeGame/Saved/tableCB7A401B4C4EFF55F4822B931E9CAF2E.tmp' to 'E:/Unreal Projects/Bibli_VR/EscapeGameVR/EscapeGame/Content/VirtualRealityBP/Blueprints/bouncing_ball/table.uasset'
[2018.06.04-08.52.08:575][768]LogSavePackage: Display: Finished SavePackage E:/Unreal Projects/Bibli_VR/EscapeGameVR/EscapeGame/Content/VirtualRealityBP/Blueprints/bouncing_ball/table.uasset
[2018.06.04-08.52.12:071][161]LogLinker: Warning: Can't find file '/Game/VirtualRealityBP/Blueprints/Linda_Coffee_Table_glass'
[2018.06.04-08.52.12:071][161]LogLinker: Warning: Can't find file for asset '/Game/VirtualRealityBP/Blueprints/Linda_Coffee_Table_glass' while loading E:/Unreal Projects/Bibli_VR/EscapeGameVR/EscapeGame/Content/VirtualRealityBP/Blueprints/bouncing_ball/table.uasset.
[2018.06.04-08.52.12:071][161]LoadErrors: Error: /Game/VirtualRealityBP/Blueprints/bouncing_ball/table : Can't find file for asset. /Game/VirtualRealityBP/Blueprints/Linda_Coffee_Table_glass
[2018.06.04-08.52.12:071][161]LogLinker: Warning: Can't find file '/Game/VirtualRealityBP/Blueprints/Linda_Coffee_Table_table_leg'
[2018.06.04-08.52.12:071][161]LogLinker: Warning: Can't find file for asset '/Game/VirtualRealityBP/Blueprints/Linda_Coffee_Table_table_leg' while loading E:/Unreal Projects/Bibli_VR/EscapeGameVR/EscapeGame/Content/VirtualRealityBP/Blueprints/bouncing_ball/table.uasset.
[2018.06.04-08.52.12:071][161]LoadErrors: Error: /Game/VirtualRealityBP/Blueprints/bouncing_ball/table : Can't find file for asset. /Game/VirtualRealityBP/Blueprints/Linda_Coffee_Table_table_leg
[2018.06.04-08.52.12:072][161]LogLinker: Warning: Can't find file '/Game/VirtualRealityBP/Blueprints/Linda_Coffee_Table_glass'
[2018.06.04-08.52.12:072][161]LogLinker: Warning: Can't find file for asset '/Game/VirtualRealityBP/Blueprints/Linda_Coffee_Table_glass' while loading E:/Unreal Projects/Bibli_VR/EscapeGameVR/EscapeGame/Content/VirtualRealityBP/Blueprints/bouncing_ball/table.uasset.
[2018.06.04-08.52.12:072][161]LogLinker: Warning: Can't find file '/Game/VirtualRealityBP/Blueprints/Linda_Coffee_Table_table_leg'
[2018.06.04-08.52.12:072][161]LogLinker: Warning: Can't find file for asset '/Game/VirtualRealityBP/Blueprints/Linda_Coffee_Table_table_leg' while loading E:/Unreal Projects/Bibli_VR/EscapeGameVR/EscapeGame/Content/VirtualRealityBP/Blueprints/bouncing_ball/table.uasset.
[2018.06.04-08.52.12:120][161]LogSavePackage: Save=12.89ms
[2018.06.04-08.52.12:120][161]LogSavePackage: Moving 'E:/Unreal Projects/Bibli_VR/EscapeGameVR/EscapeGame/Saved/Linda_Coffee_Table_table_leg3CD5F8BC49D8DF2EE145E0B8A17A5720.tmp' to 'E:/Unreal Projects/Bibli_VR/EscapeGameVR/EscapeGame/Content/VirtualRealityBP/Blueprints/bouncing_ball/Linda_Coffee_Table_table_leg.uasset'
[2018.06.04-08.52.12:121][161]LogSavePackage: Display: Finished SavePackage E:/Unreal Projects/Bibli_VR/EscapeGameVR/EscapeGame/Content/VirtualRealityBP/Blueprints/bouncing_ball/Linda_Coffee_Table_table_leg.uasset
[2018.06.04-08.52.12:264][161]LogSavePackage: Save=18.24ms
[2018.06.04-08.52.12:264][161]LogSavePackage: Moving 'E:/Unreal Projects/Bibli_VR/EscapeGameVR/EscapeGame/Saved/table61615CAE4D7E30CE864B79A83DF7C17B.tmp' to 'E:/Unreal Projects/Bibli_VR/EscapeGameVR/EscapeGame/Content/VirtualRealityBP/Blueprints/bouncing_ball/table.uasset'
[2018.06.04-08.52.12:265][161]LogSavePackage: Display: Finished SavePackage E:/Unreal Projects/Bibli_VR/EscapeGameVR/EscapeGame/Content/VirtualRealityBP/Blueprints/bouncing_ball/table.uasset
[2018.06.04-08.52.18:269][869]LogLinker: Warning: Can't find file '/Game/VirtualRealityBP/Blueprints/Linda_Coffee_Table_glass'
[2018.06.04-08.52.18:270][869]LogLinker: Warning: Can't find file for asset '/Game/VirtualRealityBP/Blueprints/Linda_Coffee_Table_glass' while loading E:/Unreal Projects/Bibli_VR/EscapeGameVR/EscapeGame/Content/VirtualRealityBP/Blueprints/bouncing_ball/table.uasset.
[2018.06.04-08.52.18:270][869]LogLinker: Warning: Can't find file '/Game/VirtualRealityBP/Blueprints/Linda_Coffee_Table_glass'
[2018.06.04-08.52.18:270][869]LogLinker: Warning: Can't find file for asset '/Game/VirtualRealityBP/Blueprints/Linda_Coffee_Table_glass' while loading E:/Unreal Projects/Bibli_VR/EscapeGameVR/EscapeGame/Content/VirtualRealityBP/Blueprints/bouncing_ball/table.uasset.
[2018.06.04-08.52.18:319][869]LogSavePackage: Save=13.19ms
[2018.06.04-08.52.18:319][869]LogSavePackage: Moving 'E:/Unreal Projects/Bibli_VR/EscapeGameVR/EscapeGame/Saved/Linda_Coffee_Table_glassE733D2FB482AC03C5E5BCA840613D909.tmp' to 'E:/Unreal Projects/Bibli_VR/EscapeGameVR/EscapeGame/Content/VirtualRealityBP/Blueprints/Models/Linda_Coffee_Table_glass.uasset'
[2018.06.04-08.52.18:320][869]LogSavePackage: Display: Finished SavePackage E:/Unreal Projects/Bibli_VR/EscapeGameVR/EscapeGame/Content/VirtualRealityBP/Blueprints/Models/Linda_Coffee_Table_glass.uasset
[2018.06.04-08.52.18:459][869]LogSavePackage: Save=18.12ms
[2018.06.04-08.52.18:459][869]LogSavePackage: Moving 'E:/Unreal Projects/Bibli_VR/EscapeGameVR/EscapeGame/Saved/table7B9DE6814809DA45A8C4039C2485588A.tmp' to 'E:/Unreal Projects/Bibli_VR/EscapeGameVR/EscapeGame/Content/VirtualRealityBP/Blueprints/bouncing_ball/table.uasset'
[2018.06.04-08.52.18:460][869]LogSavePackage: Display: Finished SavePackage E:/Unreal Projects/Bibli_VR/EscapeGameVR/EscapeGame/Content/VirtualRealityBP/Blueprints/bouncing_ball/table.uasset
[2018.06.04-08.52.24:980][637]LogSavePackage: Save=12.43ms
[2018.06.04-08.52.24:981][637]LogSavePackage: Moving 'E:/Unreal Projects/Bibli_VR/EscapeGameVR/EscapeGame/Saved/Linda_Coffee_Table_table_legBB2F938F4B54EDDEF022179A76EED16B.tmp' to 'E:/Unreal Projects/Bibli_VR/EscapeGameVR/EscapeGame/Content/VirtualRealityBP/Blueprints/Models/Linda_Coffee_Table_table_leg.uasset'
[2018.06.04-08.52.24:982][637]LogSavePackage: Display: Finished SavePackage E:/Unreal Projects/Bibli_VR/EscapeGameVR/EscapeGame/Content/VirtualRealityBP/Blueprints/Models/Linda_Coffee_Table_table_leg.uasset
[2018.06.04-08.52.25:117][637]LogSavePackage: Save=18.28ms
[2018.06.04-08.52.25:117][637]LogSavePackage: Moving 'E:/Unreal Projects/Bibli_VR/EscapeGameVR/EscapeGame/Saved/tableA1D791514F989AFB65CDD8B7C5EFE5B6.tmp' to 'E:/Unreal Projects/Bibli_VR/EscapeGameVR/EscapeGame/Content/VirtualRealityBP/Blueprints/bouncing_ball/table.uasset'
[2018.06.04-08.52.25:118][637]LogSavePackage: Display: Finished SavePackage E:/Unreal Projects/Bibli_VR/EscapeGameVR/EscapeGame/Content/VirtualRealityBP/Blueprints/bouncing_ball/table.uasset
[2018.06.04-08.52.27:965][973]LogMetaData: Removing '/Game/VirtualRealityBP/Blueprints/Models/table.table_C' ref from Metadata '/Game/VirtualRealityBP/Blueprints/bouncing_ball/table.PackageMetaData'
[2018.06.04-08.52.27:965][973]LogMetaData: Removing '/Game/VirtualRealityBP/Blueprints/Models/table.table_C:StaticMesh' ref from Metadata '/Game/VirtualRealityBP/Blueprints/bouncing_ball/table.PackageMetaData'
[2018.06.04-08.52.27:965][973]LogMetaData: Removing '/Game/VirtualRealityBP/Blueprints/Models/table.table_C:DefaultSceneRoot' ref from Metadata '/Game/VirtualRealityBP/Blueprints/bouncing_ball/table.PackageMetaData'
[2018.06.04-08.52.27:965][973]LogMetaData: Removing '/Game/VirtualRealityBP/Blueprints/Models/table.table_C:pieds' ref from Metadata '/Game/VirtualRealityBP/Blueprints/bouncing_ball/table.PackageMetaData'
[2018.06.04-08.52.27:965][973]LogMetaData: Removing '/Game/VirtualRealityBP/Blueprints/Models/table.table_C:UserConstructionScript' ref from Metadata '/Game/VirtualRealityBP/Blueprints/bouncing_ball/table.PackageMetaData'
[2018.06.04-08.52.27:965][973]LogMetaData: Removing '/Game/VirtualRealityBP/Blueprints/Models/table.SKEL_table_C' ref from Metadata '/Game/VirtualRealityBP/Blueprints/bouncing_ball/table.PackageMetaData'
[2018.06.04-08.52.27:965][973]LogMetaData: Removing '/Game/VirtualRealityBP/Blueprints/Models/table.SKEL_table_C:ReceiveBeginPlay' ref from Metadata '/Game/VirtualRealityBP/Blueprints/bouncing_ball/table.PackageMetaData'
[2018.06.04-08.52.27:965][973]LogMetaData: Removing '/Game/VirtualRealityBP/Blueprints/Models/table.SKEL_table_C:ReceiveActorBeginOverlap' ref from Metadata '/Game/VirtualRealityBP/Blueprints/bouncing_ball/table.PackageMetaData'
[2018.06.04-08.52.27:965][973]LogMetaData: Removing '/Game/VirtualRealityBP/Blueprints/Models/table.SKEL_table_C:ReceiveTick' ref from Metadata '/Game/VirtualRealityBP/Blueprints/bouncing_ball/table.PackageMetaData'
[2018.06.04-08.52.27:965][973]LogMetaData: Removing '/Game/VirtualRealityBP/Blueprints/Models/table.SKEL_table_C:DefaultSceneRoot' ref from Metadata '/Game/VirtualRealityBP/Blueprints/bouncing_ball/table.PackageMetaData'
[2018.06.04-08.52.27:965][973]LogMetaData: Removing '/Game/VirtualRealityBP/Blueprints/Models/table.SKEL_table_C:StaticMesh' ref from Metadata '/Game/VirtualRealityBP/Blueprints/bouncing_ball/table.PackageMetaData'
[2018.06.04-08.52.27:965][973]LogMetaData: Removing '/Game/VirtualRealityBP/Blueprints/Models/table.SKEL_table_C:pieds' ref from Metadata '/Game/VirtualRealityBP/Blueprints/bouncing_ball/table.PackageMetaData'
[2018.06.04-08.52.27:965][973]LogMetaData: Removing '/Game/VirtualRealityBP/Blueprints/Models/table.SKEL_table_C:UserConstructionScript' ref from Metadata '/Game/VirtualRealityBP/Blueprints/bouncing_ball/table.PackageMetaData'
[2018.06.04-08.52.27:965][973]LogMetaData: Removing '/Game/VirtualRealityBP/Blueprints/Models/table.table:UserConstructionScript.K2Node_FunctionEntry_0' ref from Metadata '/Game/VirtualRealityBP/Blueprints/bouncing_ball/table.PackageMetaData'
[2018.06.04-08.52.27:965][973]LogMetaData: Removing '/Game/VirtualRealityBP/Blueprints/Models/table.table:EventGraph.K2Node_Event_0' ref from Metadata '/Game/VirtualRealityBP/Blueprints/bouncing_ball/table.PackageMetaData'
[2018.06.04-08.52.27:965][973]LogMetaData: Removing '/Game/VirtualRealityBP/Blueprints/Models/table.table:EventGraph.K2Node_Event_1' ref from Metadata '/Game/VirtualRealityBP/Blueprints/bouncing_ball/table.PackageMetaData'
[2018.06.04-08.52.27:965][973]LogMetaData: Removing '/Game/VirtualRealityBP/Blueprints/Models/table.table:EventGraph.K2Node_Event_2' ref from Metadata '/Game/VirtualRealityBP/Blueprints/bouncing_ball/table.PackageMetaData'
[2018.06.04-08.52.27:986][973]Cmd: OBJ SAVEPACKAGE PACKAGE="/Game/VirtualRealityBP/Blueprints/Models/table" FILE="E:/Unreal Projects/Bibli_VR/EscapeGameVR/EscapeGame/Content/VirtualRealityBP/Blueprints/Models/table.uasset" SILENT=true
[2018.06.04-08.52.28:006][973]LogSavePackage: Save=18.90ms
[2018.06.04-08.52.28:006][973]LogSavePackage: Moving 'E:/Unreal Projects/Bibli_VR/EscapeGameVR/EscapeGame/Saved/tableBA0081CF4C45CA6A61B2118040AAB4AC.tmp' to 'E:/Unreal Projects/Bibli_VR/EscapeGameVR/EscapeGame/Content/VirtualRealityBP/Blueprints/Models/table.uasset'
[2018.06.04-08.52.28:007][973]LogSavePackage: Display: Finished SavePackage E:/Unreal Projects/Bibli_VR/EscapeGameVR/EscapeGame/Content/VirtualRealityBP/Blueprints/Models/table.uasset
[2018.06.04-08.52.34:699][744]LogSavePackage: Save=43.42ms
[2018.06.04-08.52.34:699][744]LogSavePackage: Moving 'E:/Unreal Projects/Bibli_VR/EscapeGameVR/EscapeGame/Saved/oak-european_d_014419AEFB4C93C1EAC5F1AEA70EAD267C.tmp' to 'E:/Unreal Projects/Bibli_VR/EscapeGameVR/EscapeGame/Content/VirtualRealityBP/Blueprints/Models/oak-european_d_01.uasset'
[2018.06.04-08.52.34:701][744]LogSavePackage: Display: Finished SavePackage E:/Unreal Projects/Bibli_VR/EscapeGameVR/EscapeGame/Content/VirtualRealityBP/Blueprints/Models/oak-european_d_01.uasset
[2018.06.04-08.53.14:663][229]BlueprintLog: New page: Compile table
[2018.06.04-08.53.27:341][682]LogEditorViewport: Clicking on Actor (LMB): StaticMeshActor (Wall_400x301)
[2018.06.04-08.53.34:131][486]MapCheck: New page: Map Check
[2018.06.04-08.53.34:137][486]Cmd: MAP REBUILD ALLVISIBLE
[2018.06.04-08.53.34:138][486]LogEditorServer: Rebuildmap Clear paths rebuilt
[2018.06.04-08.53.34:270][486]LogMaterial: Missing cached shader map for material FDebugViewModeMaterialProxy WorldGridMaterial, compiling. Is special engine material.
[2018.06.04-08.53.34:275][486]LogMaterial: Missing cached shader map for material FDebugViewModeMaterialProxy MaterialInstanceDynamic_2, compiling. 
[2018.06.04-08.53.34:280][486]LogMaterial: Missing cached shader map for material FDebugViewModeMaterialProxy MI_BaseMaterial2, compiling. 
[2018.06.04-08.53.34:285][486]LogMaterial: Missing cached shader map for material FDebugViewModeMaterialProxy BasicShapeMaterial, compiling. 
[2018.06.04-08.53.34:290][486]LogMaterial: Missing cached shader map for material FDebugViewModeMaterialProxy M_Basic_Wall, compiling. 
[2018.06.04-08.53.34:295][486]LogMaterial: Missing cached shader map for material FDebugViewModeMaterialProxy M_Basic_Floor, compiling. 
[2018.06.04-08.53.34:301][486]LogMaterial: Missing cached shader map for material FDebugViewModeMaterialProxy M_Tech_Hex_Tile, compiling. 
[2018.06.04-08.53.34:307][486]LogMaterial: Missing cached shader map for material FDebugViewModeMaterialProxy map_biblio_Mat, compiling. 
[2018.06.04-08.53.34:314][486]LogMaterial: Missing cached shader map for material FDebugViewModeMaterialProxy M_Lamp, compiling. 
[2018.06.04-08.53.34:321][486]LogMaterial: Missing cached shader map for material FDebugViewModeMaterialProxy MatineeCam_mat, compiling. 
[2018.06.04-08.53.34:327][486]LogMaterial: Missing cached shader map for material FDebugViewModeMaterialProxy M_StatueGlass, compiling. 
[2018.06.04-08.53.34:333][486]LogMaterial: Missing cached shader map for material FDebugViewModeMaterialProxy M_Glass, compiling. 
[2018.06.04-08.53.34:338][486]LogMaterial: Missing cached shader map for material FDebugViewModeMaterialProxy M_Wood_Pine, compiling. 
[2018.06.04-08.53.35:128][486]TextureStreamingBuild: Display: Compiling optional shaders took 0.883 seconds.
[2018.06.04-08.53.35:140][486]LogLevel: Display: Export Material TexCoord Scales took 0.012 seconds.
[2018.06.04-08.53.35:148][486]TextureStreamingBuild: Display: Build Texture Streaming took 0.008 seconds.
[2018.06.04-08.53.35:161][486]LightingResults: New page: Lighting Build - Jun 4, 2018, 12:53:35 PM
[2018.06.04-08.53.35:204][486]LogSwarmInterface: [OpenConnection] Registering TCP channel ...
[2018.06.04-08.53.35:255][486]LogSwarmInterface: [OpenConnection] Connecting to agent ...
[2018.06.04-08.53.35:300][486]LogSwarmInterface: [TryOpenConnection] Testing the Agent
[2018.06.04-08.53.35:825][486]LogSwarmInterface: [TryOpenConnection] Opening Connection to Agent
[2018.06.04-08.53.35:825][486]LogSwarmInterface: [TryOpenConnection] Local Process ID is 11816
[2018.06.04-08.53.38:632][486]LogStaticLightingSystem: Running Lightmass w/ ImmediateImport mode ENABLED
[2018.06.04-08.53.38:632][486]LogStaticLightingSystem: Running Lightmass w/ ImmediateProcess mode ENABLED
[2018.06.04-08.53.38:632][486]LogStaticLightingSystem: Running Lightmass w/ Sorting mode ENABLED
[2018.06.04-08.53.38:632][486]LogStaticLightingSystem: Running Lightmass w/ Mapping paddings ENABLED
[2018.06.04-08.53.38:632][486]LogStaticLightingSystem: Running Lightmass w/ Mapping debug paddings DISABLED
[2018.06.04-08.53.38:707][486]Cmd: MAP CHECK DONTDISPLAYDIALOG
[2018.06.04-08.53.38:708][486]MapCheck: New page: MotionControllerMap - Jun 4, 2018, 12:53:38 PM
[2018.06.04-08.53.38:760][486]MapCheck: Map check complete: 0 Error(s), 0 Warning(s), took 52.783ms to complete.
[2018.06.04-08.53.38:783][486]LogEditorBuildUtils: Build time 0:04
[2018.06.04-08.53.38:823][487]LogMaterial: Missing cached shader map for material FLightmassMaterialRenderer map_biblio_Mat, compiling. 
[2018.06.04-08.53.38:828][487]LogMaterial: Missing cached shader map for material FLightmassMaterialRenderer map_biblio_Mat, compiling. 
[2018.06.04-08.53.47:924][255]Job is a success!
[2018.06.04-08.53.48:475][256]LogTexture: Display: Building textures: HQ_Lightmap0_1 (AutoDXT, 1024X1024)
[2018.06.04-08.53.48:475][256]LogTexture: Display: Building textures: LQ_Lightmap_0_1 (DXT1, 1024X1024)
[2018.06.04-08.53.48:475][256]LogTexture: Display: Building textures: HQ_Lightmap0_2 (AutoDXT, 512X512)
[2018.06.04-08.53.48:475][256]LogTexture: Display: Building textures: LQ_Lightmap_0_2 (DXT1, 512X512)
[2018.06.04-08.53.48:475][256]LogTexture: Display: Building textures: HQ_Lightmap0_3 (AutoDXT, 64X64)
[2018.06.04-08.53.48:476][256]LogTexture: Display: Building textures: LQ_Lightmap_0_3 (DXT1, 64X64)
[2018.06.04-08.53.48:572][256]LogTexture: Display: Building textures: ShadowMapTexture2D_2 (G8, 32X32)
[2018.06.04-08.53.48:572][256]LogTexture: Display: Building textures: ShadowMapTexture2D_1 (G8, 512X256)
[2018.06.04-08.53.48:572][256]LogTexture: Display: Building textures: ShadowMapTexture2D_0 (G8, 1024X512)
[2018.06.04-08.53.48:591][256]Lightmass on DESKTOP-9FALVM1: 8.82 sec total, 109 ms importing, 5 ms setup, 2.72 sec photons, 5.64 sec processing, 0 ms extra exporting [32/32 mappings]. Threads: 39.3 sec total, 10.2 sec processing.
[2018.06.04-08.53.48:615][256]LogStaticLightingSystem: Illumination: 13.4 sec (404 ms encoding lightmaps, 91 ms encoding shadowmaps)
[2018.06.04-08.53.48:615][256]LogStaticLightingSystem: Lightmap texture memory:  2.5 MB (0.5 MB streaming, 2.0 MB non-streaming), 6 textures
[2018.06.04-08.53.48:615][256]LogStaticLightingSystem: Shadowmap texture memory: 0.8 MB (0.2 MB streaming, 0.7 MB non-streaming), 3 textures
[2018.06.04-08.53.49:640][256]DumpUnbuiltLightIteractions
[2018.06.04-08.53.49:640][256]Lights with unbuilt interactions: 0
[2018.06.04-08.53.49:640][256]
[2018.06.04-08.53.49:640][256]Primitives with unbuilt interactions: 0
[2018.06.04-08.53.49:647][257]Cmd: MAP CHECK NOTIFYRESULTS
[2018.06.04-08.53.49:647][257]MapCheck: New page: MotionControllerMap - Jun 4, 2018, 12:53:49 PM
[2018.06.04-08.53.49:711][257]MapCheck: Map check complete: 0 Error(s), 0 Warning(s), took 64.04ms to complete.
[2018.06.04-08.54.13:069][ 41]LogTemp: Repeating last play command: VR Preview
[2018.06.04-08.54.13:119][ 41]LogBlueprintUserMessages: Early PlayInEditor Detection: Level '/Game/VirtualRealityBP/Maps/MotionControllerMap.MotionControllerMap:PersistentLevel' has LevelScriptBlueprint '/Game/VirtualRealityBP/Maps/MotionControllerMap.MotionControllerMap:PersistentLevel.MotionControllerMap' with GeneratedClass '/Game/VirtualRealityBP/Maps/MotionControllerMap.MotionControllerMap_C' with ClassGeneratedBy '/Game/VirtualRealityBP/Maps/MotionControllerMap.MotionControllerMap:PersistentLevel.MotionControllerMap'
[2018.06.04-08.54.13:120][ 41]LogPlayLevel: PlayLevel: No blueprints needed recompiling
[2018.06.04-08.54.13:120][ 41]PIE: New page: PIE session: MotionControllerMap (Jun 4, 2018, 12:54:13 PM)
[2018.06.04-08.54.13:120][ 41]LogPlayLevel: Creating play world package: /Game/VirtualRealityBP/Maps/UEDPIE_0_MotionControllerMap
[2018.06.04-08.54.13:126][ 41]LogPlayLevel: PIE: StaticDuplicateObject took: (0.005223s)
[2018.06.04-08.54.13:126][ 41]LogAIModule: Creating AISystem for world MotionControllerMap
[2018.06.04-08.54.13:126][ 41]LogPlayLevel: PIE: World Init took: (0.000581s)
[2018.06.04-08.54.13:126][ 41]LogPlayLevel: PIE: Created PIE world by copying editor world from /Game/VirtualRealityBP/Maps/MotionControllerMap.MotionControllerMap to /Game/VirtualRealityBP/Maps/UEDPIE_0_MotionControllerMap.MotionControllerMap (0.006068s)
[2018.06.04-08.54.13:148][ 41]LogInit: XAudio2 using 'Haut-parleurs (3- USB Audio Device)' : 2 channels at 48 kHz using 16 bits per sample (channel mask 0x3)
[2018.06.04-08.54.13:156][ 41]LogInit: FAudioDevice initialized.
[2018.06.04-08.54.13:249][ 41]LogUObjectGlobals: Warning: Failed to find object 'Class None.'
[2018.06.04-08.54.13:249][ 41]LogLoad: Game class is 'GameModeBase'
[2018.06.04-08.54.13:253][ 41]LogWorld: Bringing World /Game/VirtualRealityBP/Maps/UEDPIE_0_MotionControllerMap.MotionControllerMap up for play (max tick rate 0) at 2018.06.04-10.54.13
[2018.06.04-08.54.13:256][ 41]LogWorld: Bringing up level for play took: 0.003798
[2018.06.04-08.54.13:295][ 41]LogContentBrowser: Native class hierarchy updated for 'MovieSceneCapture' in 0.0006 seconds. Added 11 classes and 0 folders.
[2018.06.04-08.54.13:298][ 41]LogUnrealMath: Error: FMatrix::InverseFast(), trying to invert a NIL matrix, this results in NaNs! Use Inverse() instead.
[2018.06.04-08.54.13:298][ 41]LogOutputDevice: Warning: 

Script Stack:
BP_MotionController_C.SetupRoomScaleOutline
BP_MotionController_C.ExecuteUbergraph_BP_MotionController
BP_MotionController_C.ReceiveBeginPlay
MotionControllerPawn_C.ExecuteUbergraph_MotionControllerPawn
MotionControllerPawn_C.ReceiveBeginPlay

[2018.06.04-08.54.13:517][ 41]LogStats: FPlatformStackWalk::StackWalkAndDump -  0.219 s
[2018.06.04-08.54.13:518][ 41]LogOutputDevice: Error: === Handled ensure: ===
[2018.06.04-08.54.13:518][ 41]LogOutputDevice: Error: 
[2018.06.04-08.54.13:518][ 41]LogOutputDevice: Error: Ensure condition failed: false [File:D:\Build\++UE4+Release-4.17+Compile\Sync\Engine\Source\Runtime\Core\Private\Math\Matrix.cpp] [Line: 8]
[2018.06.04-08.54.13:518][ 41]LogOutputDevice: Error: FMatrix::InverseFast(), trying to invert a NIL matrix, this results in NaNs! Use Inverse() instead.
[2018.06.04-08.54.13:518][ 41]LogOutputDevice: Error: Stack: 
[2018.06.04-08.54.13:518][ 41]LogOutputDevice: Error: UE4Editor-Core.dll!0x00000000C25A3E36
[2018.06.04-08.54.13:518][ 41]LogOutputDevice: Error: UE4Editor-Core.dll!0x00000000C232C2D2
[2018.06.04-08.54.13:518][ 41]LogOutputDevice: Error: UE4Editor-Core.dll!0x00000000C2344746
[2018.06.04-08.54.13:518][ 41]LogOutputDevice: Error: UE4Editor-Core.dll!0x00000000C22CE1A1
[2018.06.04-08.54.13:518][ 41]LogOutputDevice: Error: UE4Editor-Engine.dll!0x00000000BEC974EB
[2018.06.04-08.54.13:518][ 41]LogOutputDevice: Error: UE4Editor-Engine.dll!0x00000000BF5EABD3
[2018.06.04-08.54.13:518][ 41]LogOutputDevice: Error: UE4Editor-Engine.dll!0x00000000BF6206C4
[2018.06.04-08.54.13:518][ 41]LogOutputDevice: Error: UE4Editor-CoreUObject.dll!0x00000000D7B5E944
[2018.06.04-08.54.13:518][ 41]LogOutputDevice: Error: UE4Editor-CoreUObject.dll!0x00000000D7D1DDA4
[2018.06.04-08.54.13:518][ 41]LogOutputDevice: Error: UE4Editor-CoreUObject.dll!0x00000000D7D33101
[2018.06.04-08.54.13:518][ 41]LogOutputDevice: Error: UE4Editor-CoreUObject.dll!0x00000000D7D352E2
[2018.06.04-08.54.13:518][ 41]LogOutputDevice: Error: UE4Editor-CoreUObject.dll!0x00000000D7D1E7AE
[2018.06.04-08.54.13:518][ 41]LogOutputDevice: Error: UE4Editor-CoreUObject.dll!0x00000000D7D352E2
[2018.06.04-08.54.13:518][ 41]LogOutputDevice: Error: UE4Editor-CoreUObject.dll!0x00000000D7D1E7AE
[2018.06.04-08.54.13:518][ 41]LogOutputDevice: Error: UE4Editor-CoreUObject.dll!0x00000000D7D352E2
[2018.06.04-08.54.13:518][ 41]LogOutputDevice: Error: UE4Editor-CoreUObject.dll!0x00000000D7B5E944
[2018.06.04-08.54.13:518][ 41]LogOutputDevice: Error: UE4Editor-CoreUObject.dll!0x00000000D7D34675
[2018.06.04-08.54.13:518][ 41]LogOutputDevice: Error: UE4Editor-Engine.dll!0x00000000BED7B247
[2018.06.04-08.54.13:518][ 41]LogOutputDevice: Error: UE4Editor-Engine.dll!0x00000000BFF25B47
[2018.06.04-08.54.13:518][ 41]LogOutputDevice: Error: UE4Editor-Engine.dll!0x00000000BED3DC2F
[2018.06.04-08.54.13:518][ 41]LogOutputDevice: Error: UE4Editor-Engine.dll!0x00000000BED4ABCB
[2018.06.04-08.54.13:518][ 41]LogOutputDevice: Error: UE4Editor-Engine.dll!0x00000000BED76959
[2018.06.04-08.54.13:518][ 41]LogOutputDevice: Error: UE4Editor-Engine.dll!0x00000000BED57E03
[2018.06.04-08.54.13:518][ 41]LogOutputDevice: Error: UE4Editor-Engine.dll!0x00000000BF47BE89
[2018.06.04-08.54.13:518][ 41]LogOutputDevice: Error: UE4Editor-Engine.dll!0x00000000BEDB05B6
[2018.06.04-08.54.13:518][ 41]LogOutputDevice: Error: UE4Editor-CoreUObject.dll!0x00000000D7B5E944
[2018.06.04-08.54.13:518][ 41]LogOutputDevice: Error: UE4Editor-CoreUObject.dll!0x00000000D7D1DDA4
[2018.06.04-08.54.13:518][ 41]LogOutputDevice: Error: UE4Editor-CoreUObject.dll!0x00000000D7D33101
[2018.06.04-08.54.13:518][ 41]LogOutputDevice: Error: UE4Editor-CoreUObject.dll!0x00000000D7D5CDA4
[2018.06.04-08.54.13:518][ 41]LogOutputDevice: Error: UE4Editor-CoreUObject.dll!0x00000000D7D352E2
[2018.06.04-08.54.13:518][ 41]LogOutputDevice: Error: UE4Editor-CoreUObject.dll!0x00000000D7D1E7AE
[2018.06.04-08.54.13:518][ 41]LogOutputDevice: Error: UE4Editor-CoreUObject.dll!0x00000000D7D352E2
[2018.06.04-08.54.13:518][ 41]LogOutputDevice: Error: UE4Editor-CoreUObject.dll!0x00000000D7B5E944
[2018.06.04-08.54.13:518][ 41]LogOutputDevice: Error: UE4Editor-CoreUObject.dll!0x00000000D7D34675
[2018.06.04-08.54.13:518][ 41]LogOutputDevice: Error: UE4Editor-Engine.dll!0x00000000BED7B247
[2018.06.04-08.54.13:518][ 41]LogOutputDevice: Error: UE4Editor-Engine.dll!0x00000000BFF25B47
[2018.06.04-08.54.13:518][ 41]LogOutputDevice: Error: UE4Editor-Engine.dll!0x00000000BED3DC2F
[2018.06.04-08.54.13:518][ 41]LogOutputDevice: Error: UE4Editor-Engine.dll!0x00000000BED4ABCB
[2018.06.04-08.54.13:518][ 41]LogOutputDevice: Error: UE4Editor-Engine.dll!0x00000000BFF0A871
[2018.06.04-08.54.13:518][ 41]LogOutputDevice: Error: UE4Editor-Engine.dll!0x00000000BF484991
[2018.06.04-08.54.13:518][ 41]LogOutputDevice: Error: UE4Editor-Engine.dll!0x00000000BFEF601E
[2018.06.04-08.54.13:518][ 41]LogOutputDevice: Error: UE4Editor-Engine.dll!0x00000000BF4A7CF6
[2018.06.04-08.54.13:518][ 41]LogOutputDevice: Error: UE4Editor-UnrealEd.dll!0x00000000BDCDAE6C
[2018.06.04-08.54.13:518][ 41]LogOutputDevice: Error: UE4Editor-UnrealEd.dll!0x00000000BDD0584E
[2018.06.04-08.54.13:518][ 41]LogOutputDevice: Error: UE4Editor-UnrealEd.dll!0x00000000BDD21394
[2018.06.04-08.54.13:518][ 41]LogOutputDevice: Error: UE4Editor-UnrealEd.dll!0x00000000BD78BDF8
[2018.06.04-08.54.13:518][ 41]LogOutputDevice: Error: UE4Editor-UnrealEd.dll!0x00000000BE01D646
[2018.06.04-08.54.13:518][ 41]LogOutputDevice: Error: UE4Editor.exe!0x0000000090A4534A
[2018.06.04-08.54.13:518][ 41]LogOutputDevice: Error: UE4Editor.exe!0x0000000090A53970
[2018.06.04-08.54.13:518][ 41]LogOutputDevice: Error: UE4Editor.exe!0x0000000090A539EA
[2018.06.04-08.54.13:518][ 41]LogOutputDevice: Error: UE4Editor.exe!0x0000000090A602D9
[2018.06.04-08.54.13:518][ 41]LogOutputDevice: Error: UE4Editor.exe!0x0000000090A61C47
[2018.06.04-08.54.13:518][ 41]LogOutputDevice: Error: KERNEL32.DLL!0x0000000010CC1FE4
[2018.06.04-08.54.13:518][ 41]LogOutputDevice: Error: ntdll.dll!0x0000000011C3F061
[2018.06.04-08.54.13:518][ 41]LogOutputDevice: Error: 
[2018.06.04-08.54.13:527][ 41]LogStats:                SubmitErrorReport -  0.000 s
[2018.06.04-08.54.14:127][ 41]LogStats:                    SendNewReport -  0.600 s
[2018.06.04-08.54.14:127][ 41]LogStats:             FDebug::EnsureFailed -  0.829 s
[2018.06.04-08.54.14:127][ 41]LogUnrealMath: Error: FMatrix::InverseFast(), trying to invert a NIL matrix, this results in NaNs! Use Inverse() instead.
[2018.06.04-08.54.14:127][ 41]LogUnrealMath: Error: FMatrix::InverseFast(), trying to invert a NIL matrix, this results in NaNs! Use Inverse() instead.
[2018.06.04-08.54.14:127][ 41]LogUnrealMath: Error: FMatrix::InverseFast(), trying to invert a NIL matrix, this results in NaNs! Use Inverse() instead.
[2018.06.04-08.54.14:127][ 41]LogBlueprint: Warning: SetRelativeScale3D : Invalid Scale entered (X=-nan(ind) Y=-nan(ind) Z=70.000). Resetting to 1.f.
[2018.06.04-08.54.14:130][ 41]LogUnrealMath: Error: FMatrix::InverseFast(), trying to invert a NIL matrix, this results in NaNs! Use Inverse() instead.
[2018.06.04-08.54.14:130][ 41]LogUnrealMath: Error: FMatrix::InverseFast(), trying to invert a NIL matrix, this results in NaNs! Use Inverse() instead.
[2018.06.04-08.54.14:130][ 41]LogUnrealMath: Error: FMatrix::InverseFast(), trying to invert a NIL matrix, this results in NaNs! Use Inverse() instead.
[2018.06.04-08.54.14:130][ 41]LogUnrealMath: Error: FMatrix::InverseFast(), trying to invert a NIL matrix, this results in NaNs! Use Inverse() instead.
[2018.06.04-08.54.14:130][ 41]LogBlueprint: Warning: SetRelativeScale3D : Invalid Scale entered (X=-nan(ind) Y=-nan(ind) Z=70.000). Resetting to 1.f.
[2018.06.04-08.54.14:135][ 41]PIE: Play in editor start time for /Game/VirtualRealityBP/Maps/UEDPIE_0_MotionControllerMap 1.43
[2018.06.04-08.54.14:135][ 41]LogBlueprintUserMessages: Late PlayInEditor Detection: Level '/Game/VirtualRealityBP/Maps/MotionControllerMap.MotionControllerMap:PersistentLevel' has LevelScriptBlueprint '/Game/VirtualRealityBP/Maps/MotionControllerMap.MotionControllerMap:PersistentLevel.MotionControllerMap' with GeneratedClass '/Game/VirtualRealityBP/Maps/MotionControllerMap.MotionControllerMap_C' with ClassGeneratedBy '/Game/VirtualRealityBP/Maps/MotionControllerMap.MotionControllerMap:PersistentLevel.MotionControllerMap'
[2018.06.04-08.54.14:227][ 42]LogRenderer: Reallocating scene render targets to support 3504x1948 Format 26 NumSamples 1 (Frame:1).
[2018.06.04-08.54.19:324][496]LogBlueprintUserMessages: Early EndPlayMap Detection: Level '/Game/VirtualRealityBP/Maps/MotionControllerMap.MotionControllerMap:PersistentLevel' has LevelScriptBlueprint '/Game/VirtualRealityBP/Maps/MotionControllerMap.MotionControllerMap:PersistentLevel.MotionControllerMap' with GeneratedClass '/Game/VirtualRealityBP/Maps/MotionControllerMap.MotionControllerMap_C' with ClassGeneratedBy '/Game/VirtualRealityBP/Maps/MotionControllerMap.MotionControllerMap:PersistentLevel.MotionControllerMap'
[2018.06.04-08.54.19:485][496]LogBlueprintUserMessages: Late EndPlayMap Detection: Level '/Game/VirtualRealityBP/Maps/MotionControllerMap.MotionControllerMap:PersistentLevel' has LevelScriptBlueprint '/Game/VirtualRealityBP/Maps/MotionControllerMap.MotionControllerMap:PersistentLevel.MotionControllerMap' with GeneratedClass '/Game/VirtualRealityBP/Maps/MotionControllerMap.MotionControllerMap_C' with ClassGeneratedBy '/Game/VirtualRealityBP/Maps/MotionControllerMap.MotionControllerMap:PersistentLevel.MotionControllerMap'
[2018.06.04-08.54.27:863][788]LogEditorViewport: Clicking on Actor (LMB): BP_Sky_Sphere_C (SkySphereBlueprint)
[2018.06.04-08.54.29:413][958]LogSavePackage: Save=71.35ms
[2018.06.04-08.54.29:414][958]LogSavePackage: Moving 'E:/Unreal Projects/Bibli_VR/EscapeGameVR/EscapeGame/Saved/MotionControllerMap566690AF4A26FFC3A91E57B1D2AAC838.tmp' to 'E:/Unreal Projects/Bibli_VR/EscapeGameVR/EscapeGame/Content/VirtualRealityBP/Maps/MotionControllerMap.umap'
[2018.06.04-08.54.29:417][958]LogSavePackage: Display: Finished SavePackage E:/Unreal Projects/Bibli_VR/EscapeGameVR/EscapeGame/Content/VirtualRealityBP/Maps/MotionControllerMap.umap
[2018.06.04-08.54.29:542][958]LogSavePackage: Save=97.05ms
[2018.06.04-08.54.29:543][958]LogSavePackage: Moving 'E:/Unreal Projects/Bibli_VR/EscapeGameVR/EscapeGame/Saved/MotionControllerMap_BuiltData00D67F5A428FA3034A1FEBB6DAAEB17A.tmp' to 'E:/Unreal Projects/Bibli_VR/EscapeGameVR/EscapeGame/Content/VirtualRealityBP/Maps/MotionControllerMap_BuiltData.uasset'
[2018.06.04-08.54.29:544][958]LogSavePackage: Display: Finished SavePackage E:/Unreal Projects/Bibli_VR/EscapeGameVR/EscapeGame/Content/VirtualRealityBP/Maps/MotionControllerMap_BuiltData.uasset
