Log file open, 06/03/18 16:04:48
LogWindows: Failed to load 'aqProf.dll' (GetLastError=126)
LogWindows: File 'aqProf.dll' does not exist
LogWindows: Failed to load 'VtuneApi.dll' (GetLastError=126)
LogWindows: File 'VtuneApi.dll' does not exist
LogWindows: Failed to load 'VtuneApi32e.dll' (GetLastError=126)
LogWindows: File 'VtuneApi32e.dll' does not exist
LogInit: Display: Running engine for game: EscapeGame
LogPlatformFile: Not using cached read wrapper
LogInit: Display: RandInit(1917733004) SRandInit(1917733005).
LogTaskGraph: Started task graph with 5 named threads and 14 total threads with 3 sets of task threads.
LogStats: Stats thread started at 0.991998
LogD3D11RHI: Aftermath initialized
LogPluginManager: Mounting plugin Paper2D
LogPluginManager: Mounting plugin LightPropagationVolume
LogPluginManager: Mounting plugin CodeLiteSourceCodeAccess
LogPluginManager: Mounting plugin GitSourceControl
LogPluginManager: Mounting plugin KDevelopSourceCodeAccess
LogPluginManager: Mounting plugin NullSourceCodeAccess
LogPluginManager: Mounting plugin PerforceSourceControl
LogPluginManager: Mounting plugin SubversionSourceControl
LogPluginManager: Mounting plugin UObjectPlugin
LogPluginManager: Mounting plugin VisualStudioSourceCodeAccess
LogPluginManager: Mounting plugin XCodeSourceCodeAccess
LogPluginManager: Mounting plugin AssetManagerEditor
LogPluginManager: Mounting plugin AudioCapture
LogPluginManager: Mounting plugin FacialAnimation
LogPluginManager: Mounting plugin GameplayTagsEditor
LogPluginManager: Mounting plugin MobileLauncherProfileWizard
LogPluginManager: Mounting plugin PluginBrowser
LogPluginManager: Mounting plugin SpeedTreeImporter
LogPluginManager: Mounting plugin AlembicImporter
LogPluginManager: Mounting plugin CharacterAI
LogPluginManager: Mounting plugin HTML5Networking
LogPluginManager: Mounting plugin AndroidMedia
LogPluginManager: Mounting plugin AvfMedia
LogPluginManager: Mounting plugin MediaPlayerEditor
LogPluginManager: Mounting plugin WmfMedia
LogPluginManager: Mounting plugin TcpMessaging
LogPluginManager: Mounting plugin UdpMessaging
LogPluginManager: Mounting plugin LevelSequenceEditor
LogPluginManager: Mounting plugin MatineeToLevelSequence
LogPluginManager: Mounting plugin OnlineSubsystemGooglePlay
LogPluginManager: Mounting plugin OnlineSubsystemIOS
LogPluginManager: Mounting plugin OnlineSubsystem
LogPluginManager: Mounting plugin OnlineSubsystemNull
LogPluginManager: Mounting plugin OnlineSubsystemUtils
LogPluginManager: Mounting plugin AndroidDeviceProfileSelector
LogPluginManager: Mounting plugin AndroidMoviePlayer
LogPluginManager: Mounting plugin AndroidPermission
LogPluginManager: Mounting plugin AppleMoviePlayer
LogPluginManager: Mounting plugin ArchVisCharacter
LogPluginManager: Mounting plugin CableComponent
LogPluginManager: Mounting plugin CustomMeshComponent
LogPluginManager: Mounting plugin ExampleDeviceProfileSelector
LogPluginManager: Mounting plugin GoogleCloudMessaging
LogPluginManager: Mounting plugin ImmediatePhysics
LogPluginManager: Mounting plugin IOSDeviceProfileSelector
LogPluginManager: Mounting plugin LinuxDeviceProfileSelector
LogPluginManager: Mounting plugin LocationServicesBPLibrary
LogPluginManager: Mounting plugin MobilePatchingUtils
LogPluginManager: Mounting plugin OculusVR
LogPluginManager: Mounting plugin PhysXVehicles
LogPluginManager: Mounting plugin ProceduralMeshComponent
LogPluginManager: Mounting plugin RuntimePhysXCooking
LogPluginManager: Mounting plugin SteamVR
LogPluginManager: Mounting plugin WindowsMoviePlayer
LogInit: Using libcurl 7.47.1
LogInit:  - built for x86_64-pc-win32
LogInit:  - supports SSL with OpenSSL/1.0.2g
LogInit:  - supports HTTP deflate (compression) using libz 1.2.8
LogInit:  - other features:
LogInit:      CURL_VERSION_SSL
LogInit:      CURL_VERSION_LIBZ
LogInit:      CURL_VERSION_IPV6
LogInit:      CURL_VERSION_ASYNCHDNS
LogInit:      CURL_VERSION_LARGEFILE
LogInit:      CURL_VERSION_IDN
LogInit:  CurlRequestOptions (configurable via config and command line):
LogInit:  - bVerifyPeer = false  - Libcurl will NOT verify peer certificate
LogInit:  - bUseHttpProxy = false  - Libcurl will NOT use HTTP proxy
LogInit:  - bDontReuseConnections = false  - Libcurl will reuse connections
LogInit:  - CertBundlePath = nullptr  - Libcurl will use whatever was configured at build time.
LogInit: Build: ++UE4+Release-4.17-CL-3658906
LogInit: Engine Version: 4.17.2-3658906+++UE4+Release-4.17
LogInit: Compatible Engine Version: 4.17.0-3573198+++UE4+Release-4.17
LogInit: Net CL: 3573198
LogDevObjectVersion: Number of dev versions registered: 16
LogDevObjectVersion:   Dev-Blueprints (B0D832E4-1F89-4F0D-ACCF-7EB736FD4AA2): 10
LogDevObjectVersion:   Dev-Build (E1C64328-A22C-4D53-A36C-8E866417BD8C): 0
LogDevObjectVersion:   Dev-Core (375EC13C-06E4-48FB-B500-84F0262A717E): 2
LogDevObjectVersion:   Dev-Editor (E4B068ED-F494-42E9-A231-DA0B2E46BB41): 20
LogDevObjectVersion:   Dev-Framework (CFFC743F-43B0-4480-9391-14DF171D2073): 28
LogDevObjectVersion:   Dev-Mobile (B02B49B5-BB20-44E9-A304-32B752E40360): 0
LogDevObjectVersion:   Dev-Networking (A4E4105C-59A1-49B5-A7C5-40C4547EDFEE): 0
LogDevObjectVersion:   Dev-Online (39C831C9-5AE6-47DC-9A44-9C173E1C8E7C): 0
LogDevObjectVersion:   Dev-Physics (78F01B33-EBEA-4F98-B9B4-84EACCB95AA2): 0
LogDevObjectVersion:   Dev-Platform (6631380F-2D4D-43E0-8009-CF276956A95A): 0
LogDevObjectVersion:   Dev-Rendering (12F88B9F-8875-4AFC-A67C-D90C383ABD29): 19
LogDevObjectVersion:   Dev-Sequencer (7B5AE74C-D270-4C10-A958-57980B212A5A): 4
LogDevObjectVersion:   Dev-VR (D7296918-1DD6-4BDD-9DE2-64A83CC13884): 0
LogDevObjectVersion:   Dev-LoadTimes (C2A15278-BFE7-4AFE-6C17-90FF531DF755): 1
LogDevObjectVersion:   Private-Geometry (6EACA3D4-40EC-4CC1-B786-8BED09428FC5): 1
LogDevObjectVersion:   Dev-AnimPhys (29E575DD-E0A3-4627-9D10-D276232CDCEA): 7
LogInit: Compiled (64-bit): Sep 22 2017 13:47:16
LogInit: Compiled with Visual C++: 19.00.24215.01
LogInit: Build Configuration: Development
LogInit: Branch Name: ++UE4+Release-4.17
LogInit: Command line:  
LogInit: Base directory: C:/Program Files (x86)/Epic Games/UE_4.17/Engine/Binaries/Win64/
LogInit: Installed Engine Build: 1
LogInit: Presizing for max 8388607 objects, including 0 objects not considered by GC, pre-allocating 0 bytes for permanent pool.
LogInit: Object subsystem initialized
[2018.06.03-14.04.49:234][  0]LogInit: Selected Device Profile: [Windows]
[2018.06.03-14.04.49:234][  0]LogInit: Applying CVar settings loaded from the selected device profile: [Windows]
[2018.06.03-14.04.49:264][  0]LogInit: Computer: DESKTOP-9FALVM1
[2018.06.03-14.04.49:264][  0]LogInit: User: 40U000PABBLBND0K5G
[2018.06.03-14.04.49:264][  0]LogInit: CPU Page size=4096, Cores=4
[2018.06.03-14.04.49:264][  0]LogInit: High frequency timer resolution =3.914059 MHz
[2018.06.03-14.04.49:264][  0]LogMemory: Memory total: Physical=15.9GB (16GB approx)
[2018.06.03-14.04.49:264][  0]LogMemory: Platform Memory Stats for Windows
[2018.06.03-14.04.49:264][  0]LogMemory: Process Physical Memory: 279.65 MB used, 279.65 MB peak
[2018.06.03-14.04.49:264][  0]LogMemory: Process Virtual Memory: 282.53 MB used, 282.53 MB peak
[2018.06.03-14.04.49:264][  0]LogMemory: Physical Memory: 3731.09 MB used,  12573.23 MB free, 16304.32 MB total
[2018.06.03-14.04.49:264][  0]LogMemory: Virtual Memory: 715.66 MB used,  12573.23 MB free, 134217728.00 MB total
[2018.06.03-14.04.49:840][  0]LogInit: Using OS detected language (fr-FR).
[2018.06.03-14.04.49:840][  0]LogInit: Using OS detected locale (fr-FR).
[2018.06.03-14.04.49:895][  0]LogTextLocalizationManager: No localization for 'fr-FR' exists, so 'en' will be used for the language.
[2018.06.03-14.04.49:895][  0]LogTextLocalizationManager: No localization for 'fr-FR' exists, so 'en' will be used for the locale.
[2018.06.03-14.04.52:311][  0]LogD3D11RHI: D3D11 adapters:
[2018.06.03-14.04.52:757][  0]LogD3D11RHI:    0. 'NVIDIA GeForce GTX 1070' (Feature Level 11_0)
[2018.06.03-14.04.52:757][  0]LogD3D11RHI:       8096/0/8152 MB DedicatedVideo/DedicatedSystem/SharedSystem, Outputs:1, VendorId:0x10de
[2018.06.03-14.04.52:760][  0]LogD3D11RHI:    1. 'Microsoft Basic Render Driver' (Feature Level 11_0)
[2018.06.03-14.04.52:760][  0]LogD3D11RHI:       0/0/8152 MB DedicatedVideo/DedicatedSystem/SharedSystem, Outputs:0, VendorId:0x1414
[2018.06.03-14.04.52:760][  0]LogD3D11RHI: Chosen D3D11 Adapter: 0
[2018.06.03-14.04.52:765][  0]LogD3D11RHI: Creating new Direct3DDevice
[2018.06.03-14.04.52:765][  0]LogD3D11RHI:     GPU DeviceId: 0x1b81 (for the marketing name, search the web for "GPU Device Id")
[2018.06.03-14.04.52:765][  0]LogWindows: EnumDisplayDevices:
[2018.06.03-14.04.52:766][  0]LogWindows:    0. 'NVIDIA GeForce GTX 1070' (P:1 D:1)
[2018.06.03-14.04.52:766][  0]LogWindows:    1. 'NVIDIA GeForce GTX 1070' (P:0 D:0)
[2018.06.03-14.04.52:766][  0]LogWindows:    2. 'NVIDIA GeForce GTX 1070' (P:0 D:0)
[2018.06.03-14.04.52:766][  0]LogWindows:    3. 'NVIDIA GeForce GTX 1070' (P:0 D:0)
[2018.06.03-14.04.52:766][  0]LogWindows: DebugString: GetVideoDriverDetailsInvalid PrimaryIsNotTheChoosenAdapter GetVideoDriverDetailsInvalid PrimaryIsNotTheChoosenAdapter GetVideoDriverDetailsInvalid PrimaryIsNotTheChoosenAdapter GetVideoDriverDetailsInvalid PrimaryIsNotTheChoosenAdapter FoundDriverCount:0 
[2018.06.03-14.04.52:766][  0]LogD3D11RHI:     Adapter Name: NVIDIA GeForce GTX 1070
[2018.06.03-14.04.52:766][  0]LogD3D11RHI:   Driver Version: Unknown (internal:Unknown, unified:Unknown)
[2018.06.03-14.04.52:766][  0]LogD3D11RHI:      Driver Date: Unknown
[2018.06.03-14.04.52:766][  0]LogRHI: Texture pool is 1361 MB (70% of 1945 MB)
[2018.06.03-14.04.52:784][  0]LogD3D11RHI: Async texture creation enabled
[2018.06.03-14.04.52:815][  0]LogD3D11RHI: GPU Timing Frequency: 1000.000000 (Debug: 2 1)
[2018.06.03-14.04.52:870][  0]LogShaderCompilers: Guid format shader working directory is 9 characters bigger than the processId version (E:/Unreal Projects/Bibli_VR/EscapeGameVR/EscapeGame/Intermediate/Shaders/WorkingDirectory/12328/).
[2018.06.03-14.04.52:870][  0]LogShaderCompilers: Cleaned the shader compiler working directory 'C:/Users/$40U000-PABBLBND0K5G/AppData/Local/Temp/UnrealShaderWorkingDir/529B54584464E39E4EA157B209BFC5F5/'.
[2018.06.03-14.04.52:871][  0]LogShaderCompilers: Display: Using Local Shader Compiler.
[2018.06.03-14.04.54:685][  0]LogTemp: Display: Loaded TP AllDesktopTargetPlatform
[2018.06.03-14.04.54:731][  0]LogTemp: Display: Loaded TP MacClientTargetPlatform
[2018.06.03-14.04.54:779][  0]LogTemp: Display: Loaded TP MacNoEditorTargetPlatform
[2018.06.03-14.04.54:831][  0]LogTemp: Display: Loaded TP MacServerTargetPlatform
[2018.06.03-14.04.54:877][  0]LogTemp: Display: Loaded TP MacTargetPlatform
[2018.06.03-14.04.54:919][  0]LogTemp: Display: Loaded TP WindowsClientTargetPlatform
[2018.06.03-14.04.54:961][  0]LogTemp: Display: Loaded TP WindowsNoEditorTargetPlatform
[2018.06.03-14.04.55:002][  0]LogTemp: Display: Loaded TP WindowsServerTargetPlatform
[2018.06.03-14.04.55:039][  0]LogTemp: Display: Loaded TP WindowsTargetPlatform
[2018.06.03-14.04.55:083][  0]LogTemp: Display: Loaded TP AndroidTargetPlatform
[2018.06.03-14.04.55:129][  0]LogTemp: Display: Loaded TP Android_ASTCTargetPlatform
[2018.06.03-14.04.55:172][  0]LogTemp: Display: Loaded TP Android_ATCTargetPlatform
[2018.06.03-14.04.55:213][  0]LogTemp: Display: Loaded TP Android_DXTTargetPlatform
[2018.06.03-14.04.55:258][  0]LogTemp: Display: Loaded TP Android_ETC1TargetPlatform
[2018.06.03-14.04.55:303][  0]LogTemp: Display: Loaded TP Android_ETC2TargetPlatform
[2018.06.03-14.04.55:388][  0]LogTemp: Display: Loaded TP Android_MultiTargetPlatform
[2018.06.03-14.04.55:388][  0]LogTemp: Display: Loaded TP Android_PVRTCTargetPlatform
[2018.06.03-14.04.55:421][  0]LogTemp: Display: Loaded TP HTML5TargetPlatform
[2018.06.03-14.04.55:510][  0]LogTemp: Display: Loaded TP IOSTargetPlatform
[2018.06.03-14.04.55:534][  0]LogTemp: Display: Loaded TP TVOSTargetPlatform
[2018.06.03-14.04.55:576][  0]LogTemp: Display: Loaded TP LinuxClientTargetPlatform
[2018.06.03-14.04.55:620][  0]LogTemp: Display: Loaded TP LinuxNoEditorTargetPlatform
[2018.06.03-14.04.55:663][  0]LogTemp: Display: Loaded TP LinuxServerTargetPlatform
[2018.06.03-14.04.55:708][  0]LogTemp: Display: Loaded TP LinuxTargetPlatform
[2018.06.03-14.04.55:708][  0]LogTargetPlatformManager: Display: Building Assets For Windows
[2018.06.03-14.04.56:257][  0]LogDerivedDataCache: Display: Max Cache Size: 512 MB
[2018.06.03-14.04.57:188][  0]LogDerivedDataCache: Loaded boot cache 0.93s 106MB C:/Users/$40U000-PABBLBND0K5G/AppData/Local/UnrealEngine/4.17/DerivedDataCache/Boot.ddc.
[2018.06.03-14.04.57:188][  0]LogDerivedDataCache: Display: Loaded Boot cache: C:/Users/$40U000-PABBLBND0K5G/AppData/Local/UnrealEngine/4.17/DerivedDataCache/Boot.ddc
[2018.06.03-14.04.57:188][  0]LogDerivedDataCache: FDerivedDataBackendGraph:  Pak pak cache file E:/Unreal Projects/Bibli_VR/EscapeGameVR/EscapeGame/DerivedDataCache/DDC.ddp not found, will not use a pak cache.
[2018.06.03-14.04.57:188][  0]LogDerivedDataCache: Unable to find inner node Pak for hierarchical cache Hierarchy.
[2018.06.03-14.04.57:188][  0]LogDerivedDataCache: FDerivedDataBackendGraph:  CompressedPak pak cache file E:/Unreal Projects/Bibli_VR/EscapeGameVR/EscapeGame/DerivedDataCache/Compressed.ddp not found, will not use a pak cache.
[2018.06.03-14.04.57:188][  0]LogDerivedDataCache: Unable to find inner node CompressedPak for hierarchical cache Hierarchy.
[2018.06.03-14.04.57:211][  0]LogDerivedDataCache: Display: Pak cache opened for reading ../../../Engine/DerivedDataCache/Compressed.ddp.
[2018.06.03-14.04.57:224][  0]LogDerivedDataCache: Using Local data cache path C:/Users/$40U000-PABBLBND0K5G/AppData/Local/UnrealEngine/Common/DerivedDataCache: Writable
[2018.06.03-14.04.57:235][  0]LogMaterial: Verifying Global Shaders for PCD3D_SM5
[2018.06.03-14.04.57:243][  0]LogSlate: Using Freetype 2.6.0
[2018.06.03-14.04.57:256][  0]LogSlate: SlateFontCache - WITH_FREETYPE: 1, WITH_HARFBUZZ: 1
[2018.06.03-14.04.57:257][  0]LogSlate: SlateFontCache - WITH_FREETYPE: 1, WITH_HARFBUZZ: 1
[2018.06.03-14.04.58:812][  0]LogAssetRegistry: FAssetRegistry took 0.0306 seconds to start up
[2018.06.03-14.04.58:974][  0]LogInit: Selected Device Profile: [Windows]
[2018.06.03-14.04.59:403][  0]LogContentStreaming: Texture pool size is 0.00 MB
[2018.06.03-14.04.59:731][  0]LogSimplygon: Simplygon DLL not present - disabling.
[2018.06.03-14.04.59:768][  0]LogMeshReduction: Using SimplygonSwarm for distributed automatic mesh merging
[2018.06.03-14.04.59:769][  0]LogMeshReduction: Using QuadricMeshReduction for automatic static mesh reduction
[2018.06.03-14.04.59:769][  0]LogMeshReduction: No automatic skeletal mesh reduction module available
[2018.06.03-14.04.59:769][  0]LogMeshReduction: No automatic mesh merging module available
[2018.06.03-14.04.59:769][  0]LogMeshMerging: No automatic mesh merging module available
[2018.06.03-14.05.00:517][  0]LogNetVersion: EscapeGame , NetCL: 3573198, EngineNetVer: 2, GameNetVer: 0 (Checksum: 66696808)
[2018.06.03-14.05.00:956][  0]LogPackageLocalizationCache: Processed 5 localized package path(s) for 1 prioritized culture(s) in 0.022363 seconds
[2018.06.03-14.05.00:962][  0]LogUObjectArray: 35825 objects as part of root set at end of initial load.
[2018.06.03-14.05.00:962][  0]LogUObjectAllocator: 7529112 out of 0 bytes used by permanent object pool.
[2018.06.03-14.05.00:962][  0]LogUObjectArray: CloseDisregardForGC: 0/0 objects in disregard for GC pool
[2018.06.03-14.05.01:011][  0]LogInit: WinSock: version 1.1 (2.2), MaxSocks=32767, MaxUdp=65467
[2018.06.03-14.05.06:058][  0]LogTcpMessaging: Initializing TcpMessaging bridge
[2018.06.03-14.05.06:095][  0]LogUdpMessaging: Initializing bridge on interface 0.0.0.0:0 to multicast group 230.0.0.1:6666.
[2018.06.03-14.05.06:832][  0]LogMaterial: Uniform references updated for custom material expression Custom.
[2018.06.03-14.05.07:299][  0]SourceControl: Source control is disabled
[2018.06.03-14.05.07:299][  0]SourceControl: Source control is disabled
[2018.06.03-14.05.07:359][  0]SourceControl: Source control is disabled
[2018.06.03-14.05.07:403][  0]SourceControl: Source control is disabled
[2018.06.03-14.05.08:624][  0]LogAndroidPermission: UAndroidPermissionCallbackProxy::GetInstance
[2018.06.03-14.05.08:832][  0]LogOcInput: OculusInput pre-init called
[2018.06.03-14.05.09:102][  0]LogEngine: Initializing Engine...
[2018.06.03-14.05.11:359][  0]LogHMD: SteamVR initialized.  Driver: lighthouse  Display: LHR-ED43580E
[2018.06.03-14.05.11:879][  0]LogStats: UGameplayTagsManager::ConstructGameplayTagTree: Construct from data asset -  0.000 s
[2018.06.03-14.05.11:879][  0]LogStats: UGameplayTagsManager::ConstructGameplayTagTree: GameplayTagTreeChangedEvent.Broadcast -  0.000 s
[2018.06.03-14.05.12:023][  0]LogAIModule: Creating AISystem for world Untitled
[2018.06.03-14.05.12:050][  0]LogInit: XAudio2 using 'Haut-parleurs (3- USB Audio Device)' : 2 channels at 48 kHz using 16 bits per sample (channel mask 0x3)
[2018.06.03-14.05.12:078][  0]LogInit: FAudioDevice initialized.
[2018.06.03-14.05.12:154][  0]LogDerivedDataCache: Saved boot cache 0.08s 93MB C:/Users/$40U000-PABBLBND0K5G/AppData/Local/UnrealEngine/4.17/DerivedDataCache/Boot.ddc.
[2018.06.03-14.05.12:168][  0]LogInit: Texture streaming: Enabled
[2018.06.03-14.05.12:283][  0]LogEngineSessionManager: EngineSessionManager initialized
[2018.06.03-14.05.12:621][  0]LogInit: Transaction tracking system initialized
[2018.06.03-14.05.12:946][  0]BlueprintLog: New page: Editor Load
[2018.06.03-14.05.13:884][  0]LocalizationService: Localization service is disabled
[2018.06.03-14.05.14:620][  0]LogConsoleResponse: Display: 
[2018.06.03-14.05.15:166][  0]LogCook: Display: Max memory allowance for cook 16384mb min free memory 0mb
[2018.06.03-14.05.15:166][  0]LogCook: Display: Mobile HDR setting 1
[2018.06.03-14.05.15:168][  0]LogFileCache: Scanning file cache for directory 'E:/Unreal Projects/Bibli_VR/EscapeGameVR/EscapeGame/Content/' took 0.02s
[2018.06.03-14.05.15:168][  0]LogGameplayTags: Display: UGameplayTagsManager::DoneAddingNativeTags. DelegateIsBound: 0
[2018.06.03-14.05.16:284][  0]SourceControl: Source control is disabled
[2018.06.03-14.05.16:287][  0]Cmd: MAP LOAD FILE="E:/Unreal Projects/Bibli_VR/EscapeGameVR/EscapeGame/Content/VirtualRealityBP/Maps/StartupMap.umap" TEMPLATE=0 SHOWPROGRESS=1 FEATURELEVEL=3
[2018.06.03-14.05.16:287][  0]LogEditorServer: Warning: Can't find file 'E:/Unreal Projects/Bibli_VR/EscapeGameVR/EscapeGame/Content/VirtualRealityBP/Maps/StartupMap.umap'
[2018.06.03-14.05.16:288][  0]Cmd: MAP CHECKDEP NOCLEARLOG
[2018.06.03-14.05.16:328][  0]MapCheck: Map check complete: 0 Error(s), 0 Warning(s), took 40.565ms to complete.
[2018.06.03-14.05.16:329][  0]LogFileHelpers: Loading map 'StartupMap' took 0.043
[2018.06.03-14.05.16:562][  0]LogCollectionManager: Loaded 0 collections in 0.001660 seconds
[2018.06.03-14.05.16:660][  0]LogFileCache: Scanning file cache for directory 'E:/Unreal Projects/Bibli_VR/EscapeGameVR/EscapeGame/Saved/Collections/' took 0.01s
[2018.06.03-14.05.16:660][  0]LogFileCache: Scanning file cache for directory 'E:/Unreal Projects/Bibli_VR/EscapeGameVR/EscapeGame/Content/Developers/40U000PABBLBND0K5G/Collections/' took 0.01s
[2018.06.03-14.05.16:660][  0]LogFileCache: Scanning file cache for directory 'E:/Unreal Projects/Bibli_VR/EscapeGameVR/EscapeGame/Content/Collections/' took 0.01s
[2018.06.03-14.05.16:660][  0]LogCollectionManager: Rebuilt the GUID cache for 0 collections in 0.000001 seconds
[2018.06.03-14.05.16:669][  0]LogContentBrowser: Native class hierarchy populated in 0.0075 seconds. Added 2386 classes and 500 folders.
[2018.06.03-14.05.16:727][  0]LogContentBrowser: Native class hierarchy updated for 'WidgetCarousel' in 0.0008 seconds. Added 0 classes and 0 folders.
[2018.06.03-14.05.17:140][  0]LogContentBrowser: Native class hierarchy updated for 'AddContentDialog' in 0.0008 seconds. Added 0 classes and 0 folders.
[2018.06.03-14.05.17:194][  0]LogContentBrowser: Native class hierarchy updated for 'SceneOutliner' in 0.0006 seconds. Added 1 classes and 2 folders.
[2018.06.03-14.05.17:377][  0]LogSlate: Took 0.006602 seconds to synchronously load lazily loaded font '../../../Engine/Content/Slate/Fonts/Roboto-Regular.ttf' (155K)
[2018.06.03-14.05.17:386][  0]LogSlate: Took 0.005910 seconds to synchronously load lazily loaded font '../../../Engine/Content/Slate/Fonts/Roboto-Bold.ttf' (160K)
[2018.06.03-14.05.17:397][  0]LogSlate: Took 0.004554 seconds to synchronously load lazily loaded font '../../../Engine/Content/Editor/Slate/Fonts/FontAwesome.ttf' (139K)
[2018.06.03-14.05.17:553][  0]LogRenderer: Reallocating scene render targets to support 940x576 Format 26 NumSamples 1 (Frame:1).
[2018.06.03-14.05.17:785][  0]LogContentBrowser: Native class hierarchy updated for 'HierarchicalLODOutliner' in 0.0007 seconds. Added 1 classes and 2 folders.
[2018.06.03-14.05.17:785][  0]LogLoad: (Engine Initialization) Total time: 31.81 seconds
[2018.06.03-14.05.17:785][  0]LogLoad: (Engine Initialization) Total Blueprint compile time: 0.00 seconds
[2018.06.03-14.05.17:785][  0]LogExternalProfiler: Found external profiler: VSPerf
[2018.06.03-14.05.17:785][  0]LogExternalProfiler: Using external profiler: VSPerf
[2018.06.03-14.05.17:795][  0]LogWindowsTextInputMethodSystem: Display: IME system now deactivated.
[2018.06.03-14.05.17:813][  0]LogAssetRegistry: Asset discovery search completed in 19.0235 seconds
[2018.06.03-14.05.17:815][  0]LogCollectionManager: Rebuilt the object cache for 0 collections in 0.000001 seconds (found 0 objects)
[2018.06.03-14.05.17:815][  0]LogCollectionManager: Fixed up redirectors for 0 collections in 0.000069 seconds (updated 0 objects)
[2018.06.03-14.05.17:821][  0]LogContentStreaming: Texture pool size now 1000 MB
[2018.06.03-14.05.17:861][  0]LogSlate: Took 0.004851 seconds to synchronously load lazily loaded font '../../../Engine/Content/Slate/Fonts/Roboto-Light.ttf' (159K)
[2018.06.03-14.05.48:480][138]LogSlate: Took 0.000116 seconds to synchronously load lazily loaded font '../../../Engine/Content/Slate/Fonts/Roboto-Light.ttf' (159K)
[2018.06.03-14.05.49:292][138]LogSlate: Took 0.000108 seconds to synchronously load lazily loaded font '../../../Engine/Content/Slate/Fonts/Roboto-Regular.ttf' (155K)
[2018.06.03-14.05.50:677][138]LogMaterial: Missing cached shader map for material M_Brick_Clay_New, compiling. 
[2018.06.03-14.05.50:720][138]LogMaterial: Missing cached shader map for material M_Brick_Clay_Beveled, compiling. 
[2018.06.03-14.05.50:768][138]LogMaterial: Missing cached shader map for material M_Lamp, compiling. 
[2018.06.03-14.05.50:800][138]LogMaterial: Missing cached shader map for material M_Wood_Floor_Walnut_Polished, compiling. 
[2018.06.03-14.05.50:829][138]LogMaterial: Missing cached shader map for material M_Water_Lake, compiling. 
[2018.06.03-14.05.50:851][138]LogMaterial: Missing cached shader map for material M_Tech_Panel, compiling. 
[2018.06.03-14.05.50:874][138]LogMaterial: Missing cached shader map for material M_Tech_Hex_Tile_Pulse, compiling. 
[2018.06.03-14.05.50:895][138]LogMaterial: Missing cached shader map for material M_Tech_Checker_Dot, compiling. 
[2018.06.03-14.05.50:914][138]LogMaterial: Missing cached shader map for material M_Rock_Slate, compiling. 
[2018.06.03-14.05.50:936][138]LogMaterial: Missing cached shader map for material M_Rock_Sandstone, compiling. 
[2018.06.03-14.05.50:988][138]LogMaterial: Missing cached shader map for material M_StatueGlass, compiling. 
[2018.06.03-14.05.51:049][138]LogMaterial: Missing cached shader map for material M_Glass, compiling. 
[2018.06.03-14.05.51:079][138]LogMaterial: Missing cached shader map for material M_Frame, compiling. 
[2018.06.03-14.05.51:109][138]LogMaterial: Missing cached shader map for material M_Dust_Particle, compiling. 
[2018.06.03-14.05.51:293][138]LogMaterial: Missing cached shader map for material M_Chair, compiling. 
[2018.06.03-14.05.51:322][138]LogMaterial: Missing cached shader map for material M_Wood_Walnut, compiling. 
[2018.06.03-14.05.51:347][138]LogMaterial: Missing cached shader map for material M_Wood_Pine, compiling. 
[2018.06.03-14.05.51:374][138]LogMaterial: Missing cached shader map for material M_Wood_Oak, compiling. 
[2018.06.03-14.05.51:412][138]LogMaterial: Missing cached shader map for material M_Brick_Clay_Old, compiling. 
[2018.06.03-14.05.51:460][138]LogMaterial: Missing cached shader map for material M_Radial_Gradient, compiling. 
[2018.06.03-14.05.51:495][138]LogMaterial: Missing cached shader map for material M_smoke_subUV, compiling. 
[2018.06.03-14.05.51:552][138]LogMaterial: Missing cached shader map for material M_Heat_Distortion, compiling. 
[2018.06.03-14.05.51:726][138]LogMaterial: Missing cached shader map for material M_Rock_Marble_Polished, compiling. 
[2018.06.03-14.05.51:780][138]LogMaterial: Missing cached shader map for material M_Metal_Rust, compiling. 
[2018.06.03-14.05.51:827][138]LogMaterial: Missing cached shader map for material M_Metal_Copper, compiling. 
[2018.06.03-14.05.51:861][138]LogMaterial: Missing cached shader map for material M_Metal_Chrome, compiling. 
[2018.06.03-14.05.51:890][138]LogMaterial: Missing cached shader map for material M_Metal_Burnished_Steel, compiling. 
[2018.06.03-14.05.51:916][138]LogMaterial: Missing cached shader map for material M_Metal_Brushed_Nickel, compiling. 
[2018.06.03-14.05.51:944][138]LogMaterial: Missing cached shader map for material M_Ground_Moss, compiling. 
[2018.06.03-14.05.51:974][138]LogMaterial: Missing cached shader map for material M_Ground_Gravel, compiling. 
[2018.06.03-14.05.52:008][138]LogMaterial: Missing cached shader map for material M_Concrete_Tiles, compiling. 
[2018.06.03-14.05.52:039][138]LogMaterial: Missing cached shader map for material M_Concrete_Panels, compiling. 
[2018.06.03-14.05.52:070][138]LogMaterial: Missing cached shader map for material M_Concrete_Poured, compiling. 
[2018.06.03-14.05.52:100][138]LogMaterial: Missing cached shader map for material M_Concrete_Grime, compiling. 
[2018.06.03-14.05.52:131][138]LogMaterial: Missing cached shader map for material M_CobbleStone_Smooth, compiling. 
[2018.06.03-14.05.52:164][138]LogMaterial: Missing cached shader map for material M_CobbleStone_Rough, compiling. 
[2018.06.03-14.05.52:195][138]LogMaterial: Missing cached shader map for material M_CobbleStone_Pebble, compiling. 
[2018.06.03-14.05.52:223][138]LogMaterial: Missing cached shader map for material M_Ceramic_Tile_Checker, compiling. 
[2018.06.03-14.05.52:253][138]LogMaterial: Missing cached shader map for material M_Brick_Hewn_Stone, compiling. 
[2018.06.03-14.05.52:284][138]LogMaterial: Missing cached shader map for material M_Brick_Cut_Stone, compiling. 
[2018.06.03-14.05.52:381][138]LogAIModule: Creating AISystem for world StarterMap
[2018.06.03-14.05.52:501][138]Cmd: MAP LOAD FILE="E:/Unreal Projects/Bibli_VR/EscapeGameVR/EscapeGame/Content/StarterContent/Maps/StarterMap.umap" TEMPLATE=0 SHOWPROGRESS=1 FEATURELEVEL=3
[2018.06.03-14.05.52:501][138]LightingResults: New page: Lighting Build
[2018.06.03-14.05.52:555][138]LogContentBrowser: Native class hierarchy updated for 'StatsViewer' in 0.0009 seconds. Added 5 classes and 0 folders.
[2018.06.03-14.05.52:557][138]LoadErrors: New page: Loading map: StarterMap.umap
[2018.06.03-14.05.52:558][138]MapCheck: New page: Map Check
[2018.06.03-14.05.52:558][138]LightingResults: New page: Lighting Build
[2018.06.03-14.05.52:681][138]LogEditorServer: Finished looking for orphan Actors (0.000 secs)
[2018.06.03-14.05.52:725][138]Cmd: MAP CHECKDEP NOCLEARLOG
[2018.06.03-14.05.52:808][138]MapCheck: Map check complete: 0 Error(s), 0 Warning(s), took 82.797ms to complete.
[2018.06.03-14.05.52:808][138]LogFileHelpers: Loading map 'StarterMap' took 0.308
[2018.06.03-14.05.54:455][284]LogAIModule: Creating AISystem for world Minimal_Default
[2018.06.03-14.05.54:471][284]Cmd: MAP LOAD FILE="E:/Unreal Projects/Bibli_VR/EscapeGameVR/EscapeGame/Content/StarterContent/Maps/Minimal_Default.umap" TEMPLATE=0 SHOWPROGRESS=1 FEATURELEVEL=3
[2018.06.03-14.05.54:471][284]LightingResults: New page: Lighting Build
[2018.06.03-14.05.54:471][284]LoadErrors: New page: Loading map: Minimal_Default.umap
[2018.06.03-14.05.54:474][284]MapCheck: New page: Map Check
[2018.06.03-14.05.54:474][284]LightingResults: New page: Lighting Build
[2018.06.03-14.05.54:568][284]LogEditorServer: Finished looking for orphan Actors (0.000 secs)
[2018.06.03-14.05.54:608][284]Cmd: MAP CHECKDEP NOCLEARLOG
[2018.06.03-14.05.54:690][284]MapCheck: Map check complete: 0 Error(s), 0 Warning(s), took 81.797ms to complete.
[2018.06.03-14.05.54:691][284]LogFileHelpers: Loading map 'Minimal_Default' took 0.222
[2018.06.03-14.05.56:289][420]LogMaterial: Missing cached shader map for material M_GreyBall, compiling. 
[2018.06.03-14.05.56:316][420]LogMaterial: Missing cached shader map for material M_ColorGrid, compiling. 
[2018.06.03-14.05.56:342][420]LogMaterial: Missing cached shader map for material M_ClearCoatBlack, compiling. 
[2018.06.03-14.05.56:449][420]LogMaterial: Missing cached shader map for material M_LightStage_Skybox_Master, compiling. 
[2018.06.03-14.05.56:456][420]LogMaterial: Missing cached shader map for material M_LightStage_Skybox_Master, compiling. 
[2018.06.03-14.05.56:542][420]LogMaterial: Missing cached shader map for material M_LightStage_Arrows, compiling. 
[2018.06.03-14.05.56:557][420]LogMaterial: Missing cached shader map for material M_ChromeBall, compiling. 
[2018.06.03-14.05.56:598][420]LogAIModule: Creating AISystem for world Advanced_Lighting
[2018.06.03-14.05.56:618][420]Cmd: MAP LOAD FILE="E:/Unreal Projects/Bibli_VR/EscapeGameVR/EscapeGame/Content/StarterContent/Maps/Advanced_Lighting.umap" TEMPLATE=0 SHOWPROGRESS=1 FEATURELEVEL=3
[2018.06.03-14.05.56:618][420]LightingResults: New page: Lighting Build
[2018.06.03-14.05.56:619][420]LoadErrors: New page: Loading map: Advanced_Lighting.umap
[2018.06.03-14.05.56:620][420]MapCheck: New page: Map Check
[2018.06.03-14.05.56:620][420]LightingResults: New page: Lighting Build
[2018.06.03-14.05.56:758][420]LogEditorServer: Finished looking for orphan Actors (0.000 secs)
[2018.06.03-14.05.56:796][420]Cmd: MAP CHECKDEP NOCLEARLOG
[2018.06.03-14.05.56:877][420]MapCheck: Map check complete: 0 Error(s), 0 Warning(s), took 81.473ms to complete.
[2018.06.03-14.05.56:878][420]LogFileHelpers: Loading map 'Advanced_Lighting' took 0.261
[2018.06.03-14.06.05:828][434]LogAIModule: Creating AISystem for world Minimal_Default
[2018.06.03-14.06.05:844][434]Cmd: MAP LOAD FILE="E:/Unreal Projects/Bibli_VR/EscapeGameVR/EscapeGame/Content/StarterContent/Maps/Minimal_Default.umap" TEMPLATE=0 SHOWPROGRESS=1 FEATURELEVEL=3
[2018.06.03-14.06.05:844][434]LightingResults: New page: Lighting Build
[2018.06.03-14.06.05:845][434]LoadErrors: New page: Loading map: Minimal_Default.umap
[2018.06.03-14.06.05:845][434]MapCheck: New page: Map Check
[2018.06.03-14.06.05:845][434]LightingResults: New page: Lighting Build
[2018.06.03-14.06.05:980][434]LogEditorServer: Finished looking for orphan Actors (0.000 secs)
[2018.06.03-14.06.06:015][434]Cmd: MAP CHECKDEP NOCLEARLOG
[2018.06.03-14.06.06:090][434]MapCheck: Map check complete: 0 Error(s), 0 Warning(s), took 74.806ms to complete.
[2018.06.03-14.06.06:091][434]LogFileHelpers: Loading map 'Minimal_Default' took 0.248
[2018.06.03-14.06.07:902][625]LogAIModule: Creating AISystem for world StarterMap
[2018.06.03-14.06.07:927][625]Cmd: MAP LOAD FILE="E:/Unreal Projects/Bibli_VR/EscapeGameVR/EscapeGame/Content/StarterContent/Maps/StarterMap.umap" TEMPLATE=0 SHOWPROGRESS=1 FEATURELEVEL=3
[2018.06.03-14.06.07:927][625]LightingResults: New page: Lighting Build
[2018.06.03-14.06.07:928][625]LoadErrors: New page: Loading map: StarterMap.umap
[2018.06.03-14.06.07:929][625]MapCheck: New page: Map Check
[2018.06.03-14.06.07:929][625]LightingResults: New page: Lighting Build
[2018.06.03-14.06.08:138][625]LogEditorServer: Finished looking for orphan Actors (0.000 secs)
[2018.06.03-14.06.08:179][625]Cmd: MAP CHECKDEP NOCLEARLOG
[2018.06.03-14.06.08:260][625]MapCheck: Map check complete: 0 Error(s), 0 Warning(s), took 80.593ms to complete.
[2018.06.03-14.06.08:260][625]LogFileHelpers: Loading map 'StarterMap' took 0.334
[2018.06.03-14.06.16:421][482]LogEditorViewport: Clicking on Actor (LMB): Blueprint_Effect_Fire_C (P_Fire_Blueprint)
[2018.06.03-14.06.27:758][392]LogContentBrowser: Native class hierarchy updated for 'BlueprintGraph' in 0.0013 seconds. Added 113 classes and 0 folders.
[2018.06.03-14.06.28:744][392]LogSlate: Took 0.006066 seconds to synchronously load lazily loaded font '../../../Engine/Content/Editor/Slate/Fonts/Roboto-BoldCondensed.ttf' (158K)
[2018.06.03-14.06.35:205][800]LogRenderer: Reallocating scene render targets to support 1144x712 Format 26 NumSamples 1 (Frame:1).
[2018.06.03-14.06.49:832][784]LogSlate: Took 0.006261 seconds to synchronously load lazily loaded font '../../../Engine/Content/Editor/Slate/Fonts/Roboto-Italic.ttf' (157K)
[2018.06.03-14.07.05:810][850]LogAIModule: Creating AISystem for world Minimal_Default
[2018.06.03-14.07.05:839][850]Cmd: MAP LOAD FILE="E:/Unreal Projects/Bibli_VR/EscapeGameVR/EscapeGame/Content/StarterContent/Maps/Minimal_Default.umap" TEMPLATE=0 SHOWPROGRESS=1 FEATURELEVEL=3
[2018.06.03-14.07.05:839][850]LightingResults: New page: Lighting Build
[2018.06.03-14.07.05:840][850]LoadErrors: New page: Loading map: Minimal_Default.umap
[2018.06.03-14.07.05:842][850]MapCheck: New page: Map Check
[2018.06.03-14.07.05:843][850]LightingResults: New page: Lighting Build
[2018.06.03-14.07.06:066][850]LogEditorServer: Finished looking for orphan Actors (0.000 secs)
[2018.06.03-14.07.06:109][850]Cmd: MAP CHECKDEP NOCLEARLOG
[2018.06.03-14.07.06:185][850]MapCheck: Map check complete: 0 Error(s), 0 Warning(s), took 75.982ms to complete.
[2018.06.03-14.07.06:185][850]LogFileHelpers: Loading map 'Minimal_Default' took 0.348
[2018.06.03-14.07.10:959][396]LogAIModule: Creating AISystem for world Advanced_Lighting
[2018.06.03-14.07.10:984][396]Cmd: MAP LOAD FILE="E:/Unreal Projects/Bibli_VR/EscapeGameVR/EscapeGame/Content/StarterContent/Maps/Advanced_Lighting.umap" TEMPLATE=0 SHOWPROGRESS=1 FEATURELEVEL=3
[2018.06.03-14.07.10:984][396]LightingResults: New page: Lighting Build
[2018.06.03-14.07.10:985][396]LoadErrors: New page: Loading map: Advanced_Lighting.umap
[2018.06.03-14.07.10:986][396]MapCheck: New page: Map Check
[2018.06.03-14.07.10:986][396]LightingResults: New page: Lighting Build
[2018.06.03-14.07.11:268][396]LogEditorServer: Finished looking for orphan Actors (0.000 secs)
[2018.06.03-14.07.11:312][396]Cmd: MAP CHECKDEP NOCLEARLOG
[2018.06.03-14.07.11:390][396]MapCheck: Map check complete: 0 Error(s), 0 Warning(s), took 77.623ms to complete.
[2018.06.03-14.07.11:390][396]LogFileHelpers: Loading map 'Advanced_Lighting' took 0.407
[2018.06.03-14.07.16:932][ 35]LogAIModule: Creating AISystem for world Minimal_Default
[2018.06.03-14.07.16:957][ 35]Cmd: MAP LOAD FILE="E:/Unreal Projects/Bibli_VR/EscapeGameVR/EscapeGame/Content/StarterContent/Maps/Minimal_Default.umap" TEMPLATE=0 SHOWPROGRESS=1 FEATURELEVEL=3
[2018.06.03-14.07.16:957][ 35]LightingResults: New page: Lighting Build
[2018.06.03-14.07.16:958][ 35]LoadErrors: New page: Loading map: Minimal_Default.umap
[2018.06.03-14.07.16:959][ 35]MapCheck: New page: Map Check
[2018.06.03-14.07.16:959][ 35]LightingResults: New page: Lighting Build
[2018.06.03-14.07.17:255][ 35]LogEditorServer: Finished looking for orphan Actors (0.000 secs)
[2018.06.03-14.07.17:301][ 35]Cmd: MAP CHECKDEP NOCLEARLOG
[2018.06.03-14.07.17:385][ 35]MapCheck: Map check complete: 0 Error(s), 0 Warning(s), took 83.521ms to complete.
[2018.06.03-14.07.17:385][ 35]LogFileHelpers: Loading map 'Minimal_Default' took 0.429
[2018.06.03-14.07.54:462][ 38]LogAIModule: Creating AISystem for world MotionControllerMap
[2018.06.03-14.07.54:495][ 38]Cmd: MAP LOAD FILE="E:/Unreal Projects/Bibli_VR/EscapeGameVR/EscapeGame/Content/VirtualRealityBP/Maps/MotionControllerMap.umap" TEMPLATE=0 SHOWPROGRESS=1 FEATURELEVEL=3
[2018.06.03-14.07.54:495][ 38]LightingResults: New page: Lighting Build
[2018.06.03-14.07.54:495][ 38]LoadErrors: New page: Loading map: MotionControllerMap.umap
[2018.06.03-14.07.54:496][ 38]MapCheck: New page: Map Check
[2018.06.03-14.07.54:496][ 38]LightingResults: New page: Lighting Build
[2018.06.03-14.07.54:723][ 38]LogEditorServer: Finished looking for orphan Actors (0.000 secs)
[2018.06.03-14.07.54:755][ 38]Cmd: MAP CHECKDEP NOCLEARLOG
[2018.06.03-14.07.56:571][ 38]MapCheck: Map check complete: 0 Error(s), 0 Warning(s), took 1,816.329ms to complete.
[2018.06.03-14.07.56:572][ 38]LogFileHelpers: Loading map 'MotionControllerMap' took 2.078
[2018.06.03-14.07.59:099][335]LogEditorViewport: Clicking on Actor (LMB): BP_PickupCube_C (EditorCube39)
[2018.06.03-14.08.21:924][ 39]LogEditorViewport: Clicking on Actor (LMB): BP_PickupCube_C (EditorCube39)
[2018.06.03-14.08.59:705][483]LogSavePackage: Save=26.33ms
[2018.06.03-14.08.59:705][483]LogSavePackage: Moving 'E:/Unreal Projects/Bibli_VR/EscapeGameVR/EscapeGame/Saved/Ball_BlueprintEF15E91E4430A26E8A281EB175E83BF8.tmp' to 'E:/Unreal Projects/Bibli_VR/EscapeGameVR/EscapeGame/Content/VirtualRealityBP/Blueprints/Ball_Blueprint.uasset'
[2018.06.03-14.08.59:709][483]LogSavePackage: Display: Finished SavePackage E:/Unreal Projects/Bibli_VR/EscapeGameVR/EscapeGame/Content/VirtualRealityBP/Blueprints/Ball_Blueprint.uasset
[2018.06.03-14.10.21:944][432]LogSlate: Took 0.002915 seconds to synchronously load lazily loaded font '../../../Engine/Content/Slate/Fonts/Roboto-Light.ttf' (159K)
[2018.06.03-14.15.51:517][937]Cmd: OBJ SAVEPACKAGE PACKAGE="/Game/VirtualRealityBP/Blueprints/Ball" FILE="E:/Unreal Projects/Bibli_VR/EscapeGameVR/EscapeGame/Content/VirtualRealityBP/Blueprints/Ball.uasset" SILENT=true
[2018.06.03-14.15.51:548][937]LogSavePackage: Save=29.95ms
[2018.06.03-14.15.51:548][937]LogSavePackage: Moving 'E:/Unreal Projects/Bibli_VR/EscapeGameVR/EscapeGame/Saved/Ball8C9D1A164E9E326A27564DA455CCA9CD.tmp' to 'E:/Unreal Projects/Bibli_VR/EscapeGameVR/EscapeGame/Content/VirtualRealityBP/Blueprints/Ball.uasset'
[2018.06.03-14.15.51:549][937]LogSavePackage: Display: Finished SavePackage E:/Unreal Projects/Bibli_VR/EscapeGameVR/EscapeGame/Content/VirtualRealityBP/Blueprints/Ball.uasset
[2018.06.03-14.15.58:661][768]LogEditorViewport: Clicking on Actor (LMB): Ball_C (Ball)
[2018.06.03-14.16.04:937][204]LogTemp: Repeating last play command: VR Preview
[2018.06.03-14.16.05:018][204]LogBlueprintUserMessages: Early PlayInEditor Detection: Level '/Game/VirtualRealityBP/Maps/MotionControllerMap.MotionControllerMap:PersistentLevel' has LevelScriptBlueprint '/Game/VirtualRealityBP/Maps/MotionControllerMap.MotionControllerMap:PersistentLevel.MotionControllerMap' with GeneratedClass '/Game/VirtualRealityBP/Maps/MotionControllerMap.MotionControllerMap_C' with ClassGeneratedBy '/Game/VirtualRealityBP/Maps/MotionControllerMap.MotionControllerMap:PersistentLevel.MotionControllerMap'
[2018.06.03-14.16.05:019][204]BlueprintLog: New page: Pre-Play auto-recompile
[2018.06.03-14.16.05:022][204]LogPlayLevel: [PlayLevel] Compiling Ball before play...
[2018.06.03-14.16.05:258][204]LogPlayLevel: PlayLevel: Blueprint regeneration took 240 ms (1 blueprints)
[2018.06.03-14.16.05:260][204]PIE: New page: PIE session: MotionControllerMap (Jun 3, 2018, 6:16:05 PM)
[2018.06.03-14.16.05:260][204]LogPlayLevel: Creating play world package: /Game/VirtualRealityBP/Maps/UEDPIE_0_MotionControllerMap
[2018.06.03-14.16.05:265][204]LogPlayLevel: PIE: StaticDuplicateObject took: (0.004921s)
[2018.06.03-14.16.05:265][204]LogAIModule: Creating AISystem for world MotionControllerMap
[2018.06.03-14.16.05:265][204]LogPlayLevel: PIE: World Init took: (0.000719s)
[2018.06.03-14.16.05:265][204]LogPlayLevel: PIE: Created PIE world by copying editor world from /Game/VirtualRealityBP/Maps/MotionControllerMap.MotionControllerMap to /Game/VirtualRealityBP/Maps/UEDPIE_0_MotionControllerMap.MotionControllerMap (0.005904s)
[2018.06.03-14.16.05:285][204]LogInit: XAudio2 using 'Haut-parleurs (3- USB Audio Device)' : 2 channels at 48 kHz using 16 bits per sample (channel mask 0x3)
[2018.06.03-14.16.05:291][204]LogInit: FAudioDevice initialized.
[2018.06.03-14.16.07:788][204]LogHMD: SteamVR initialized.  Driver: lighthouse  Display: LHR-ED43580E
[2018.06.03-14.16.07:841][204]LogUObjectGlobals: Warning: Failed to find object 'Class None.'
[2018.06.03-14.16.07:841][204]LogLoad: Game class is 'GameModeBase'
[2018.06.03-14.16.07:844][204]LogWorld: Bringing World /Game/VirtualRealityBP/Maps/UEDPIE_0_MotionControllerMap.MotionControllerMap up for play (max tick rate 0) at 2018.06.03-16.16.07
[2018.06.03-14.16.07:845][204]LogWorld: Bringing up level for play took: 0.002839
[2018.06.03-14.16.07:898][204]LogContentBrowser: Native class hierarchy updated for 'MovieSceneCapture' in 0.0007 seconds. Added 11 classes and 0 folders.
[2018.06.03-14.16.07:900][204]LogUnrealMath: Error: FMatrix::InverseFast(), trying to invert a NIL matrix, this results in NaNs! Use Inverse() instead.
[2018.06.03-14.16.07:900][204]LogOutputDevice: Warning: 

Script Stack:
BP_MotionController_C.SetupRoomScaleOutline
BP_MotionController_C.ExecuteUbergraph_BP_MotionController
BP_MotionController_C.ReceiveBeginPlay
MotionControllerPawn_C.ExecuteUbergraph_MotionControllerPawn
MotionControllerPawn_C.ReceiveBeginPlay

[2018.06.03-14.16.08:099][204]LogStats: FPlatformStackWalk::StackWalkAndDump -  0.199 s
[2018.06.03-14.16.08:099][204]LogOutputDevice: Error: === Handled ensure: ===
[2018.06.03-14.16.08:100][204]LogOutputDevice: Error: 
[2018.06.03-14.16.08:100][204]LogOutputDevice: Error: Ensure condition failed: false [File:D:\Build\++UE4+Release-4.17+Compile\Sync\Engine\Source\Runtime\Core\Private\Math\Matrix.cpp] [Line: 8]
[2018.06.03-14.16.08:100][204]LogOutputDevice: Error: FMatrix::InverseFast(), trying to invert a NIL matrix, this results in NaNs! Use Inverse() instead.
[2018.06.03-14.16.08:100][204]LogOutputDevice: Error: Stack: 
[2018.06.03-14.16.08:100][204]LogOutputDevice: Error: UE4Editor-Core.dll!0x00000000C27B3E36
[2018.06.03-14.16.08:100][204]LogOutputDevice: Error: UE4Editor-Core.dll!0x00000000C253C2D2
[2018.06.03-14.16.08:100][204]LogOutputDevice: Error: UE4Editor-Core.dll!0x00000000C2554746
[2018.06.03-14.16.08:100][204]LogOutputDevice: Error: UE4Editor-Core.dll!0x00000000C24DE1A1
[2018.06.03-14.16.08:100][204]LogOutputDevice: Error: UE4Editor-Engine.dll!0x00000000BEEA74EB
[2018.06.03-14.16.08:100][204]LogOutputDevice: Error: UE4Editor-Engine.dll!0x00000000BF7FABD3
[2018.06.03-14.16.08:100][204]LogOutputDevice: Error: UE4Editor-Engine.dll!0x00000000BF8306C4
[2018.06.03-14.16.08:100][204]LogOutputDevice: Error: UE4Editor-CoreUObject.dll!0x00000000ED74E944
[2018.06.03-14.16.08:100][204]LogOutputDevice: Error: UE4Editor-CoreUObject.dll!0x00000000ED90DDA4
[2018.06.03-14.16.08:100][204]LogOutputDevice: Error: UE4Editor-CoreUObject.dll!0x00000000ED923101
[2018.06.03-14.16.08:100][204]LogOutputDevice: Error: UE4Editor-CoreUObject.dll!0x00000000ED9252E2
[2018.06.03-14.16.08:100][204]LogOutputDevice: Error: UE4Editor-CoreUObject.dll!0x00000000ED90E7AE
[2018.06.03-14.16.08:100][204]LogOutputDevice: Error: UE4Editor-CoreUObject.dll!0x00000000ED9252E2
[2018.06.03-14.16.08:100][204]LogOutputDevice: Error: UE4Editor-CoreUObject.dll!0x00000000ED90E7AE
[2018.06.03-14.16.08:100][204]LogOutputDevice: Error: UE4Editor-CoreUObject.dll!0x00000000ED9252E2
[2018.06.03-14.16.08:100][204]LogOutputDevice: Error: UE4Editor-CoreUObject.dll!0x00000000ED74E944
[2018.06.03-14.16.08:100][204]LogOutputDevice: Error: UE4Editor-CoreUObject.dll!0x00000000ED924675
[2018.06.03-14.16.08:100][204]LogOutputDevice: Error: UE4Editor-Engine.dll!0x00000000BEF8B247
[2018.06.03-14.16.08:100][204]LogOutputDevice: Error: UE4Editor-Engine.dll!0x00000000C0135B47
[2018.06.03-14.16.08:100][204]LogOutputDevice: Error: UE4Editor-Engine.dll!0x00000000BEF4DC2F
[2018.06.03-14.16.08:100][204]LogOutputDevice: Error: UE4Editor-Engine.dll!0x00000000BEF5ABCB
[2018.06.03-14.16.08:100][204]LogOutputDevice: Error: UE4Editor-Engine.dll!0x00000000BEF86959
[2018.06.03-14.16.08:100][204]LogOutputDevice: Error: UE4Editor-Engine.dll!0x00000000BEF67E03
[2018.06.03-14.16.08:100][204]LogOutputDevice: Error: UE4Editor-Engine.dll!0x00000000BF68BE89
[2018.06.03-14.16.08:100][204]LogOutputDevice: Error: UE4Editor-Engine.dll!0x00000000BEFC05B6
[2018.06.03-14.16.08:100][204]LogOutputDevice: Error: UE4Editor-CoreUObject.dll!0x00000000ED74E944
[2018.06.03-14.16.08:100][204]LogOutputDevice: Error: UE4Editor-CoreUObject.dll!0x00000000ED90DDA4
[2018.06.03-14.16.08:100][204]LogOutputDevice: Error: UE4Editor-CoreUObject.dll!0x00000000ED923101
[2018.06.03-14.16.08:100][204]LogOutputDevice: Error: UE4Editor-CoreUObject.dll!0x00000000ED94CDA4
[2018.06.03-14.16.08:100][204]LogOutputDevice: Error: UE4Editor-CoreUObject.dll!0x00000000ED9252E2
[2018.06.03-14.16.08:100][204]LogOutputDevice: Error: UE4Editor-CoreUObject.dll!0x00000000ED90E7AE
[2018.06.03-14.16.08:100][204]LogOutputDevice: Error: UE4Editor-CoreUObject.dll!0x00000000ED9252E2
[2018.06.03-14.16.08:100][204]LogOutputDevice: Error: UE4Editor-CoreUObject.dll!0x00000000ED74E944
[2018.06.03-14.16.08:100][204]LogOutputDevice: Error: UE4Editor-CoreUObject.dll!0x00000000ED924675
[2018.06.03-14.16.08:100][204]LogOutputDevice: Error: UE4Editor-Engine.dll!0x00000000BEF8B247
[2018.06.03-14.16.08:100][204]LogOutputDevice: Error: UE4Editor-Engine.dll!0x00000000C0135B47
[2018.06.03-14.16.08:100][204]LogOutputDevice: Error: UE4Editor-Engine.dll!0x00000000BEF4DC2F
[2018.06.03-14.16.08:100][204]LogOutputDevice: Error: UE4Editor-Engine.dll!0x00000000BEF5ABCB
[2018.06.03-14.16.08:100][204]LogOutputDevice: Error: UE4Editor-Engine.dll!0x00000000C011A871
[2018.06.03-14.16.08:100][204]LogOutputDevice: Error: UE4Editor-Engine.dll!0x00000000BF694991
[2018.06.03-14.16.08:100][204]LogOutputDevice: Error: UE4Editor-Engine.dll!0x00000000C010601E
[2018.06.03-14.16.08:100][204]LogOutputDevice: Error: UE4Editor-Engine.dll!0x00000000BF6B7CF6
[2018.06.03-14.16.08:100][204]LogOutputDevice: Error: UE4Editor-UnrealEd.dll!0x00000000BDEEAE6C
[2018.06.03-14.16.08:100][204]LogOutputDevice: Error: UE4Editor-UnrealEd.dll!0x00000000BDF1584E
[2018.06.03-14.16.08:100][204]LogOutputDevice: Error: UE4Editor-UnrealEd.dll!0x00000000BDF31394
[2018.06.03-14.16.08:100][204]LogOutputDevice: Error: UE4Editor-UnrealEd.dll!0x00000000BD99BDF8
[2018.06.03-14.16.08:100][204]LogOutputDevice: Error: UE4Editor-UnrealEd.dll!0x00000000BE22D646
[2018.06.03-14.16.08:100][204]LogOutputDevice: Error: UE4Editor.exe!0x00000000771F534A
[2018.06.03-14.16.08:100][204]LogOutputDevice: Error: UE4Editor.exe!0x0000000077203970
[2018.06.03-14.16.08:100][204]LogOutputDevice: Error: UE4Editor.exe!0x00000000772039EA
[2018.06.03-14.16.08:100][204]LogOutputDevice: Error: UE4Editor.exe!0x00000000772102D9
[2018.06.03-14.16.08:100][204]LogOutputDevice: Error: UE4Editor.exe!0x0000000077211C47
[2018.06.03-14.16.08:100][204]LogOutputDevice: Error: KERNEL32.DLL!0x0000000010CC1FE4
[2018.06.03-14.16.08:100][204]LogOutputDevice: Error: ntdll.dll!0x0000000011C3F061
[2018.06.03-14.16.08:100][204]LogOutputDevice: Error: 
[2018.06.03-14.16.08:109][204]LogStats:                SubmitErrorReport -  0.000 s
[2018.06.03-14.16.08:751][204]LogStats:                    SendNewReport -  0.643 s
[2018.06.03-14.16.08:751][204]LogStats:             FDebug::EnsureFailed -  0.851 s
[2018.06.03-14.16.08:751][204]LogUnrealMath: Error: FMatrix::InverseFast(), trying to invert a NIL matrix, this results in NaNs! Use Inverse() instead.
[2018.06.03-14.16.08:751][204]LogUnrealMath: Error: FMatrix::InverseFast(), trying to invert a NIL matrix, this results in NaNs! Use Inverse() instead.
[2018.06.03-14.16.08:751][204]LogUnrealMath: Error: FMatrix::InverseFast(), trying to invert a NIL matrix, this results in NaNs! Use Inverse() instead.
[2018.06.03-14.16.08:751][204]LogBlueprint: Warning: SetRelativeScale3D : Invalid Scale entered (X=0.000 Y=-nan(ind) Z=70.000). Resetting to 1.f.
[2018.06.03-14.16.08:754][204]LogUnrealMath: Error: FMatrix::InverseFast(), trying to invert a NIL matrix, this results in NaNs! Use Inverse() instead.
[2018.06.03-14.16.08:754][204]LogUnrealMath: Error: FMatrix::InverseFast(), trying to invert a NIL matrix, this results in NaNs! Use Inverse() instead.
[2018.06.03-14.16.08:754][204]LogUnrealMath: Error: FMatrix::InverseFast(), trying to invert a NIL matrix, this results in NaNs! Use Inverse() instead.
[2018.06.03-14.16.08:754][204]LogUnrealMath: Error: FMatrix::InverseFast(), trying to invert a NIL matrix, this results in NaNs! Use Inverse() instead.
[2018.06.03-14.16.08:754][204]LogBlueprint: Warning: SetRelativeScale3D : Invalid Scale entered (X=0.000 Y=-nan(ind) Z=70.000). Resetting to 1.f.
[2018.06.03-14.16.08:761][204]PIE: Play in editor start time for /Game/VirtualRealityBP/Maps/UEDPIE_0_MotionControllerMap 4.305
[2018.06.03-14.16.08:762][204]LogBlueprintUserMessages: Late PlayInEditor Detection: Level '/Game/VirtualRealityBP/Maps/MotionControllerMap.MotionControllerMap:PersistentLevel' has LevelScriptBlueprint '/Game/VirtualRealityBP/Maps/MotionControllerMap.MotionControllerMap:PersistentLevel.MotionControllerMap' with GeneratedClass '/Game/VirtualRealityBP/Maps/MotionControllerMap.MotionControllerMap_C' with ClassGeneratedBy '/Game/VirtualRealityBP/Maps/MotionControllerMap.MotionControllerMap:PersistentLevel.MotionControllerMap'
[2018.06.03-14.16.08:828][205]LogRenderer: Reallocating scene render targets to support 3504x1948 Format 26 NumSamples 1 (Frame:1).
[2018.06.03-14.16.54:159][773]LogBlueprintUserMessages: Early EndPlayMap Detection: Level '/Game/VirtualRealityBP/Maps/MotionControllerMap.MotionControllerMap:PersistentLevel' has LevelScriptBlueprint '/Game/VirtualRealityBP/Maps/MotionControllerMap.MotionControllerMap:PersistentLevel.MotionControllerMap' with GeneratedClass '/Game/VirtualRealityBP/Maps/MotionControllerMap.MotionControllerMap_C' with ClassGeneratedBy '/Game/VirtualRealityBP/Maps/MotionControllerMap.MotionControllerMap:PersistentLevel.MotionControllerMap'
[2018.06.03-14.16.54:309][773]LogBlueprintUserMessages: Late EndPlayMap Detection: Level '/Game/VirtualRealityBP/Maps/MotionControllerMap.MotionControllerMap:PersistentLevel' has LevelScriptBlueprint '/Game/VirtualRealityBP/Maps/MotionControllerMap.MotionControllerMap:PersistentLevel.MotionControllerMap' with GeneratedClass '/Game/VirtualRealityBP/Maps/MotionControllerMap.MotionControllerMap_C' with ClassGeneratedBy '/Game/VirtualRealityBP/Maps/MotionControllerMap.MotionControllerMap:PersistentLevel.MotionControllerMap'
[2018.06.03-14.17.16:943][472]LogTemp: Repeating last play command: VR Preview
[2018.06.03-14.17.16:954][472]LogBlueprintUserMessages: Early PlayInEditor Detection: Level '/Game/VirtualRealityBP/Maps/MotionControllerMap.MotionControllerMap:PersistentLevel' has LevelScriptBlueprint '/Game/VirtualRealityBP/Maps/MotionControllerMap.MotionControllerMap:PersistentLevel.MotionControllerMap' with GeneratedClass '/Game/VirtualRealityBP/Maps/MotionControllerMap.MotionControllerMap_C' with ClassGeneratedBy '/Game/VirtualRealityBP/Maps/MotionControllerMap.MotionControllerMap:PersistentLevel.MotionControllerMap'
[2018.06.03-14.17.16:954][472]LogPlayLevel: PlayLevel: No blueprints needed recompiling
[2018.06.03-14.17.16:955][472]PIE: New page: PIE session: MotionControllerMap (Jun 3, 2018, 6:17:16 PM)
[2018.06.03-14.17.16:955][472]LogPlayLevel: Creating play world package: /Game/VirtualRealityBP/Maps/UEDPIE_0_MotionControllerMap
[2018.06.03-14.17.16:959][472]LogPlayLevel: PIE: StaticDuplicateObject took: (0.004545s)
[2018.06.03-14.17.16:960][472]LogAIModule: Creating AISystem for world MotionControllerMap
[2018.06.03-14.17.16:960][472]LogPlayLevel: PIE: World Init took: (0.000558s)
[2018.06.03-14.17.16:960][472]LogPlayLevel: PIE: Created PIE world by copying editor world from /Game/VirtualRealityBP/Maps/MotionControllerMap.MotionControllerMap to /Game/VirtualRealityBP/Maps/UEDPIE_0_MotionControllerMap.MotionControllerMap (0.005358s)
[2018.06.03-14.17.16:981][472]LogInit: XAudio2 using 'Haut-parleurs (3- USB Audio Device)' : 2 channels at 48 kHz using 16 bits per sample (channel mask 0x3)
[2018.06.03-14.17.16:988][472]LogInit: FAudioDevice initialized.
[2018.06.03-14.17.17:060][472]LogUObjectGlobals: Warning: Failed to find object 'Class None.'
[2018.06.03-14.17.17:060][472]LogLoad: Game class is 'GameModeBase'
[2018.06.03-14.17.17:062][472]LogWorld: Bringing World /Game/VirtualRealityBP/Maps/UEDPIE_0_MotionControllerMap.MotionControllerMap up for play (max tick rate 0) at 2018.06.03-16.17.17
[2018.06.03-14.17.17:062][472]LogWorld: Bringing up level for play took: 0.001548
[2018.06.03-14.17.17:069][472]PIE: Play in editor start time for /Game/VirtualRealityBP/Maps/UEDPIE_0_MotionControllerMap 0.613
[2018.06.03-14.17.17:070][472]LogBlueprintUserMessages: Late PlayInEditor Detection: Level '/Game/VirtualRealityBP/Maps/MotionControllerMap.MotionControllerMap:PersistentLevel' has LevelScriptBlueprint '/Game/VirtualRealityBP/Maps/MotionControllerMap.MotionControllerMap:PersistentLevel.MotionControllerMap' with GeneratedClass '/Game/VirtualRealityBP/Maps/MotionControllerMap.MotionControllerMap_C' with ClassGeneratedBy '/Game/VirtualRealityBP/Maps/MotionControllerMap.MotionControllerMap:PersistentLevel.MotionControllerMap'
[2018.06.03-14.17.39:888][511]LogBlueprintUserMessages: Early EndPlayMap Detection: Level '/Game/VirtualRealityBP/Maps/MotionControllerMap.MotionControllerMap:PersistentLevel' has LevelScriptBlueprint '/Game/VirtualRealityBP/Maps/MotionControllerMap.MotionControllerMap:PersistentLevel.MotionControllerMap' with GeneratedClass '/Game/VirtualRealityBP/Maps/MotionControllerMap.MotionControllerMap_C' with ClassGeneratedBy '/Game/VirtualRealityBP/Maps/MotionControllerMap.MotionControllerMap:PersistentLevel.MotionControllerMap'
[2018.06.03-14.17.40:037][511]LogBlueprintUserMessages: Late EndPlayMap Detection: Level '/Game/VirtualRealityBP/Maps/MotionControllerMap.MotionControllerMap:PersistentLevel' has LevelScriptBlueprint '/Game/VirtualRealityBP/Maps/MotionControllerMap.MotionControllerMap:PersistentLevel.MotionControllerMap' with GeneratedClass '/Game/VirtualRealityBP/Maps/MotionControllerMap.MotionControllerMap_C' with ClassGeneratedBy '/Game/VirtualRealityBP/Maps/MotionControllerMap.MotionControllerMap:PersistentLevel.MotionControllerMap'
[2018.06.03-14.17.40:108][514]Cmd: SELECT NONE
[2018.06.03-14.17.43:440][739]LogSavePackage: Save=64.30ms
[2018.06.03-14.17.43:441][739]LogSavePackage: Moving 'E:/Unreal Projects/Bibli_VR/EscapeGameVR/EscapeGame/Saved/MotionControllerMapC0C80BF347ED90DEDE50E38DBFEA782B.tmp' to 'E:/Unreal Projects/Bibli_VR/EscapeGameVR/EscapeGame/Content/VirtualRealityBP/Maps/MotionControllerMap.umap'
[2018.06.03-14.17.43:442][739]LogSavePackage: Display: Finished SavePackage E:/Unreal Projects/Bibli_VR/EscapeGameVR/EscapeGame/Content/VirtualRealityBP/Maps/MotionControllerMap.umap
[2018.06.03-14.17.43:459][739]LogFileHelpers: Saving map 'MotionControllerMap' took 0.166
[2018.06.03-14.17.43:513][739]LogWindowsTextInputMethodSystem: Display: IME system now deactivated.
[2018.06.03-14.17.43:701][740]Cmd: QUIT_EDITOR
[2018.06.03-14.17.44:461][740]LogExit: Preparing to exit.
[2018.06.03-14.17.44:805][740]LogExit: Editor shut down
[2018.06.03-14.17.44:808][740]LogExit: Transaction tracking system shut down
[2018.06.03-14.17.44:941][740]LogDirectoryWatcher: A directory notification for '../../../Engine/Content/' was aborted.
[2018.06.03-14.17.44:941][740]LogDirectoryWatcher: A directory notification for 'E:/Unreal Projects/Bibli_VR/EscapeGameVR/EscapeGame/Content/' was aborted.
[2018.06.03-14.17.44:941][740]LogDirectoryWatcher: A directory notification for '../../../Engine/Plugins/2D/Paper2D/Content/' was aborted.
[2018.06.03-14.17.44:941][740]LogDirectoryWatcher: A directory notification for '../../../Engine/Plugins/Runtime/Oculus/OculusVR/Content/' was aborted.
[2018.06.03-14.17.44:941][740]LogDirectoryWatcher: A directory notification for '../../../Engine/Plugins/Runtime/Steam/SteamVR/Content/' was aborted.
[2018.06.03-14.17.45:112][740]LogExit: Object subsystem successfully closed.
[2018.06.03-14.17.45:132][740]LogD3D11RHI: Shutdown
[2018.06.03-14.17.45:132][740]LogD3D11RHI: CleanupD3DDevice
[2018.06.03-14.17.45:135][740]LogD3D11RHI: ~FD3D11DynamicRHI
[2018.06.03-14.17.45:153][740]LogModuleManager: Shutting down and abandoning module MovieSceneCapture (538)
[2018.06.03-14.17.45:153][740]LogModuleManager: Shutting down and abandoning module HierarchicalLODUtilities (536)
[2018.06.03-14.17.45:153][740]LogModuleManager: Shutting down and abandoning module BlueprintGraph (534)
[2018.06.03-14.17.45:153][740]LogModuleManager: Shutting down and abandoning module BlueprintProfiler (532)
[2018.06.03-14.17.45:154][740]LogModuleManager: Shutting down and abandoning module StatsViewer (530)
[2018.06.03-14.17.45:154][740]LogModuleManager: Shutting down and abandoning module HierarchicalLODOutliner (528)
[2018.06.03-14.17.45:155][740]LogModuleManager: Shutting down and abandoning module SceneOutliner (526)
[2018.06.03-14.17.45:155][740]LogModuleManager: Shutting down and abandoning module AddContentDialog (524)
[2018.06.03-14.17.45:155][740]LogDirectoryWatcher: A directory notification for 'C:/Program Files (x86)/Epic Games/UE_4.17/FeaturePacks/' was aborted.
[2018.06.03-14.17.45:155][740]LogModuleManager: Shutting down and abandoning module WidgetCarousel (523)
[2018.06.03-14.17.45:155][740]LogModuleManager: Shutting down and abandoning module EditorWidgets (520)
[2018.06.03-14.17.45:155][740]LogModuleManager: Shutting down and abandoning module CollectionManager (518)
[2018.06.03-14.17.45:156][740]LogDirectoryWatcher: A directory notification for 'E:/Unreal Projects/Bibli_VR/EscapeGameVR/EscapeGame/Content/Collections/' was aborted.
[2018.06.03-14.17.45:156][740]LogDirectoryWatcher: A directory notification for 'E:/Unreal Projects/Bibli_VR/EscapeGameVR/EscapeGame/Content/Developers/40U000PABBLBND0K5G/Collections/' was aborted.
[2018.06.03-14.17.45:156][740]LogDirectoryWatcher: A directory notification for 'E:/Unreal Projects/Bibli_VR/EscapeGameVR/EscapeGame/Saved/Collections/' was aborted.
[2018.06.03-14.17.45:156][740]LogModuleManager: Shutting down and abandoning module FoliageEdit (516)
[2018.06.03-14.17.45:156][740]LogModuleManager: Shutting down and abandoning module LandscapeEditor (514)
[2018.06.03-14.17.45:156][740]LogModuleManager: Shutting down and abandoning module MeshPaintMode (512)
[2018.06.03-14.17.45:156][740]LogModuleManager: Shutting down and abandoning module SceneDepthPickerMode (510)
[2018.06.03-14.17.45:156][740]LogModuleManager: Shutting down and abandoning module ActorPickerMode (508)
[2018.06.03-14.17.45:156][740]LogModuleManager: Shutting down and abandoning module GeometryMode (506)
[2018.06.03-14.17.45:156][740]LogModuleManager: Shutting down and abandoning module TextureAlignMode (504)
[2018.06.03-14.17.45:156][740]LogModuleManager: Shutting down and abandoning module BspMode (502)
[2018.06.03-14.17.45:156][740]LogModuleManager: Shutting down and abandoning module PIEPreviewDeviceProfileSelector (500)
[2018.06.03-14.17.45:156][740]LogModuleManager: Shutting down and abandoning module HardwareSurvey (498)
[2018.06.03-14.17.45:156][740]LogModuleManager: Shutting down and abandoning module SequenceRecorderSections (496)
[2018.06.03-14.17.45:156][740]LogModuleManager: Shutting down and abandoning module AutomationWorker (494)
[2018.06.03-14.17.45:156][740]LogModuleManager: Shutting down and abandoning module MatineeToLevelSequence (492)
[2018.06.03-14.17.45:157][740]LogModuleManager: Shutting down and abandoning module LevelSequenceEditor (490)
[2018.06.03-14.17.45:157][740]LogModuleManager: Shutting down and abandoning module PlacementMode (489)
[2018.06.03-14.17.45:157][740]LogModuleManager: Shutting down and abandoning module WmfMediaFactory (486)
[2018.06.03-14.17.45:157][740]LogModuleManager: Shutting down and abandoning module WmfMediaEditor (484)
[2018.06.03-14.17.45:157][740]LogModuleManager: Shutting down and abandoning module AvfMediaFactory (482)
[2018.06.03-14.17.45:157][740]LogModuleManager: Shutting down and abandoning module AvfMediaEditor (480)
[2018.06.03-14.17.45:157][740]LogModuleManager: Shutting down and abandoning module AndroidMediaFactory (478)
[2018.06.03-14.17.45:157][740]LogModuleManager: Shutting down and abandoning module Media (477)
[2018.06.03-14.17.45:157][740]LogModuleManager: Shutting down and abandoning module AndroidMediaEditor (474)
[2018.06.03-14.17.45:157][740]LogModuleManager: Shutting down and abandoning module CharacterAI (472)
[2018.06.03-14.17.45:157][740]LogModuleManager: Shutting down and abandoning module AudioCapture (470)
[2018.06.03-14.17.45:157][740]LogModuleManager: Shutting down and abandoning module SequenceRecorder (469)
[2018.06.03-14.17.45:157][740]LogModuleManager: Shutting down and abandoning module SmartSnapping (466)
[2018.06.03-14.17.45:157][740]LogModuleManager: Shutting down and abandoning module SessionServices (464)
[2018.06.03-14.17.45:157][740]LogModuleManager: Shutting down and abandoning module ViewportSnapping (462)
[2018.06.03-14.17.45:157][740]LogModuleManager: Shutting down and abandoning module ViewportInteraction (460)
[2018.06.03-14.17.45:158][740]LogModuleManager: Shutting down and abandoning module ClothPainter (458)
[2018.06.03-14.17.45:158][740]LogModuleManager: Shutting down and abandoning module LogVisualizer (456)
[2018.06.03-14.17.45:158][740]LogModuleManager: Shutting down and abandoning module IntroTutorials (454)
[2018.06.03-14.17.45:158][740]LogModuleManager: Shutting down and abandoning module GameProjectGeneration (453)
[2018.06.03-14.17.45:159][740]LogModuleManager: Shutting down and abandoning module IOSPlatformEditor (450)
[2018.06.03-14.17.45:159][740]LogModuleManager: Shutting down and abandoning module HTML5PlatformEditor (448)
[2018.06.03-14.17.45:159][740]LogModuleManager: Shutting down and abandoning module AndroidPlatformEditor (446)
[2018.06.03-14.17.45:159][740]LogModuleManager: Shutting down and abandoning module AndroidDeviceDetection (445)
[2018.06.03-14.17.45:770][740]LogModuleManager: Shutting down and abandoning module WindowsPlatformEditor (442)
[2018.06.03-14.17.45:770][740]LogModuleManager: Shutting down and abandoning module IOSRuntimeSettings (440)
[2018.06.03-14.17.45:770][740]LogModuleManager: Shutting down and abandoning module AndroidRuntimeSettings (438)
[2018.06.03-14.17.45:770][740]LogModuleManager: Shutting down and abandoning module InputBindingEditor (436)
[2018.06.03-14.17.45:771][740]LogModuleManager: Shutting down and abandoning module MergeActors (434)
[2018.06.03-14.17.45:771][740]LogModuleManager: Shutting down and abandoning module SizeMap (432)
[2018.06.03-14.17.45:771][740]LogModuleManager: Shutting down and abandoning module TreeMap (430)
[2018.06.03-14.17.45:771][740]LogModuleManager: Shutting down and abandoning module ReferenceViewer (428)
[2018.06.03-14.17.45:771][740]LogModuleManager: Shutting down and abandoning module LocalizationDashboard (426)
[2018.06.03-14.17.45:772][740]LogModuleManager: Shutting down and abandoning module LocalizationService (425)
[2018.06.03-14.17.45:772][740]LogModuleManager: Shutting down and abandoning module HardwareTargeting (422)
[2018.06.03-14.17.45:772][740]LogModuleManager: Shutting down and abandoning module DeviceProfileEditor (420)
[2018.06.03-14.17.45:772][740]LogModuleManager: Shutting down and abandoning module UndoHistory (418)
[2018.06.03-14.17.45:772][740]LogModuleManager: Shutting down and abandoning module XmlParser (416)
[2018.06.03-14.17.45:772][740]LogModuleManager: Shutting down and abandoning module Blutility (414)
[2018.06.03-14.17.45:772][740]LogModuleManager: Shutting down and abandoning module ProjectSettingsViewer (412)
[2018.06.03-14.17.45:772][740]LogModuleManager: Shutting down and abandoning module ProjectTargetPlatformEditor (411)
[2018.06.03-14.17.45:772][740]LogModuleManager: Shutting down and abandoning module EditorSettingsViewer (408)
[2018.06.03-14.17.45:772][740]LogModuleManager: Shutting down and abandoning module SettingsEditor (406)
[2018.06.03-14.17.45:772][740]LogModuleManager: Shutting down and abandoning module ProjectLauncher (404)
[2018.06.03-14.17.45:773][740]LogModuleManager: Shutting down and abandoning module SessionFrontend (402)
[2018.06.03-14.17.45:773][740]LogModuleManager: Shutting down and abandoning module ProfilerClient (400)
[2018.06.03-14.17.45:773][740]LogModuleManager: Shutting down and abandoning module DeviceManager (398)
[2018.06.03-14.17.45:773][740]LogModuleManager: Shutting down and abandoning module TargetDeviceServices (397)
[2018.06.03-14.17.45:826][740]LogModuleManager: Shutting down and abandoning module AutomationController (394)
[2018.06.03-14.17.45:826][740]LogModuleManager: Shutting down and abandoning module AutomationWindow (392)
[2018.06.03-14.17.45:827][740]LogModuleManager: Shutting down and abandoning module Layers (390)
[2018.06.03-14.17.45:829][740]LogModuleManager: Shutting down and abandoning module ComponentVisualizers (388)
[2018.06.03-14.17.45:829][740]LogModuleManager: Shutting down and abandoning module DetailCustomizations (386)
[2018.06.03-14.17.45:829][740]LogModuleManager: Shutting down and abandoning module PackagesDialog (384)
[2018.06.03-14.17.45:829][740]LogModuleManager: Shutting down and abandoning module Persona (382)
[2018.06.03-14.17.45:830][740]LogModuleManager: Shutting down and abandoning module AdvancedPreviewScene (381)
[2018.06.03-14.17.45:830][740]LogModuleManager: Shutting down and abandoning module AnimGraph (379)
[2018.06.03-14.17.45:830][740]LogModuleManager: Shutting down and abandoning module Kismet (376)
[2018.06.03-14.17.45:836][740]LogModuleManager: Shutting down and abandoning module ClassViewer (374)
[2018.06.03-14.17.45:836][740]LogModuleManager: Shutting down and abandoning module Toolbox (372)
[2018.06.03-14.17.45:836][740]LogModuleManager: Shutting down and abandoning module ModuleUI (370)
[2018.06.03-14.17.45:837][740]LogModuleManager: Shutting down and abandoning module MovieSceneTools (368)
[2018.06.03-14.17.45:837][740]LogModuleManager: Shutting down and abandoning module OutputLog (366)
[2018.06.03-14.17.45:837][740]LogModuleManager: Shutting down and abandoning module GammaUI (364)
[2018.06.03-14.17.45:838][740]LogModuleManager: Shutting down and abandoning module Documentation (362)
[2018.06.03-14.17.45:838][740]LogModuleManager: Shutting down and abandoning module MovieSceneTracks (360)
[2018.06.03-14.17.45:838][740]LogModuleManager: Shutting down and abandoning module MovieScene (358)
[2018.06.03-14.17.45:838][740]LogModuleManager: Shutting down and abandoning module Niagara (356)
[2018.06.03-14.17.45:838][740]LogModuleManager: Shutting down and abandoning module NiagaraEditor (355)
[2018.06.03-14.17.45:839][740]LogModuleManager: Shutting down and abandoning module StreamingPauseRendering (352)
[2018.06.03-14.17.45:839][740]LogModuleManager: Shutting down and abandoning module LauncherPlatform (350)
[2018.06.03-14.17.45:839][740]LogModuleManager: Shutting down and abandoning module AnalyticsET (348)
[2018.06.03-14.17.45:839][740]LogModuleManager: Shutting down and abandoning module PortalServices (346)
[2018.06.03-14.17.45:839][740]LogModuleManager: Shutting down and abandoning module PortalRpc (344)
[2018.06.03-14.17.45:839][740]LogModuleManager: Shutting down and abandoning module MessagingRpc (342)
[2018.06.03-14.17.45:839][740]LogModuleManager: Shutting down and abandoning module AIModule (340)
[2018.06.03-14.17.45:839][740]LogModuleManager: Shutting down and abandoning module GameplayDebugger (339)
[2018.06.03-14.17.45:839][740]LogModuleManager: Shutting down and abandoning module AITestSuite (337)
[2018.06.03-14.17.45:839][740]LogModuleManager: Shutting down and abandoning module ProfilerService (334)
[2018.06.03-14.17.45:879][740]LogModuleManager: Shutting down and abandoning module TaskGraph (332)
[2018.06.03-14.17.45:880][740]LogModuleManager: Shutting down and abandoning module SteamVRController (330)
[2018.06.03-14.17.45:880][740]LogModuleManager: Shutting down and abandoning module ProceduralMeshComponentEditor (328)
[2018.06.03-14.17.45:880][740]LogModuleManager: Shutting down and abandoning module ProceduralMeshComponent (326)
[2018.06.03-14.17.45:880][740]LogModuleManager: Shutting down and abandoning module OculusInput (324)
[2018.06.03-14.17.45:880][740]LogModuleManager: Shutting down and abandoning module MobilePatchingUtils (322)
[2018.06.03-14.17.45:880][740]LogModuleManager: Shutting down and abandoning module CustomMeshComponent (320)
[2018.06.03-14.17.45:880][740]LogModuleManager: Shutting down and abandoning module CableComponent (318)
[2018.06.03-14.17.45:880][740]LogModuleManager: Shutting down and abandoning module ArchVisCharacter (316)
[2018.06.03-14.17.45:880][740]LogModuleManager: Shutting down and abandoning module AndroidPermission (314)
[2018.06.03-14.17.45:880][740]LogModuleManager: Shutting down and abandoning module MediaPlayerEditor (310)
[2018.06.03-14.17.45:880][740]LogModuleManager: Shutting down and abandoning module HTML5Networking (308)
[2018.06.03-14.17.45:880][740]LogModuleManager: Shutting down and abandoning module AlembicImporter (306)
[2018.06.03-14.17.45:880][740]LogModuleManager: Shutting down and abandoning module AlembicLibrary (305)
[2018.06.03-14.17.45:880][740]LogModuleManager: Shutting down and abandoning module GeometryCache (304)
[2018.06.03-14.17.45:880][740]LogModuleManager: Shutting down and abandoning module GeometryCacheEd (303)
[2018.06.03-14.17.45:880][740]LogModuleManager: Shutting down and abandoning module SpeedTreeImporter (298)
[2018.06.03-14.17.45:880][740]LogModuleManager: Shutting down and abandoning module PluginBrowser (296)
[2018.06.03-14.17.45:881][740]LogModuleManager: Shutting down and abandoning module MobileLauncherProfileWizard (294)
[2018.06.03-14.17.45:881][740]LogModuleManager: Shutting down and abandoning module VisualStudioSourceCodeAccess (292)
[2018.06.03-14.17.45:881][740]LogModuleManager: Shutting down and abandoning module DesktopPlatform (291)
[2018.06.03-14.17.45:881][740]LogModuleManager: Shutting down and abandoning module UObjectPlugin (288)
[2018.06.03-14.17.45:881][740]LogModuleManager: Shutting down and abandoning module SubversionSourceControl (286)
[2018.06.03-14.17.45:881][740]LogModuleManager: Shutting down and abandoning module PerforceSourceControl (284)
[2018.06.03-14.17.45:881][740]LogModuleManager: Shutting down and abandoning module GitSourceControl (282)
[2018.06.03-14.17.45:881][740]LogModuleManager: Shutting down and abandoning module SourceControl (281)
[2018.06.03-14.17.45:882][740]LogModuleManager: Shutting down and abandoning module LightPropagationVolumeEditor (278)
[2018.06.03-14.17.45:882][740]LogModuleManager: Shutting down and abandoning module PaperTiledImporter (276)
[2018.06.03-14.17.45:882][740]LogModuleManager: Shutting down and abandoning module PaperSpriteSheetImporter (274)
[2018.06.03-14.17.45:882][740]LogModuleManager: Shutting down and abandoning module Paper2DEditor (272)
[2018.06.03-14.17.45:882][740]LogModuleManager: Shutting down and abandoning module MeshPaint (271)
[2018.06.03-14.17.45:882][740]LogModuleManager: Shutting down and abandoning module LevelEditor (269)
[2018.06.03-14.17.45:882][740]LogModuleManager: Shutting down and abandoning module PixelInspectorModule (268)
[2018.06.03-14.17.45:882][740]LogModuleManager: Shutting down and abandoning module MainFrame (266)
[2018.06.03-14.17.45:882][740]LogModuleManager: Shutting down and abandoning module HotReload (265)
[2018.06.03-14.17.45:883][740]LogModuleManager: Shutting down and abandoning module RuntimePhysXCooking (260)
[2018.06.03-14.17.45:883][740]LogModuleManager: Shutting down and abandoning module PhysXVehiclesEditor (258)
[2018.06.03-14.17.45:883][740]LogModuleManager: Shutting down and abandoning module PhysXVehicles (256)
[2018.06.03-14.17.45:883][740]LogModuleManager: Shutting down and abandoning module OculusEditor (254)
[2018.06.03-14.17.45:883][740]LogModuleManager: Shutting down and abandoning module LocationServicesBPLibrary (252)
[2018.06.03-14.17.45:883][740]LogModuleManager: Shutting down and abandoning module ImmediatePhysicsEditor (250)
[2018.06.03-14.17.45:883][740]LogModuleManager: Shutting down and abandoning module ImmediatePhysics (248)
[2018.06.03-14.17.45:883][740]LogModuleManager: Shutting down and abandoning module UdpMessaging (246)
[2018.06.03-14.17.45:984][740]LogModuleManager: Shutting down and abandoning module TcpMessaging (244)
[2018.06.03-14.17.46:085][740]LogModuleManager: Shutting down and abandoning module GameplayTagsEditor (242)
[2018.06.03-14.17.46:085][740]LogModuleManager: Shutting down and abandoning module FacialAnimationEditor (240)
[2018.06.03-14.17.46:085][740]LogModuleManager: Shutting down and abandoning module FacialAnimation (238)
[2018.06.03-14.17.46:085][740]LogModuleManager: Shutting down and abandoning module AssetManagerEditor (236)
[2018.06.03-14.17.46:085][740]LogModuleManager: Shutting down and abandoning module GraphEditor (235)
[2018.06.03-14.17.46:085][740]LogModuleManager: Shutting down and abandoning module ContentBrowser (233)
[2018.06.03-14.17.46:086][740]LogModuleManager: Shutting down and abandoning module LightPropagationVolumeRuntime (230)
[2018.06.03-14.17.46:086][740]LogModuleManager: Shutting down and abandoning module Paper2D (228)
[2018.06.03-14.17.46:086][740]LogModuleManager: Shutting down and abandoning module WindowsMoviePlayer (226)
[2018.06.03-14.17.46:086][740]LogModuleManager: Shutting down and abandoning module WmfMedia (224)
[2018.06.03-14.17.46:088][740]LogModuleManager: Shutting down and abandoning module PacketHandler (222)
[2018.06.03-14.17.46:088][740]LogModuleManager: Shutting down and abandoning module ClothingSystemEditor (220)
[2018.06.03-14.17.46:088][740]LogModuleManager: Shutting down and abandoning module ClothingSystemRuntime (218)
[2018.06.03-14.17.46:088][740]LogModuleManager: Shutting down and abandoning module Overlay (216)
[2018.06.03-14.17.46:088][740]LogModuleManager: Shutting down and abandoning module OverlayEditor (215)
[2018.06.03-14.17.46:088][740]LogModuleManager: Shutting down and abandoning module MediaAssets (212)
[2018.06.03-14.17.46:088][740]LogModuleManager: Shutting down and abandoning module VREditor (210)
[2018.06.03-14.17.46:088][740]LogModuleManager: Shutting down and abandoning module StringTableEditor (208)
[2018.06.03-14.17.46:088][740]LogModuleManager: Shutting down and abandoning module GameplayTasksEditor (206)
[2018.06.03-14.17.46:088][740]LogModuleManager: Shutting down and abandoning module BehaviorTreeEditor (204)
[2018.06.03-14.17.46:090][740]LogModuleManager: Shutting down and abandoning module FunctionalTesting (202)
[2018.06.03-14.17.46:090][740]LogModuleManager: Shutting down and abandoning module CollisionAnalyzer (200)
[2018.06.03-14.17.46:090][740]LogModuleManager: Shutting down and abandoning module WorkspaceMenuStructure (199)
[2018.06.03-14.17.46:090][740]LogModuleManager: Shutting down and abandoning module UMG (196)
[2018.06.03-14.17.46:090][740]LogModuleManager: Shutting down and abandoning module UMGEditor (195)
[2018.06.03-14.17.46:091][740]LogModuleManager: Shutting down and abandoning module Sequencer (194)
[2018.06.03-14.17.46:092][740]LogModuleManager: Shutting down and abandoning module MessageLog (191)
[2018.06.03-14.17.46:092][740]LogModuleManager: Shutting down and abandoning module SlateReflector (186)
[2018.06.03-14.17.46:092][740]LogModuleManager: Shutting down and abandoning module Slate (184)
[2018.06.03-14.17.46:092][740]LogModuleManager: Shutting down and abandoning module EditorStyle (182)
[2018.06.03-14.17.46:094][740]LogModuleManager: Shutting down and abandoning module MRMesh (180)
[2018.06.03-14.17.46:094][740]LogModuleManager: Shutting down and abandoning module SourceCodeAccess (178)
[2018.06.03-14.17.46:094][740]LogModuleManager: Shutting down and abandoning module HeadMountedDisplay (176)
[2018.06.03-14.17.46:094][740]LogModuleManager: Shutting down and abandoning module XAudio2 (174)
[2018.06.03-14.17.46:094][740]LogModuleManager: Shutting down and abandoning module Networking (172)
[2018.06.03-14.17.46:094][740]LogModuleManager: Shutting down and abandoning module Core (168)
[2018.06.03-14.17.46:094][740]LogModuleManager: Shutting down and abandoning module KismetCompiler (164)
[2018.06.03-14.17.46:094][740]LogModuleManager: Shutting down and abandoning module LevelSequence (162)
[2018.06.03-14.17.46:094][740]LogModuleManager: Shutting down and abandoning module MeshUtilities (160)
[2018.06.03-14.17.46:095][740]LogModuleManager: Shutting down and abandoning module MeshMergeUtilities (159)
[2018.06.03-14.17.46:095][740]LogModuleManager: Shutting down and abandoning module MeshReductionInterface (158)
[2018.06.03-14.17.46:095][740]LogModuleManager: Shutting down and abandoning module SimplygonSwarm (157)
[2018.06.03-14.17.46:096][740]LogModuleManager: Shutting down and abandoning module SimplygonMeshReduction (155)
[2018.06.03-14.17.46:096][740]LogModuleManager: Shutting down and abandoning module QuadricMeshReduction (153)
[2018.06.03-14.17.46:096][740]LogModuleManager: Shutting down and abandoning module MaterialBaking (149)
[2018.06.03-14.17.46:096][740]LogModuleManager: Shutting down and abandoning module DirectoryWatcher (146)
[2018.06.03-14.17.46:097][740]LogModuleManager: Shutting down and abandoning module DerivedDataCache (144)
[2018.06.03-14.17.46:162][740]LogDerivedDataCache: Shutdown
[2018.06.03-14.17.46:162][740]LogModuleManager: Shutting down and abandoning module TargetPlatform (142)
[2018.06.03-14.17.46:162][740]LogModuleManager: Shutting down and abandoning module VulkanShaderFormat (141)
[2018.06.03-14.17.46:162][740]LogModuleManager: Shutting down and abandoning module ShaderFormatVectorVM (139)
[2018.06.03-14.17.46:163][740]LogModuleManager: Shutting down and abandoning module ShaderFormatOpenGL (137)
[2018.06.03-14.17.46:163][740]LogModuleManager: Shutting down and abandoning module ShaderFormatD3D (135)
[2018.06.03-14.17.46:163][740]LogModuleManager: Shutting down and abandoning module MetalShaderFormat (133)
[2018.06.03-14.17.46:164][740]LogModuleManager: Shutting down and abandoning module TextureFormatUncompressed (131)
[2018.06.03-14.17.46:164][740]LogModuleManager: Shutting down and abandoning module TextureFormatPVR (129)
[2018.06.03-14.17.46:164][740]LogModuleManager: Shutting down and abandoning module TextureFormatDXT (127)
[2018.06.03-14.17.46:164][740]LogModuleManager: Shutting down and abandoning module TextureFormatIntelISPCTexComp (125)
[2018.06.03-14.17.46:164][740]LogModuleManager: Shutting down and abandoning module TextureFormatASTC (123)
[2018.06.03-14.17.46:164][740]LogModuleManager: Shutting down and abandoning module ImageWrapper (122)
[2018.06.03-14.17.46:164][740]LogModuleManager: Shutting down and abandoning module TextureFormatAndroid (119)
[2018.06.03-14.17.46:164][740]LogModuleManager: Shutting down and abandoning module AudioFormatOpus (117)
[2018.06.03-14.17.46:164][740]LogModuleManager: Shutting down and abandoning module AudioFormatOgg (115)
[2018.06.03-14.17.46:164][740]LogModuleManager: Shutting down and abandoning module AudioFormatADPCM (113)
[2018.06.03-14.17.46:164][740]LogModuleManager: Shutting down and abandoning module LinuxTargetPlatform (111)
[2018.06.03-14.17.46:164][740]LogModuleManager: Shutting down and abandoning module LinuxServerTargetPlatform (109)
[2018.06.03-14.17.46:164][740]LogModuleManager: Shutting down and abandoning module LinuxNoEditorTargetPlatform (107)
[2018.06.03-14.17.46:164][740]LogModuleManager: Shutting down and abandoning module LinuxClientTargetPlatform (105)
[2018.06.03-14.17.46:164][740]LogModuleManager: Shutting down and abandoning module TVOSTargetPlatform (103)
[2018.06.03-14.17.46:164][740]LogModuleManager: Shutting down and abandoning module Messaging (101)
[2018.06.03-14.17.46:164][740]LogModuleManager: Shutting down and abandoning module IOSTargetPlatform (99)
[2018.06.03-14.17.46:164][740]LogModuleManager: Shutting down and abandoning module HTML5TargetPlatform (97)
[2018.06.03-14.17.46:164][740]LogModuleManager: Shutting down and abandoning module Android_PVRTCTargetPlatform (95)
[2018.06.03-14.17.46:164][740]LogModuleManager: Shutting down and abandoning module Android_MultiTargetPlatform (93)
[2018.06.03-14.17.46:164][740]LogModuleManager: Shutting down and abandoning module Android_ETC2TargetPlatform (91)
[2018.06.03-14.17.46:164][740]LogModuleManager: Shutting down and abandoning module Android_ETC1TargetPlatform (89)
[2018.06.03-14.17.46:164][740]LogModuleManager: Shutting down and abandoning module Android_DXTTargetPlatform (87)
[2018.06.03-14.17.46:164][740]LogModuleManager: Shutting down and abandoning module Android_ATCTargetPlatform (85)
[2018.06.03-14.17.46:164][740]LogModuleManager: Shutting down and abandoning module Android_ASTCTargetPlatform (83)
[2018.06.03-14.17.46:164][740]LogModuleManager: Shutting down and abandoning module AndroidTargetPlatform (81)
[2018.06.03-14.17.46:164][740]LogModuleManager: Shutting down and abandoning module WindowsTargetPlatform (79)
[2018.06.03-14.17.46:164][740]LogModuleManager: Shutting down and abandoning module WindowsServerTargetPlatform (77)
[2018.06.03-14.17.46:164][740]LogModuleManager: Shutting down and abandoning module WindowsNoEditorTargetPlatform (75)
[2018.06.03-14.17.46:164][740]LogModuleManager: Shutting down and abandoning module WindowsClientTargetPlatform (73)
[2018.06.03-14.17.46:164][740]LogModuleManager: Shutting down and abandoning module MacTargetPlatform (71)
[2018.06.03-14.17.46:164][740]LogModuleManager: Shutting down and abandoning module MacServerTargetPlatform (69)
[2018.06.03-14.17.46:164][740]LogModuleManager: Shutting down and abandoning module MacNoEditorTargetPlatform (67)
[2018.06.03-14.17.46:164][740]LogModuleManager: Shutting down and abandoning module MacClientTargetPlatform (65)
[2018.06.03-14.17.46:164][740]LogModuleManager: Shutting down and abandoning module AllDesktopTargetPlatform (63)
[2018.06.03-14.17.46:164][740]LogModuleManager: Shutting down and abandoning module InputCore (60)
[2018.06.03-14.17.46:164][740]LogModuleManager: Shutting down and abandoning module Settings (58)
[2018.06.03-14.17.46:164][740]LogModuleManager: Shutting down and abandoning module PhysXCooking (56)
[2018.06.03-14.17.46:164][740]LogModuleManager: Shutting down and abandoning module SteamVR (54)
[2018.06.03-14.17.46:164][740]LogModuleManager: Shutting down and abandoning module OculusHMD (52)
[2018.06.03-14.17.46:164][740]LogModuleManager: Shutting down and abandoning module ExampleDeviceProfileSelector (50)
[2018.06.03-14.17.46:164][740]LogModuleManager: Shutting down and abandoning module OnlineBlueprintSupport (48)
[2018.06.03-14.17.46:164][740]LogModuleManager: Shutting down and abandoning module OnlineSubsystem (44)
[2018.06.03-14.17.46:164][740]LogOnline: Display: Unloading online subsystem: NULL
[2018.06.03-14.17.46:165][740]LogModuleManager: Shutting down and abandoning module XMPP (43)
[2018.06.03-14.17.46:165][740]LogModuleManager: Shutting down and abandoning module HTTP (41)
[2018.06.03-14.17.46:165][740]LogHttp: Display: Http module shutting down, but needs to wait on 1 outstanding Http requests:
[2018.06.03-14.17.46:166][740]LogHttp: Display: 	verb=[POST] url=[https://datarouter.ol.epicgames.com/datarouter/api/v1/public/data?SessionID=%7B86DA6161-4E91-7BBA-DDC5-FEB3C050EAC3%7D&AppID=UEEditor.Rocket.Release&AppVersion=4.17.2-3658906%2B%2B%2BUE4%2BRelease-4.17&UserID=79cf1e6446ce7a8bf079248aed6029d6%7C80b1eb99918043e1ad767e032d7e7716%7C685c7ad8-6aa5-4730-86c2-940690bde84f&AppEnvironment=datacollector-binary&UploadType=eteventstream] status=Processing
[2018.06.03-14.17.46:199][740]LogModuleManager: Shutting down and abandoning module SSL (40)
[2018.06.03-14.17.46:200][740]LogModuleManager: Shutting down and abandoning module AnimationModifiers (36)
[2018.06.03-14.17.46:200][740]LogModuleManager: Shutting down and abandoning module PropertyEditor (35)
[2018.06.03-14.17.46:200][740]LogModuleManager: Shutting down and abandoning module AudioEditor (32)
[2018.06.03-14.17.46:201][740]LogModuleManager: Shutting down and abandoning module TextureCompressor (30)
[2018.06.03-14.17.46:201][740]LogModuleManager: Shutting down and abandoning module ShaderCore (28)
[2018.06.03-14.17.46:201][740]LogModuleManager: Shutting down and abandoning module Landscape (26)
[2018.06.03-14.17.46:201][740]LogModuleManager: Shutting down and abandoning module SlateRHIRenderer (24)
[2018.06.03-14.17.46:202][740]LogModuleManager: Shutting down and abandoning module OpenGLDrv (22)
[2018.06.03-14.17.46:203][740]LogModuleManager: Shutting down and abandoning module D3D11RHI (20)
[2018.06.03-14.17.46:203][740]LogModuleManager: Shutting down and abandoning module AnimGraphRuntime (18)
[2018.06.03-14.17.46:203][740]LogModuleManager: Shutting down and abandoning module Renderer (16)
[2018.06.03-14.17.46:203][740]LogModuleManager: Shutting down and abandoning module Engine (14)
[2018.06.03-14.17.46:203][740]LogModuleManager: Shutting down and abandoning module CoreUObject (12)
[2018.06.03-14.17.46:203][740]LogModuleManager: Shutting down and abandoning module NetworkFile (10)
[2018.06.03-14.17.46:203][740]LogModuleManager: Shutting down and abandoning module CookedIterativeFile (8)
[2018.06.03-14.17.46:203][740]LogModuleManager: Shutting down and abandoning module StreamingFile (6)
[2018.06.03-14.17.46:203][740]LogModuleManager: Shutting down and abandoning module SandboxFile (4)
[2018.06.03-14.17.46:203][740]LogModuleManager: Shutting down and abandoning module PakFile (2)
[2018.06.03-14.17.46:205][740]LogExit: Exiting.
[2018.06.03-14.17.46:214][740]Log file closed, 06/03/18 16:17:46
